[ 2014-05-16T14:20:37+08:00 ] ::1 /jiayi/index.php/Home/Admin/schoollist
INFO: [ app_init ] --START--
INFO: Run Behavior\BuildLiteBehavior [ RunTime:0.000047s ]
INFO: [ app_init ] --END-- [ RunTime:0.004089s ]
INFO: [ app_begin ] --START--
INFO: Run Behavior\ReadHtmlCacheBehavior [ RunTime:0.001807s ]
INFO: [ app_begin ] --END-- [ RunTime:0.002007s ]
INFO: [ view_parse ] --START--
INFO: [ template_filter ] --START--
INFO: Run Behavior\ContentReplaceBehavior [ RunTime:0.000164s ]
INFO: [ template_filter ] --END-- [ RunTime:0.000327s ]
INFO: Run Behavior\ParseTemplateBehavior [ RunTime:0.028937s ]
INFO: [ view_parse ] --END-- [ RunTime:0.029134s ]
INFO: [ view_filter ] --START--
INFO: Run Behavior\WriteHtmlCacheBehavior [ RunTime:0.000748s ]
INFO: [ view_filter ] --END-- [ RunTime:0.000883s ]
INFO: [ app_end ] --START--
INFO: Run Behavior\ShowPageTraceBehavior [ RunTime:0.001638s ]
INFO: [ app_end ] --END-- [ RunTime:0.001829s ]

[ 2014-05-16T14:20:43+08:00 ] ::1 /jiayi/index.php/Home/User/buyclass
INFO: [ app_init ] --START--
INFO: Run Behavior\BuildLiteBehavior [ RunTime:0.000023s ]
INFO: [ app_init ] --END-- [ RunTime:0.000553s ]
INFO: [ app_begin ] --START--
INFO: Run Behavior\ReadHtmlCacheBehavior [ RunTime:0.000694s ]
INFO: [ app_begin ] --END-- [ RunTime:0.000771s ]
INFO: [ view_parse ] --START--
INFO: [ template_filter ] --START--
INFO: Run Behavior\ContentReplaceBehavior [ RunTime:0.000143s ]
INFO: [ template_filter ] --END-- [ RunTime:0.000350s ]
INFO: Run Behavior\ParseTemplateBehavior [ RunTime:0.017539s ]
INFO: [ view_parse ] --END-- [ RunTime:0.017705s ]
INFO: [ view_filter ] --START--
INFO: Run Behavior\WriteHtmlCacheBehavior [ RunTime:0.000384s ]
INFO: [ view_filter ] --END-- [ RunTime:0.000486s ]
INFO: [ app_end ] --START--
INFO: Run Behavior\ShowPageTraceBehavior [ RunTime:0.000880s ]
INFO: [ app_end ] --END-- [ RunTime:0.000998s ]

[ 2014-05-16T14:20:55+08:00 ] ::1 /jiayi/index.php/Home/User/login
INFO: [ app_init ] --START--
INFO: Run Behavior\BuildLiteBehavior [ RunTime:0.000051s ]
INFO: [ app_init ] --END-- [ RunTime:0.001516s ]
INFO: [ app_begin ] --START--
INFO: Run Behavior\ReadHtmlCacheBehavior [ RunTime:0.001693s ]
INFO: [ app_begin ] --END-- [ RunTime:0.001881s ]
INFO: [ view_parse ] --START--
INFO: [ template_filter ] --START--
INFO: Run Behavior\ContentReplaceBehavior [ RunTime:0.000111s ]
INFO: [ template_filter ] --END-- [ RunTime:0.000255s ]
INFO: Run Behavior\ParseTemplateBehavior [ RunTime:0.019577s ]
INFO: [ view_parse ] --END-- [ RunTime:0.019773s ]
INFO: [ view_filter ] --START--
INFO: Run Behavior\WriteHtmlCacheBehavior [ RunTime:0.000520s ]
INFO: [ view_filter ] --END-- [ RunTime:0.000615s ]
INFO: [ app_end ] --START--
INFO: Run Behavior\ShowPageTraceBehavior [ RunTime:0.001884s ]
INFO: [ app_end ] --END-- [ RunTime:0.002062s ]

[ 2014-05-16T14:20:55+08:00 ] ::1 /jiayi/index.php/Home/verify/verify
INFO: [ app_init ] --START--
INFO: Run Behavior\BuildLiteBehavior [ RunTime:0.000021s ]
INFO: [ app_init ] --END-- [ RunTime:0.000450s ]
INFO: [ app_begin ] --START--
INFO: Run Behavior\ReadHtmlCacheBehavior [ RunTime:0.000678s ]
INFO: [ app_begin ] --END-- [ RunTime:0.000757s ]
INFO: [ app_end ] --START--
INFO: Run Behavior\ShowPageTraceBehavior [ RunTime:0.000700s ]
INFO: [ app_end ] --END-- [ RunTime:0.000824s ]

[ 2014-05-16T14:21:12+08:00 ] ::1 /jiayi/index.php/Home/verify/verify/1400221272570
INFO: [ app_init ] --START--
INFO: Run Behavior\BuildLiteBehavior [ RunTime:0.000039s ]
INFO: [ app_init ] --END-- [ RunTime:0.000740s ]
INFO: [ app_begin ] --START--
INFO: Run Behavior\ReadHtmlCacheBehavior [ RunTime:0.000683s ]
INFO: [ app_begin ] --END-- [ RunTime:0.000761s ]
INFO: [ app_end ] --START--
INFO: Run Behavior\ShowPageTraceBehavior [ RunTime:0.001279s ]
INFO: [ app_end ] --END-- [ RunTime:0.001503s ]

[ 2014-05-16T14:21:14+08:00 ] ::1 /jiayi/index.php/Home/verify/verify/1400221274054
INFO: [ app_init ] --START--
INFO: Run Behavior\BuildLiteBehavior [ RunTime:0.000018s ]
INFO: [ app_init ] --END-- [ RunTime:0.000371s ]
INFO: [ app_begin ] --START--
INFO: Run Behavior\ReadHtmlCacheBehavior [ RunTime:0.000474s ]
INFO: [ app_begin ] --END-- [ RunTime:0.000538s ]
INFO: [ app_end ] --START--
INFO: Run Behavior\ShowPageTraceBehavior [ RunTime:0.001138s ]
INFO: [ app_end ] --END-- [ RunTime:0.001304s ]

[ 2014-05-16T14:21:20+08:00 ] ::1 /jiayi/index.php/Home/User/userlogin
INFO: [ app_init ] --START--
INFO: Run Behavior\BuildLiteBehavior [ RunTime:0.000025s ]
INFO: [ app_init ] --END-- [ RunTime:0.000635s ]
INFO: [ app_begin ] --START--
INFO: Run Behavior\ReadHtmlCacheBehavior [ RunTime:0.000628s ]
INFO: [ app_begin ] --END-- [ RunTime:0.000699s ]
NOTIC: [8192] mysql_connect(): The mysql extension is deprecated and will be removed in the future: use mysqli or PDO instead /Applications/MAMP/htdocs/jiayi/ThinkPHP/Library/Think/Db/Driver/Mysql.class.php 第 52 行.
SQL: SHOW COLUMNS FROM `user` [ RunTime:0.019666s ]
SQL: SELECT * FROM `user` WHERE ( username='511912708@qq.com' and password='85bf5831e593431e882887e077400b7f' ) LIMIT 1   [ RunTime:0.017688s ]
INFO: [ app_end ] --START--
INFO: Run Behavior\ShowPageTraceBehavior [ RunTime:0.001144s ]
INFO: [ app_end ] --END-- [ RunTime:0.001329s ]

[ 2014-05-16T14:21:20+08:00 ] ::1 /jiayi/index.php/Home/User/index
INFO: [ app_init ] --START--
INFO: Run Behavior\BuildLiteBehavior [ RunTime:0.000022s ]
INFO: [ app_init ] --END-- [ RunTime:0.000506s ]
INFO: [ app_begin ] --START--
INFO: Run Behavior\ReadHtmlCacheBehavior [ RunTime:0.000549s ]
INFO: [ app_begin ] --END-- [ RunTime:0.000618s ]
NOTIC: [8192] mysql_connect(): The mysql extension is deprecated and will be removed in the future: use mysqli or PDO instead /Applications/MAMP/htdocs/jiayi/ThinkPHP/Library/Think/Db/Driver/Mysql.class.php 第 52 行.
SQL: SHOW COLUMNS FROM `achievementlist` [ RunTime:0.001488s ]
SQL: SHOW COLUMNS FROM `articlelist` [ RunTime:0.001318s ]
SQL: SELECT * FROM `achievementlist` WHERE ( username='511912708@qq.com' )  [ RunTime:0.000752s ]
SQL: SELECT `title`,`id`,`time` FROM `articlelist` WHERE ( type='公告' ) ORDER BY time desc LIMIT 11   [ RunTime:0.001080s ]
INFO: [ view_parse ] --START--
INFO: [ template_filter ] --START--
INFO: Run Behavior\ContentReplaceBehavior [ RunTime:0.000076s ]
INFO: [ template_filter ] --END-- [ RunTime:0.000159s ]
INFO: Run Behavior\ParseTemplateBehavior [ RunTime:0.037747s ]
INFO: [ view_parse ] --END-- [ RunTime:0.038062s ]
INFO: [ view_filter ] --START--
INFO: Run Behavior\WriteHtmlCacheBehavior [ RunTime:0.000534s ]
INFO: [ view_filter ] --END-- [ RunTime:0.000693s ]
INFO: [ app_end ] --START--
INFO: Run Behavior\ShowPageTraceBehavior [ RunTime:0.001242s ]
INFO: [ app_end ] --END-- [ RunTime:0.001405s ]

[ 2014-05-16T14:21:51+08:00 ] ::1 /jiayi/index.php/Home/User/buyclass
INFO: [ app_init ] --START--
INFO: Run Behavior\BuildLiteBehavior [ RunTime:0.000024s ]
INFO: [ app_init ] --END-- [ RunTime:0.000567s ]
INFO: [ app_begin ] --START--
INFO: Run Behavior\ReadHtmlCacheBehavior [ RunTime:0.000689s ]
INFO: [ app_begin ] --END-- [ RunTime:0.000765s ]
NOTIC: [8192] mysql_connect(): The mysql extension is deprecated and will be removed in the future: use mysqli or PDO instead /Applications/MAMP/htdocs/jiayi/ThinkPHP/Library/Think/Db/Driver/Mysql.class.php 第 52 行.
SQL: SHOW COLUMNS FROM `goodslist` [ RunTime:0.001223s ]
SQL: SELECT * FROM `goodslist` WHERE ( classorcompetition='class' and name like '%%' ) LIMIT 0,15   [ RunTime:0.000454s ]
SQL: SELECT COUNT(*) AS tp_count FROM `goodslist` WHERE ( classorcompetition='class' and name like '%%' ) LIMIT 1   [ RunTime:0.001519s ]
INFO: [ view_parse ] --START--
INFO: [ template_filter ] --START--
INFO: Run Behavior\ContentReplaceBehavior [ RunTime:0.000170s ]
INFO: [ template_filter ] --END-- [ RunTime:0.000330s ]
INFO: Run Behavior\ParseTemplateBehavior [ RunTime:0.021088s ]
INFO: [ view_parse ] --END-- [ RunTime:0.021357s ]
INFO: [ view_filter ] --START--
INFO: Run Behavior\WriteHtmlCacheBehavior [ RunTime:0.000534s ]
INFO: [ view_filter ] --END-- [ RunTime:0.000697s ]
INFO: [ app_end ] --START--
INFO: Run Behavior\ShowPageTraceBehavior [ RunTime:0.001628s ]
INFO: [ app_end ] --END-- [ RunTime:0.001872s ]

[ 2014-05-16T14:21:56+08:00 ] ::1 /jiayi/index.php/Home/User/downloadtest
INFO: [ app_init ] --START--
INFO: Run Behavior\BuildLiteBehavior [ RunTime:0.000018s ]
INFO: [ app_init ] --END-- [ RunTime:0.000378s ]
INFO: [ app_begin ] --START--
INFO: Run Behavior\ReadHtmlCacheBehavior [ RunTime:0.000477s ]
INFO: [ app_begin ] --END-- [ RunTime:0.000541s ]
NOTIC: [8192] mysql_connect(): The mysql extension is deprecated and will be removed in the future: use mysqli or PDO instead /Applications/MAMP/htdocs/jiayi/ThinkPHP/Library/Think/Db/Driver/Mysql.class.php 第 52 行.
SQL: SHOW COLUMNS FROM `testlist` [ RunTime:0.001067s ]
SQL: SELECT * FROM `testlist` WHERE ( testname like '%%' ) ORDER BY time desc LIMIT 0,15   [ RunTime:0.000306s ]
SQL: SELECT COUNT(*) AS tp_count FROM `testlist` WHERE ( testname like '%%' ) LIMIT 1   [ RunTime:0.000158s ]
INFO: [ view_parse ] --START--
INFO: [ template_filter ] --START--
INFO: Run Behavior\ContentReplaceBehavior [ RunTime:0.000067s ]
INFO: [ template_filter ] --END-- [ RunTime:0.000143s ]
INFO: Run Behavior\ParseTemplateBehavior [ RunTime:0.016789s ]
INFO: [ view_parse ] --END-- [ RunTime:0.016994s ]
INFO: [ view_filter ] --START--
INFO: Run Behavior\WriteHtmlCacheBehavior [ RunTime:0.000285s ]
INFO: [ view_filter ] --END-- [ RunTime:0.000380s ]
INFO: [ app_end ] --START--
INFO: Run Behavior\ShowPageTraceBehavior [ RunTime:0.000804s ]
INFO: [ app_end ] --END-- [ RunTime:0.000900s ]

[ 2014-05-16T14:21:58+08:00 ] ::1 /jiayi/index.php/Home/User/buyclass
INFO: [ app_init ] --START--
INFO: Run Behavior\BuildLiteBehavior [ RunTime:0.000018s ]
INFO: [ app_init ] --END-- [ RunTime:0.000376s ]
INFO: [ app_begin ] --START--
INFO: Run Behavior\ReadHtmlCacheBehavior [ RunTime:0.000481s ]
INFO: [ app_begin ] --END-- [ RunTime:0.000545s ]
NOTIC: [8192] mysql_connect(): The mysql extension is deprecated and will be removed in the future: use mysqli or PDO instead /Applications/MAMP/htdocs/jiayi/ThinkPHP/Library/Think/Db/Driver/Mysql.class.php 第 52 行.
SQL: SHOW COLUMNS FROM `goodslist` [ RunTime:0.001378s ]
SQL: SELECT * FROM `goodslist` WHERE ( classorcompetition='class' and name like '%%' ) LIMIT 0,15   [ RunTime:0.000324s ]
SQL: SELECT COUNT(*) AS tp_count FROM `goodslist` WHERE ( classorcompetition='class' and name like '%%' ) LIMIT 1   [ RunTime:0.000239s ]
INFO: [ view_parse ] --START--
INFO: [ template_filter ] --START--
INFO: Run Behavior\ContentReplaceBehavior [ RunTime:0.000125s ]
INFO: [ template_filter ] --END-- [ RunTime:0.000266s ]
INFO: Run Behavior\ParseTemplateBehavior [ RunTime:0.015464s ]
INFO: [ view_parse ] --END-- [ RunTime:0.015582s ]
INFO: [ view_filter ] --START--
INFO: Run Behavior\WriteHtmlCacheBehavior [ RunTime:0.000273s ]
INFO: [ view_filter ] --END-- [ RunTime:0.000384s ]
INFO: [ app_end ] --START--
INFO: Run Behavior\ShowPageTraceBehavior [ RunTime:0.000859s ]
INFO: [ app_end ] --END-- [ RunTime:0.000954s ]

[ 2014-05-16T14:22:12+08:00 ] ::1 /jiayi/index.php/Home
INFO: [ app_init ] --START--
INFO: Run Behavior\BuildLiteBehavior [ RunTime:0.000024s ]
INFO: [ app_init ] --END-- [ RunTime:0.000593s ]
INFO: [ app_begin ] --START--
INFO: Run Behavior\ReadHtmlCacheBehavior [ RunTime:0.000625s ]
INFO: [ app_begin ] --END-- [ RunTime:0.000702s ]
NOTIC: [8192] mysql_connect(): The mysql extension is deprecated and will be removed in the future: use mysqli or PDO instead /Applications/MAMP/htdocs/jiayi/ThinkPHP/Library/Think/Db/Driver/Mysql.class.php 第 52 行.
SQL: SHOW COLUMNS FROM `set` [ RunTime:0.001554s ]
SQL: SELECT * FROM `set` WHERE ( name='photo1' ) LIMIT 1   [ RunTime:0.000360s ]
SQL: SELECT * FROM `set` WHERE ( name='photo2' ) LIMIT 1   [ RunTime:0.000145s ]
SQL: SELECT * FROM `set` WHERE ( name='photo3' ) LIMIT 1   [ RunTime:0.000167s ]
SQL: SELECT * FROM `set` WHERE ( name='photo4' ) LIMIT 1   [ RunTime:0.000154s ]
SQL: SELECT * FROM `set` WHERE ( name='photo5' ) LIMIT 1   [ RunTime:0.000152s ]
SQL: SHOW COLUMNS FROM `schoollist` [ RunTime:0.001201s ]
SQL: SELECT `depname` FROM `schoollist` GROUP BY depname  [ RunTime:0.001433s ]
SQL: SELECT COUNT(*) AS tp_count FROM `schoollist` GROUP BY depname LIMIT 1   [ RunTime:0.000290s ]
SQL: SELECT * FROM `schoollist`  [ RunTime:0.000193s ]
SQL: SELECT COUNT(*) AS tp_count FROM `schoollist` LIMIT 1   [ RunTime:0.000162s ]
SQL: SELECT * FROM `set` WHERE ( name='flink' )  [ RunTime:0.000224s ]
SQL: SHOW COLUMNS FROM `articlelist` [ RunTime:0.001425s ]
SQL: SELECT `title`,`id` FROM `articlelist` WHERE ( type='公告' ) ORDER BY time desc LIMIT 4   [ RunTime:0.000337s ]
SQL: SELECT `title`,`id`,`time` FROM `articlelist` WHERE ( type='嘉一新闻' ) ORDER BY time desc LIMIT 6   [ RunTime:0.000208s ]
SQL: SELECT `title`,`id`,`photo`,`sct` FROM `articlelist` WHERE ( id='1000030' ) LIMIT 1   [ RunTime:0.002337s ]
SQL: SELECT `title`,`id`,`time` FROM `articlelist` WHERE ( type='嘉一动态' ) ORDER BY time desc LIMIT 6   [ RunTime:0.000564s ]
SQL: SELECT `title`,`id`,`photo`,`sct` FROM `articlelist` WHERE ( id='1000036' ) LIMIT 1   [ RunTime:0.000181s ]
SQL: SELECT `photo`,`id`,`title` FROM `articlelist` WHERE ( type='学员风采' ) ORDER BY rand() LIMIT 7   [ RunTime:0.005186s ]
INFO: [ view_parse ] --START--
INFO: [ template_filter ] --START--
INFO: Run Behavior\ContentReplaceBehavior [ RunTime:0.000135s ]
INFO: [ template_filter ] --END-- [ RunTime:0.000218s ]
NOTIC: [8] Undefined index: name /Applications/MAMP/htdocs/jiayi/Application/Runtime/Cache/Home/2a94b8bda04ff446dcedd42276fc99ee.php 第 235 行.
NOTIC: [8] Undefined index: name /Applications/MAMP/htdocs/jiayi/Application/Runtime/Cache/Home/2a94b8bda04ff446dcedd42276fc99ee.php 第 235 行.
NOTIC: [8] Undefined index: name /Applications/MAMP/htdocs/jiayi/Application/Runtime/Cache/Home/2a94b8bda04ff446dcedd42276fc99ee.php 第 235 行.
NOTIC: [8] Undefined index: name /Applications/MAMP/htdocs/jiayi/Application/Runtime/Cache/Home/2a94b8bda04ff446dcedd42276fc99ee.php 第 235 行.
NOTIC: [8] Undefined index: name /Applications/MAMP/htdocs/jiayi/Application/Runtime/Cache/Home/2a94b8bda04ff446dcedd42276fc99ee.php 第 235 行.
INFO: Run Behavior\ParseTemplateBehavior [ RunTime:0.039582s ]
INFO: [ view_parse ] --END-- [ RunTime:0.039721s ]
INFO: [ view_filter ] --START--
INFO: Run Behavior\WriteHtmlCacheBehavior [ RunTime:0.000248s ]
INFO: [ view_filter ] --END-- [ RunTime:0.000322s ]
INFO: [ app_end ] --START--
INFO: Run Behavior\ShowPageTraceBehavior [ RunTime:0.000772s ]
INFO: [ app_end ] --END-- [ RunTime:0.000862s ]

[ 2014-05-16T14:22:19+08:00 ] ::1 /jiayi/index.php/Home/Index/school
INFO: [ app_init ] --START--
INFO: Run Behavior\BuildLiteBehavior [ RunTime:0.000022s ]
INFO: [ app_init ] --END-- [ RunTime:0.000442s ]
INFO: [ app_begin ] --START--
INFO: Run Behavior\ReadHtmlCacheBehavior [ RunTime:0.000588s ]
INFO: [ app_begin ] --END-- [ RunTime:0.000700s ]
NOTIC: [8192] mysql_connect(): The mysql extension is deprecated and will be removed in the future: use mysqli or PDO instead /Applications/MAMP/htdocs/jiayi/ThinkPHP/Library/Think/Db/Driver/Mysql.class.php 第 52 行.
SQL: SHOW COLUMNS FROM `schoollist` [ RunTime:0.009552s ]
SQL: SELECT `schoolname`,`articleid`,`photo` FROM `schoollist`  [ RunTime:0.000288s ]
SQL: SELECT `photo`,`schoolname`,`articleid` FROM `schoollist` ORDER BY time desc LIMIT 4   [ RunTime:0.000341s ]
INFO: [ view_parse ] --START--
INFO: [ template_filter ] --START--
INFO: Run Behavior\ContentReplaceBehavior [ RunTime:0.000095s ]
INFO: [ template_filter ] --END-- [ RunTime:0.000175s ]
INFO: Run Behavior\ParseTemplateBehavior [ RunTime:0.025488s ]
INFO: [ view_parse ] --END-- [ RunTime:0.025806s ]
INFO: [ view_filter ] --START--
INFO: Run Behavior\WriteHtmlCacheBehavior [ RunTime:0.001043s ]
INFO: [ view_filter ] --END-- [ RunTime:0.001370s ]
INFO: [ app_end ] --START--
INFO: Run Behavior\ShowPageTraceBehavior [ RunTime:0.002510s ]
INFO: [ app_end ] --END-- [ RunTime:0.002694s ]

[ 2014-05-16T14:22:23+08:00 ] ::1 /jiayi/index.php/Home/Index/schoollist/articleid/1000011
INFO: [ app_init ] --START--
INFO: Run Behavior\BuildLiteBehavior [ RunTime:0.000017s ]
INFO: [ app_init ] --END-- [ RunTime:0.000371s ]
INFO: [ app_begin ] --START--
INFO: Run Behavior\ReadHtmlCacheBehavior [ RunTime:0.000919s ]
INFO: [ app_begin ] --END-- [ RunTime:0.001044s ]
NOTIC: [8192] mysql_connect(): The mysql extension is deprecated and will be removed in the future: use mysqli or PDO instead /Applications/MAMP/htdocs/jiayi/ThinkPHP/Library/Think/Db/Driver/Mysql.class.php 第 52 行.
SQL: SHOW COLUMNS FROM `articlelist` [ RunTime:0.001085s ]
SQL: SELECT * FROM `articlelist` WHERE ( id='1000011' ) LIMIT 1   [ RunTime:0.000253s ]
SQL: SHOW COLUMNS FROM `schoollist` [ RunTime:0.001017s ]
SQL: SELECT `schoolname`,`articleid`,`photo` FROM `schoollist`  [ RunTime:0.000559s ]
INFO: [ view_parse ] --START--
INFO: [ template_filter ] --START--
INFO: Run Behavior\ContentReplaceBehavior [ RunTime:0.000078s ]
INFO: [ template_filter ] --END-- [ RunTime:0.000191s ]
INFO: Run Behavior\ParseTemplateBehavior [ RunTime:0.019721s ]
INFO: [ view_parse ] --END-- [ RunTime:0.019875s ]
INFO: [ view_filter ] --START--
INFO: Run Behavior\WriteHtmlCacheBehavior [ RunTime:0.000198s ]
INFO: [ view_filter ] --END-- [ RunTime:0.000275s ]
INFO: [ app_end ] --START--
INFO: Run Behavior\ShowPageTraceBehavior [ RunTime:0.000731s ]
INFO: [ app_end ] --END-- [ RunTime:0.000811s ]

[ 2014-05-16T14:22:24+08:00 ] ::1 /jiayi/index.php/Home/Index/schoollist/articleid/1000011
INFO: [ app_init ] --START--
INFO: Run Behavior\BuildLiteBehavior [ RunTime:0.000019s ]
INFO: [ app_init ] --END-- [ RunTime:0.000376s ]
INFO: [ app_begin ] --START--
INFO: Run Behavior\ReadHtmlCacheBehavior [ RunTime:0.000482s ]
INFO: [ app_begin ] --END-- [ RunTime:0.000544s ]
NOTIC: [8192] mysql_connect(): The mysql extension is deprecated and will be removed in the future: use mysqli or PDO instead /Applications/MAMP/htdocs/jiayi/ThinkPHP/Library/Think/Db/Driver/Mysql.class.php 第 52 行.
SQL: SHOW COLUMNS FROM `articlelist` [ RunTime:0.009399s ]
SQL: SELECT * FROM `articlelist` WHERE ( id='1000011' ) LIMIT 1   [ RunTime:0.000362s ]
SQL: SHOW COLUMNS FROM `schoollist` [ RunTime:0.001595s ]
SQL: SELECT `schoolname`,`articleid`,`photo` FROM `schoollist`  [ RunTime:0.000231s ]
INFO: [ view_parse ] --START--
INFO: [ template_filter ] --START--
INFO: Run Behavior\ContentReplaceBehavior [ RunTime:0.000061s ]
INFO: [ template_filter ] --END-- [ RunTime:0.000138s ]
INFO: Run Behavior\ParseTemplateBehavior [ RunTime:0.012124s ]
INFO: [ view_parse ] --END-- [ RunTime:0.012207s ]
INFO: [ view_filter ] --START--
INFO: Run Behavior\WriteHtmlCacheBehavior [ RunTime:0.000142s ]
INFO: [ view_filter ] --END-- [ RunTime:0.000195s ]
INFO: [ app_end ] --START--
INFO: Run Behavior\ShowPageTraceBehavior [ RunTime:0.000528s ]
INFO: [ app_end ] --END-- [ RunTime:0.000585s ]

[ 2014-05-16T14:22:26+08:00 ] ::1 /jiayi/index.php/Home/Index/schoollist/articleid/1000011
INFO: [ app_init ] --START--
INFO: Run Behavior\BuildLiteBehavior [ RunTime:0.000020s ]
INFO: [ app_init ] --END-- [ RunTime:0.000426s ]
INFO: [ app_begin ] --START--
INFO: Run Behavior\ReadHtmlCacheBehavior [ RunTime:0.000579s ]
INFO: [ app_begin ] --END-- [ RunTime:0.000659s ]
NOTIC: [8192] mysql_connect(): The mysql extension is deprecated and will be removed in the future: use mysqli or PDO instead /Applications/MAMP/htdocs/jiayi/ThinkPHP/Library/Think/Db/Driver/Mysql.class.php 第 52 行.
SQL: SHOW COLUMNS FROM `articlelist` [ RunTime:0.009079s ]
SQL: SELECT * FROM `articlelist` WHERE ( id='1000011' ) LIMIT 1   [ RunTime:0.000315s ]
SQL: SHOW COLUMNS FROM `schoollist` [ RunTime:0.001417s ]
SQL: SELECT `schoolname`,`articleid`,`photo` FROM `schoollist`  [ RunTime:0.000204s ]
INFO: [ view_parse ] --START--
INFO: [ template_filter ] --START--
INFO: Run Behavior\ContentReplaceBehavior [ RunTime:0.000137s ]
INFO: [ template_filter ] --END-- [ RunTime:0.000258s ]
INFO: Run Behavior\ParseTemplateBehavior [ RunTime:0.011368s ]
INFO: [ view_parse ] --END-- [ RunTime:0.011479s ]
INFO: [ view_filter ] --START--
INFO: Run Behavior\WriteHtmlCacheBehavior [ RunTime:0.000263s ]
INFO: [ view_filter ] --END-- [ RunTime:0.000366s ]
INFO: [ app_end ] --START--
INFO: Run Behavior\ShowPageTraceBehavior [ RunTime:0.001028s ]
INFO: [ app_end ] --END-- [ RunTime:0.001142s ]

[ 2014-05-16T14:22:27+08:00 ] ::1 /jiayi/index.php/Home/Index/newscenter
INFO: [ app_init ] --START--
INFO: Run Behavior\BuildLiteBehavior [ RunTime:0.000017s ]
INFO: [ app_init ] --END-- [ RunTime:0.000373s ]
INFO: [ app_begin ] --START--
INFO: Run Behavior\ReadHtmlCacheBehavior [ RunTime:0.000474s ]
INFO: [ app_begin ] --END-- [ RunTime:0.000538s ]
NOTIC: [8192] mysql_connect(): The mysql extension is deprecated and will be removed in the future: use mysqli or PDO instead /Applications/MAMP/htdocs/jiayi/ThinkPHP/Library/Think/Db/Driver/Mysql.class.php 第 52 行.
SQL: SHOW COLUMNS FROM `articlelist` [ RunTime:0.001009s ]
SQL: SELECT `photo`,`id` FROM `articlelist` WHERE ( type='专题策划' ) ORDER BY time desc LIMIT 5   [ RunTime:0.000285s ]
SQL: SELECT `title`,`id`,`time` FROM `articlelist` WHERE ( type='嘉一新闻' ) ORDER BY time desc LIMIT 6   [ RunTime:0.000204s ]
SQL: SELECT `title`,`id`,`photo`,`sct` FROM `articlelist` WHERE ( id='1000030' ) LIMIT 1   [ RunTime:0.000149s ]
SQL: SELECT `title`,`id`,`time` FROM `articlelist` WHERE ( type='嘉一动态' ) ORDER BY time desc LIMIT 6   [ RunTime:0.000163s ]
SQL: SELECT `title`,`id`,`photo`,`sct` FROM `articlelist` WHERE ( id='1000036' ) LIMIT 1   [ RunTime:0.000151s ]
SQL: SELECT `title`,`id`,`time`,`sct` FROM `articlelist` WHERE ( type='学员风采' ) ORDER BY time desc LIMIT 6   [ RunTime:0.000214s ]
SQL: SELECT `title`,`id`,`photo`,`sct` FROM `articlelist` WHERE ( id='1000043' ) LIMIT 1   [ RunTime:0.000178s ]
SQL: SELECT `title`,`id`,`time`,`sct` FROM `articlelist` WHERE ( type='教师风采' ) ORDER BY time desc LIMIT 6   [ RunTime:0.000243s ]
SQL: SELECT `title`,`id`,`photo`,`sct` FROM `articlelist` WHERE ( id='1000020' ) LIMIT 1   [ RunTime:0.000177s ]
SQL: SELECT `title`,`id`,`time`,`sct` FROM `articlelist` WHERE ( type='公告' ) ORDER BY time desc LIMIT 7   [ RunTime:0.000205s ]
SQL: SELECT `title`,`id`,`photo`,`sct` FROM `articlelist` WHERE ( id='1000047' ) LIMIT 1   [ RunTime:0.000153s ]
SQL: SHOW COLUMNS FROM `set` [ RunTime:0.001186s ]
SQL: SELECT * FROM `set` WHERE ( name='photo1' ) LIMIT 1   [ RunTime:0.000210s ]
SQL: SELECT * FROM `set` WHERE ( name='photo2' ) LIMIT 1   [ RunTime:0.000191s ]
SQL: SELECT * FROM `set` WHERE ( name='photo3' ) LIMIT 1   [ RunTime:0.000149s ]
SQL: SELECT * FROM `set` WHERE ( name='photo4' ) LIMIT 1   [ RunTime:0.000155s ]
SQL: SELECT * FROM `set` WHERE ( name='photo5' ) LIMIT 1   [ RunTime:0.000152s ]
INFO: [ view_parse ] --START--
INFO: [ template_filter ] --START--
INFO: Run Behavior\ContentReplaceBehavior [ RunTime:0.000121s ]
INFO: [ template_filter ] --END-- [ RunTime:0.000217s ]
INFO: Run Behavior\ParseTemplateBehavior [ RunTime:0.035301s ]
INFO: [ view_parse ] --END-- [ RunTime:0.035402s ]
INFO: [ view_filter ] --START--
INFO: Run Behavior\WriteHtmlCacheBehavior [ RunTime:0.000213s ]
INFO: [ view_filter ] --END-- [ RunTime:0.000288s ]
INFO: [ app_end ] --START--
INFO: Run Behavior\ShowPageTraceBehavior [ RunTime:0.001039s ]
INFO: [ app_end ] --END-- [ RunTime:0.001164s ]

[ 2014-05-16T14:23:48+08:00 ] ::1 /jiayi/index.php/Home/User/usercenter
INFO: [ app_init ] --START--
INFO: Run Behavior\BuildLiteBehavior [ RunTime:0.000028s ]
INFO: [ app_init ] --END-- [ RunTime:0.001080s ]
INFO: [ app_begin ] --START--
INFO: Run Behavior\ReadHtmlCacheBehavior [ RunTime:0.001035s ]
INFO: [ app_begin ] --END-- [ RunTime:0.001148s ]
NOTIC: [8192] mysql_connect(): The mysql extension is deprecated and will be removed in the future: use mysqli or PDO instead /Applications/MAMP/htdocs/jiayi/ThinkPHP/Library/Think/Db/Driver/Mysql.class.php 第 52 行.
SQL: SHOW COLUMNS FROM `user` [ RunTime:0.002005s ]
SQL: SELECT * FROM `user` WHERE ( username='511912708@qq.com' ) LIMIT 1   [ RunTime:0.000312s ]
INFO: [ view_parse ] --START--
INFO: [ template_filter ] --START--
INFO: Run Behavior\ContentReplaceBehavior [ RunTime:0.000086s ]
INFO: [ template_filter ] --END-- [ RunTime:0.000188s ]
INFO: Run Behavior\ParseTemplateBehavior [ RunTime:0.020373s ]
INFO: [ view_parse ] --END-- [ RunTime:0.020493s ]
INFO: [ view_filter ] --START--
INFO: Run Behavior\WriteHtmlCacheBehavior [ RunTime:0.000560s ]
INFO: [ view_filter ] --END-- [ RunTime:0.000676s ]
INFO: [ app_end ] --START--
INFO: Run Behavior\ShowPageTraceBehavior [ RunTime:0.001283s ]
INFO: [ app_end ] --END-- [ RunTime:0.001387s ]

[ 2014-05-16T14:23:56+08:00 ] ::1 /jiayi/index.php/Home/User/changeinfo
INFO: [ app_init ] --START--
INFO: Run Behavior\BuildLiteBehavior [ RunTime:0.000025s ]
INFO: [ app_init ] --END-- [ RunTime:0.000606s ]
INFO: [ app_begin ] --START--
INFO: Run Behavior\ReadHtmlCacheBehavior [ RunTime:0.000667s ]
INFO: [ app_begin ] --END-- [ RunTime:0.000755s ]
NOTIC: [8192] mysql_connect(): The mysql extension is deprecated and will be removed in the future: use mysqli or PDO instead /Applications/MAMP/htdocs/jiayi/ThinkPHP/Library/Think/Db/Driver/Mysql.class.php 第 52 行.
SQL: SHOW COLUMNS FROM `user` [ RunTime:0.009787s ]
SQL: SELECT * FROM `user` WHERE ( username='511912708@qq.com' ) LIMIT 1   [ RunTime:0.000698s ]
INFO: [ view_parse ] --START--
INFO: [ template_filter ] --START--
INFO: Run Behavior\ContentReplaceBehavior [ RunTime:0.000061s ]
INFO: [ template_filter ] --END-- [ RunTime:0.000136s ]
INFO: Run Behavior\ParseTemplateBehavior [ RunTime:0.017877s ]
INFO: [ view_parse ] --END-- [ RunTime:0.018028s ]
INFO: [ view_filter ] --START--
INFO: Run Behavior\WriteHtmlCacheBehavior [ RunTime:0.000171s ]
INFO: [ view_filter ] --END-- [ RunTime:0.000298s ]
INFO: [ app_end ] --START--
INFO: Run Behavior\ShowPageTraceBehavior [ RunTime:0.000823s ]
INFO: [ app_end ] --END-- [ RunTime:0.000926s ]

