[ 2014-04-30T15:06:00+08:00 ] ::1 /jiayi/Home/admin/index
INFO: [ app_init ] --START--
INFO: Run Behavior\BuildLiteBehavior [ RunTime:0.000034s ]
INFO: [ app_init ] --END-- [ RunTime:0.003926s ]
INFO: [ app_begin ] --START--
INFO: Run Behavior\ReadHtmlCacheBehavior [ RunTime:0.001455s ]
INFO: [ app_begin ] --END-- [ RunTime:0.001607s ]
INFO: [ app_end ] --START--
INFO: Run Behavior\ShowPageTraceBehavior [ RunTime:0.001478s ]
INFO: [ app_end ] --END-- [ RunTime:0.001630s ]

[ 2014-04-30T15:06:05+08:00 ] ::1 /jiayi/Home/admin/login
INFO: [ app_init ] --START--
INFO: Run Behavior\BuildLiteBehavior [ RunTime:0.000029s ]
INFO: [ app_init ] --END-- [ RunTime:0.000414s ]
INFO: [ app_begin ] --START--
INFO: Run Behavior\ReadHtmlCacheBehavior [ RunTime:0.000515s ]
INFO: [ app_begin ] --END-- [ RunTime:0.000580s ]
INFO: [ view_parse ] --START--
INFO: [ template_filter ] --START--
INFO: Run Behavior\ContentReplaceBehavior [ RunTime:0.000119s ]
INFO: [ template_filter ] --END-- [ RunTime:0.000290s ]
INFO: Run Behavior\ParseTemplateBehavior [ RunTime:0.033543s ]
INFO: [ view_parse ] --END-- [ RunTime:0.033685s ]
INFO: [ view_filter ] --START--
INFO: Run Behavior\WriteHtmlCacheBehavior [ RunTime:0.000594s ]
INFO: [ view_filter ] --END-- [ RunTime:0.000686s ]
INFO: [ app_end ] --START--
INFO: Run Behavior\ShowPageTraceBehavior [ RunTime:0.000678s ]
INFO: [ app_end ] --END-- [ RunTime:0.000767s ]

[ 2014-04-30T15:06:05+08:00 ] ::1 /jiayi/index.php/Home/verify/verify
INFO: [ app_init ] --START--
INFO: Run Behavior\BuildLiteBehavior [ RunTime:0.000022s ]
INFO: [ app_init ] --END-- [ RunTime:0.000503s ]
INFO: [ app_begin ] --START--
INFO: Run Behavior\ReadHtmlCacheBehavior [ RunTime:0.000828s ]
INFO: [ app_begin ] --END-- [ RunTime:0.000917s ]
INFO: [ app_end ] --START--
INFO: Run Behavior\ShowPageTraceBehavior [ RunTime:0.001177s ]
INFO: [ app_end ] --END-- [ RunTime:0.001347s ]

[ 2014-04-30T15:06:24+08:00 ] ::1 /jiayi/index.php/Home/Admin/adminlogin
INFO: [ app_init ] --START--
INFO: Run Behavior\BuildLiteBehavior [ RunTime:0.000043s ]
INFO: [ app_init ] --END-- [ RunTime:0.002079s ]
INFO: [ app_begin ] --START--
INFO: Run Behavior\ReadHtmlCacheBehavior [ RunTime:0.001179s ]
INFO: [ app_begin ] --END-- [ RunTime:0.001405s ]
INFO: [ app_end ] --START--
INFO: Run Behavior\ShowPageTraceBehavior [ RunTime:0.000918s ]
INFO: [ app_end ] --END-- [ RunTime:0.001090s ]

[ 2014-04-30T15:06:24+08:00 ] ::1 /jiayi/index.php/Home/verify/verify/1398841584892
INFO: [ app_init ] --START--
INFO: Run Behavior\BuildLiteBehavior [ RunTime:0.000055s ]
INFO: [ app_init ] --END-- [ RunTime:0.000990s ]
INFO: [ app_begin ] --START--
INFO: Run Behavior\ReadHtmlCacheBehavior [ RunTime:0.001085s ]
INFO: [ app_begin ] --END-- [ RunTime:0.001266s ]
INFO: [ app_end ] --START--
INFO: Run Behavior\ShowPageTraceBehavior [ RunTime:0.001340s ]
INFO: [ app_end ] --END-- [ RunTime:0.001600s ]

[ 2014-04-30T15:06:31+08:00 ] ::1 /jiayi/index.php/Home/Admin/adminlogin
INFO: [ app_init ] --START--
INFO: Run Behavior\BuildLiteBehavior [ RunTime:0.000051s ]
INFO: [ app_init ] --END-- [ RunTime:0.000773s ]
INFO: [ app_begin ] --START--
INFO: Run Behavior\ReadHtmlCacheBehavior [ RunTime:0.000804s ]
INFO: [ app_begin ] --END-- [ RunTime:0.000931s ]
NOTIC: [8192] mysql_connect(): The mysql extension is deprecated and will be removed in the future: use mysqli or PDO instead /Applications/MAMP/htdocs/jiayi/ThinkPHP/Library/Think/Db/Driver/Mysql.class.php 第 52 行.
SQL: SHOW COLUMNS FROM `set` [ RunTime:0.034416s ]
SQL: SELECT `value` FROM `set` WHERE ( name='adminname' ) LIMIT 1   [ RunTime:0.003284s ]
SQL: SELECT `value` FROM `set` WHERE ( name='adminpassword' ) LIMIT 1   [ RunTime:0.000266s ]
INFO: [ app_end ] --START--
INFO: Run Behavior\ShowPageTraceBehavior [ RunTime:0.000910s ]
INFO: [ app_end ] --END-- [ RunTime:0.000999s ]

[ 2014-04-30T15:06:31+08:00 ] ::1 /jiayi/index.php/Home/Admin/index
INFO: [ app_init ] --START--
INFO: Run Behavior\BuildLiteBehavior [ RunTime:0.000044s ]
INFO: [ app_init ] --END-- [ RunTime:0.000812s ]
INFO: [ app_begin ] --START--
INFO: Run Behavior\ReadHtmlCacheBehavior [ RunTime:0.000623s ]
INFO: [ app_begin ] --END-- [ RunTime:0.000697s ]
NOTIC: [8192] mysql_connect(): The mysql extension is deprecated and will be removed in the future: use mysqli or PDO instead /Applications/MAMP/htdocs/jiayi/ThinkPHP/Library/Think/Db/Driver/Mysql.class.php 第 52 行.
SQL: SHOW COLUMNS FROM `goodslist` [ RunTime:0.004591s ]
SQL: SELECT `name` FROM `goodslist` WHERE ( classorcompetition='class' )  [ RunTime:0.000261s ]
SQL: SHOW COLUMNS FROM `set` [ RunTime:0.001086s ]
SQL: SELECT `value` FROM `set` WHERE ( name='vip' ) LIMIT 1   [ RunTime:0.000223s ]
INFO: [ view_parse ] --START--
INFO: [ template_filter ] --START--
INFO: Run Behavior\ContentReplaceBehavior [ RunTime:0.000105s ]
INFO: [ template_filter ] --END-- [ RunTime:0.000192s ]
INFO: Run Behavior\ParseTemplateBehavior [ RunTime:0.033993s ]
INFO: [ view_parse ] --END-- [ RunTime:0.034129s ]
INFO: [ view_filter ] --START--
INFO: Run Behavior\WriteHtmlCacheBehavior [ RunTime:0.000260s ]
INFO: [ view_filter ] --END-- [ RunTime:0.000353s ]
INFO: [ app_end ] --START--
INFO: Run Behavior\ShowPageTraceBehavior [ RunTime:0.000834s ]
INFO: [ app_end ] --END-- [ RunTime:0.000939s ]

[ 2014-04-30T15:06:34+08:00 ] ::1 /jiayi/index.php/Home/admin/index/type/side3
INFO: [ app_init ] --START--
INFO: Run Behavior\BuildLiteBehavior [ RunTime:0.000115s ]
INFO: [ app_init ] --END-- [ RunTime:0.001549s ]
INFO: [ app_begin ] --START--
INFO: Run Behavior\ReadHtmlCacheBehavior [ RunTime:0.001326s ]
INFO: [ app_begin ] --END-- [ RunTime:0.001593s ]
NOTIC: [8192] mysql_connect(): The mysql extension is deprecated and will be removed in the future: use mysqli or PDO instead /Applications/MAMP/htdocs/jiayi/ThinkPHP/Library/Think/Db/Driver/Mysql.class.php 第 52 行.
SQL: SHOW COLUMNS FROM `goodslist` [ RunTime:0.001206s ]
SQL: SELECT `name` FROM `goodslist` WHERE ( classorcompetition='class' )  [ RunTime:0.000214s ]
SQL: SHOW COLUMNS FROM `set` [ RunTime:0.000915s ]
SQL: SELECT `value` FROM `set` WHERE ( name='vip' ) LIMIT 1   [ RunTime:0.000187s ]
INFO: [ view_parse ] --START--
INFO: [ template_filter ] --START--
INFO: Run Behavior\ContentReplaceBehavior [ RunTime:0.000119s ]
INFO: [ template_filter ] --END-- [ RunTime:0.000213s ]
INFO: Run Behavior\ParseTemplateBehavior [ RunTime:0.022507s ]
INFO: [ view_parse ] --END-- [ RunTime:0.022594s ]
INFO: [ view_filter ] --START--
INFO: Run Behavior\WriteHtmlCacheBehavior [ RunTime:0.000164s ]
INFO: [ view_filter ] --END-- [ RunTime:0.000219s ]
INFO: [ app_end ] --START--
INFO: Run Behavior\ShowPageTraceBehavior [ RunTime:0.000875s ]
INFO: [ app_end ] --END-- [ RunTime:0.000985s ]

[ 2014-04-30T15:07:12+08:00 ] ::1 /jiayi/Home/user/index
INFO: [ app_init ] --START--
INFO: Run Behavior\BuildLiteBehavior [ RunTime:0.000050s ]
INFO: [ app_init ] --END-- [ RunTime:0.001730s ]
INFO: [ app_begin ] --START--
INFO: Run Behavior\ReadHtmlCacheBehavior [ RunTime:0.001391s ]
INFO: [ app_begin ] --END-- [ RunTime:0.001556s ]
INFO: [ app_end ] --START--
INFO: Run Behavior\ShowPageTraceBehavior [ RunTime:0.001371s ]
INFO: [ app_end ] --END-- [ RunTime:0.001529s ]

[ 2014-04-30T15:07:16+08:00 ] ::1 /jiayi/Home/user/login
INFO: [ app_init ] --START--
INFO: Run Behavior\BuildLiteBehavior [ RunTime:0.000070s ]
INFO: [ app_init ] --END-- [ RunTime:0.001259s ]
INFO: [ app_begin ] --START--
INFO: Run Behavior\ReadHtmlCacheBehavior [ RunTime:0.000775s ]
INFO: [ app_begin ] --END-- [ RunTime:0.000938s ]
INFO: [ view_parse ] --START--
INFO: [ template_filter ] --START--
INFO: Run Behavior\ContentReplaceBehavior [ RunTime:0.000097s ]
INFO: [ template_filter ] --END-- [ RunTime:0.000221s ]
INFO: Run Behavior\ParseTemplateBehavior [ RunTime:0.023419s ]
INFO: [ view_parse ] --END-- [ RunTime:0.023601s ]
INFO: [ view_filter ] --START--
INFO: Run Behavior\WriteHtmlCacheBehavior [ RunTime:0.000453s ]
INFO: [ view_filter ] --END-- [ RunTime:0.000540s ]
INFO: [ app_end ] --START--
INFO: Run Behavior\ShowPageTraceBehavior [ RunTime:0.000696s ]
INFO: [ app_end ] --END-- [ RunTime:0.000812s ]

[ 2014-04-30T15:07:16+08:00 ] ::1 /jiayi/index.php/Home/verify/verify
INFO: [ app_init ] --START--
INFO: Run Behavior\BuildLiteBehavior [ RunTime:0.000022s ]
INFO: [ app_init ] --END-- [ RunTime:0.000446s ]
INFO: [ app_begin ] --START--
INFO: Run Behavior\ReadHtmlCacheBehavior [ RunTime:0.000593s ]
INFO: [ app_begin ] --END-- [ RunTime:0.000675s ]
INFO: [ app_end ] --START--
INFO: Run Behavior\ShowPageTraceBehavior [ RunTime:0.000889s ]
INFO: [ app_end ] --END-- [ RunTime:0.001015s ]

[ 2014-04-30T15:07:33+08:00 ] ::1 /jiayi/index.php/Home/User/userlogin
INFO: [ app_init ] --START--
INFO: Run Behavior\BuildLiteBehavior [ RunTime:0.000023s ]
INFO: [ app_init ] --END-- [ RunTime:0.000586s ]
INFO: [ app_begin ] --START--
INFO: Run Behavior\ReadHtmlCacheBehavior [ RunTime:0.000610s ]
INFO: [ app_begin ] --END-- [ RunTime:0.000686s ]
NOTIC: [8192] mysql_connect(): The mysql extension is deprecated and will be removed in the future: use mysqli or PDO instead /Applications/MAMP/htdocs/jiayi/ThinkPHP/Library/Think/Db/Driver/Mysql.class.php 第 52 行.
SQL: SHOW COLUMNS FROM `user` [ RunTime:0.005066s ]
SQL: SELECT * FROM `user` WHERE ( username='511912708@qq.com' and password='85bf5831e593431e882887e077400b7f' ) LIMIT 1   [ RunTime:0.004060s ]
INFO: [ app_end ] --START--
INFO: Run Behavior\ShowPageTraceBehavior [ RunTime:0.001582s ]
INFO: [ app_end ] --END-- [ RunTime:0.001763s ]

[ 2014-04-30T15:07:33+08:00 ] ::1 /jiayi/index.php/Home/User/index
INFO: [ app_init ] --START--
INFO: Run Behavior\BuildLiteBehavior [ RunTime:0.000018s ]
INFO: [ app_init ] --END-- [ RunTime:0.000419s ]
INFO: [ app_begin ] --START--
INFO: Run Behavior\ReadHtmlCacheBehavior [ RunTime:0.000538s ]
INFO: [ app_begin ] --END-- [ RunTime:0.000618s ]
NOTIC: [8192] mysql_connect(): The mysql extension is deprecated and will be removed in the future: use mysqli or PDO instead /Applications/MAMP/htdocs/jiayi/ThinkPHP/Library/Think/Db/Driver/Mysql.class.php 第 52 行.
SQL: SHOW COLUMNS FROM `achievementlist` [ RunTime:0.003174s ]
SQL: SELECT * FROM `achievementlist` WHERE ( username='511912708@qq.com' )  [ RunTime:0.000239s ]
INFO: [ view_parse ] --START--
INFO: [ template_filter ] --START--
INFO: Run Behavior\ContentReplaceBehavior [ RunTime:0.000070s ]
INFO: [ template_filter ] --END-- [ RunTime:0.000181s ]
INFO: Run Behavior\ParseTemplateBehavior [ RunTime:0.017864s ]
INFO: [ view_parse ] --END-- [ RunTime:0.018055s ]
INFO: [ view_filter ] --START--
INFO: Run Behavior\WriteHtmlCacheBehavior [ RunTime:0.000244s ]
INFO: [ view_filter ] --END-- [ RunTime:0.000328s ]
INFO: [ app_end ] --START--
INFO: Run Behavior\ShowPageTraceBehavior [ RunTime:0.000674s ]
INFO: [ app_end ] --END-- [ RunTime:0.000755s ]

[ 2014-04-30T15:13:46+08:00 ] ::1 /jiayi/
INFO: [ app_init ] --START--
INFO: Run Behavior\BuildLiteBehavior [ RunTime:0.000044s ]
INFO: [ app_init ] --END-- [ RunTime:0.001496s ]
INFO: [ app_begin ] --START--
INFO: Run Behavior\ReadHtmlCacheBehavior [ RunTime:0.001224s ]
INFO: [ app_begin ] --END-- [ RunTime:0.001348s ]
NOTIC: [8192] mysql_connect(): The mysql extension is deprecated and will be removed in the future: use mysqli or PDO instead /Applications/MAMP/htdocs/jiayi/ThinkPHP/Library/Think/Db/Driver/Mysql.class.php 第 52 行.
SQL: SHOW COLUMNS FROM `set` [ RunTime:0.004479s ]
ERR: Think\Model:getFiled方法不存在！

[ 2014-04-30T15:13:56+08:00 ] ::1 /jiayi/
INFO: [ app_init ] --START--
INFO: Run Behavior\BuildLiteBehavior [ RunTime:0.000051s ]
INFO: [ app_init ] --END-- [ RunTime:0.000882s ]
INFO: [ app_begin ] --START--
INFO: Run Behavior\ReadHtmlCacheBehavior [ RunTime:0.000710s ]
INFO: [ app_begin ] --END-- [ RunTime:0.000803s ]
NOTIC: [8192] mysql_connect(): The mysql extension is deprecated and will be removed in the future: use mysqli or PDO instead /Applications/MAMP/htdocs/jiayi/ThinkPHP/Library/Think/Db/Driver/Mysql.class.php 第 52 行.
SQL: SHOW COLUMNS FROM `set` [ RunTime:0.001260s ]
SQL: SELECT `value` FROM `set` WHERE ( name='photo0' ) LIMIT 1   [ RunTime:0.000570s ]
SQL: SELECT `value` FROM `set` WHERE ( name='photo1' ) LIMIT 1   [ RunTime:0.001831s ]
SQL: SELECT `value` FROM `set` WHERE ( name='photo2' ) LIMIT 1   [ RunTime:0.000266s ]
SQL: SELECT `value` FROM `set` WHERE ( name='photo3' ) LIMIT 1   [ RunTime:0.000199s ]
SQL: SELECT `value` FROM `set` WHERE ( name='photo4' ) LIMIT 1   [ RunTime:0.000364s ]
INFO: [ view_parse ] --START--
INFO: [ template_filter ] --START--
INFO: Run Behavior\ContentReplaceBehavior [ RunTime:0.000114s ]
INFO: [ template_filter ] --END-- [ RunTime:0.000206s ]
INFO: Run Behavior\ParseTemplateBehavior [ RunTime:0.032201s ]
INFO: [ view_parse ] --END-- [ RunTime:0.032417s ]
INFO: [ view_filter ] --START--
INFO: Run Behavior\WriteHtmlCacheBehavior [ RunTime:0.000653s ]
INFO: [ view_filter ] --END-- [ RunTime:0.000826s ]
NOTIC: [2] Cannot modify header information - headers already sent by (output started at /Applications/MAMP/htdocs/jiayi/ThinkPHP/Common/functions.php:698) /Applications/MAMP/htdocs/jiayi/ThinkPHP/Library/Think/View.class.php 第 91 行.
NOTIC: [2] Cannot modify header information - headers already sent by (output started at /Applications/MAMP/htdocs/jiayi/ThinkPHP/Common/functions.php:698) /Applications/MAMP/htdocs/jiayi/ThinkPHP/Library/Think/View.class.php 第 92 行.
NOTIC: [2] Cannot modify header information - headers already sent by (output started at /Applications/MAMP/htdocs/jiayi/ThinkPHP/Common/functions.php:698) /Applications/MAMP/htdocs/jiayi/ThinkPHP/Library/Think/View.class.php 第 93 行.
INFO: [ app_end ] --START--
INFO: Run Behavior\ShowPageTraceBehavior [ RunTime:0.002044s ]
INFO: [ app_end ] --END-- [ RunTime:0.002235s ]

[ 2014-04-30T15:14:16+08:00 ] ::1 /jiayi/
INFO: [ app_init ] --START--
INFO: Run Behavior\BuildLiteBehavior [ RunTime:0.000030s ]
INFO: [ app_init ] --END-- [ RunTime:0.001049s ]
INFO: [ app_begin ] --START--
INFO: Run Behavior\ReadHtmlCacheBehavior [ RunTime:0.001613s ]
INFO: [ app_begin ] --END-- [ RunTime:0.001830s ]
NOTIC: [8192] mysql_connect(): The mysql extension is deprecated and will be removed in the future: use mysqli or PDO instead /Applications/MAMP/htdocs/jiayi/ThinkPHP/Library/Think/Db/Driver/Mysql.class.php 第 52 行.
SQL: SHOW COLUMNS FROM `set` [ RunTime:0.001438s ]
SQL: SELECT `value` FROM `set` WHERE ( name='photo1' ) LIMIT 1   [ RunTime:0.000439s ]
SQL: SELECT `value` FROM `set` WHERE ( name='photo2' ) LIMIT 1   [ RunTime:0.000306s ]
SQL: SELECT `value` FROM `set` WHERE ( name='photo3' ) LIMIT 1   [ RunTime:0.002199s ]
SQL: SELECT `value` FROM `set` WHERE ( name='photo4' ) LIMIT 1   [ RunTime:0.000407s ]
SQL: SELECT `value` FROM `set` WHERE ( name='photo5' ) LIMIT 1   [ RunTime:0.000193s ]
INFO: [ view_parse ] --START--
INFO: [ template_filter ] --START--
INFO: Run Behavior\ContentReplaceBehavior [ RunTime:0.000233s ]
INFO: [ template_filter ] --END-- [ RunTime:0.000372s ]
INFO: Run Behavior\ParseTemplateBehavior [ RunTime:0.024555s ]
INFO: [ view_parse ] --END-- [ RunTime:0.024668s ]
INFO: [ view_filter ] --START--
INFO: Run Behavior\WriteHtmlCacheBehavior [ RunTime:0.000729s ]
INFO: [ view_filter ] --END-- [ RunTime:0.000814s ]
NOTIC: [2] Cannot modify header information - headers already sent by (output started at /Applications/MAMP/htdocs/jiayi/ThinkPHP/Common/functions.php:698) /Applications/MAMP/htdocs/jiayi/ThinkPHP/Library/Think/View.class.php 第 91 行.
NOTIC: [2] Cannot modify header information - headers already sent by (output started at /Applications/MAMP/htdocs/jiayi/ThinkPHP/Common/functions.php:698) /Applications/MAMP/htdocs/jiayi/ThinkPHP/Library/Think/View.class.php 第 92 行.
NOTIC: [2] Cannot modify header information - headers already sent by (output started at /Applications/MAMP/htdocs/jiayi/ThinkPHP/Common/functions.php:698) /Applications/MAMP/htdocs/jiayi/ThinkPHP/Library/Think/View.class.php 第 93 行.
INFO: [ app_end ] --START--
INFO: Run Behavior\ShowPageTraceBehavior [ RunTime:0.001599s ]
INFO: [ app_end ] --END-- [ RunTime:0.001735s ]

[ 2014-04-30T15:16:44+08:00 ] ::1 /jiayi/
INFO: [ app_init ] --START--
INFO: Run Behavior\BuildLiteBehavior [ RunTime:0.000063s ]
INFO: [ app_init ] --END-- [ RunTime:0.001874s ]
INFO: [ app_begin ] --START--
INFO: Run Behavior\ReadHtmlCacheBehavior [ RunTime:0.001362s ]
INFO: [ app_begin ] --END-- [ RunTime:0.001543s ]
NOTIC: [8192] mysql_connect(): The mysql extension is deprecated and will be removed in the future: use mysqli or PDO instead /Applications/MAMP/htdocs/jiayi/ThinkPHP/Library/Think/Db/Driver/Mysql.class.php 第 52 行.
SQL: SHOW COLUMNS FROM `set` [ RunTime:0.002452s ]
SQL: SELECT `value` FROM `set` WHERE ( name='photo1' ) LIMIT 1   [ RunTime:0.000525s ]
SQL: SELECT `value` FROM `set` WHERE ( name='photo2' ) LIMIT 1   [ RunTime:0.000278s ]
SQL: SELECT `value` FROM `set` WHERE ( name='photo3' ) LIMIT 1   [ RunTime:0.000219s ]
SQL: SELECT `value` FROM `set` WHERE ( name='photo4' ) LIMIT 1   [ RunTime:0.000252s ]
SQL: SELECT `value` FROM `set` WHERE ( name='photo5' ) LIMIT 1   [ RunTime:0.002332s ]
INFO: [ view_parse ] --START--
INFO: [ template_filter ] --START--
INFO: Run Behavior\ContentReplaceBehavior [ RunTime:0.000146s ]
INFO: [ template_filter ] --END-- [ RunTime:0.000238s ]
INFO: Run Behavior\ParseTemplateBehavior [ RunTime:0.033666s ]
INFO: [ view_parse ] --END-- [ RunTime:0.033825s ]
INFO: [ view_filter ] --START--
INFO: Run Behavior\WriteHtmlCacheBehavior [ RunTime:0.000603s ]
INFO: [ view_filter ] --END-- [ RunTime:0.000692s ]
INFO: [ app_end ] --START--
INFO: Run Behavior\ShowPageTraceBehavior [ RunTime:0.001596s ]
INFO: [ app_end ] --END-- [ RunTime:0.001731s ]

[ 2014-04-30T15:17:48+08:00 ] ::1 /jiayi/
INFO: [ app_init ] --START--
INFO: Run Behavior\BuildLiteBehavior [ RunTime:0.000036s ]
INFO: [ app_init ] --END-- [ RunTime:0.001073s ]
INFO: [ app_begin ] --START--
INFO: Run Behavior\ReadHtmlCacheBehavior [ RunTime:0.001618s ]
INFO: [ app_begin ] --END-- [ RunTime:0.001917s ]
NOTIC: [8192] mysql_connect(): The mysql extension is deprecated and will be removed in the future: use mysqli or PDO instead /Applications/MAMP/htdocs/jiayi/ThinkPHP/Library/Think/Db/Driver/Mysql.class.php 第 52 行.
SQL: SHOW COLUMNS FROM `set` [ RunTime:0.003428s ]
SQL: SELECT `value` FROM `set` WHERE ( name='photo1' ) LIMIT 1   [ RunTime:0.000335s ]
SQL: SELECT `value` FROM `set` WHERE ( name='photo2' ) LIMIT 1   [ RunTime:0.000340s ]
SQL: SELECT `value` FROM `set` WHERE ( name='photo3' ) LIMIT 1   [ RunTime:0.000311s ]
SQL: SELECT `value` FROM `set` WHERE ( name='photo4' ) LIMIT 1   [ RunTime:0.000225s ]
SQL: SELECT `value` FROM `set` WHERE ( name='photo5' ) LIMIT 1   [ RunTime:0.000160s ]
INFO: [ view_parse ] --START--
INFO: [ template_filter ] --START--
INFO: Run Behavior\ContentReplaceBehavior [ RunTime:0.000190s ]
INFO: [ template_filter ] --END-- [ RunTime:0.000288s ]
INFO: Run Behavior\ParseTemplateBehavior [ RunTime:0.026126s ]
INFO: [ view_parse ] --END-- [ RunTime:0.026313s ]
INFO: [ view_filter ] --START--
INFO: Run Behavior\WriteHtmlCacheBehavior [ RunTime:0.000645s ]
INFO: [ view_filter ] --END-- [ RunTime:0.000767s ]
INFO: [ app_end ] --START--
INFO: Run Behavior\ShowPageTraceBehavior [ RunTime:0.001256s ]
INFO: [ app_end ] --END-- [ RunTime:0.001388s ]

[ 2014-04-30T15:18:06+08:00 ] ::1 /jiayi/
INFO: [ app_init ] --START--
INFO: Run Behavior\BuildLiteBehavior [ RunTime:0.000033s ]
INFO: [ app_init ] --END-- [ RunTime:0.001070s ]
INFO: [ app_begin ] --START--
INFO: Run Behavior\ReadHtmlCacheBehavior [ RunTime:0.001585s ]
INFO: [ app_begin ] --END-- [ RunTime:0.001744s ]
NOTIC: [8192] mysql_connect(): The mysql extension is deprecated and will be removed in the future: use mysqli or PDO instead /Applications/MAMP/htdocs/jiayi/ThinkPHP/Library/Think/Db/Driver/Mysql.class.php 第 52 行.
SQL: SHOW COLUMNS FROM `set` [ RunTime:0.001186s ]
SQL: SELECT `value` FROM `set` WHERE ( name='photo1' ) LIMIT 1   [ RunTime:0.000647s ]
SQL: SELECT `value` FROM `set` WHERE ( name='photo2' ) LIMIT 1   [ RunTime:0.000181s ]
SQL: SELECT `value` FROM `set` WHERE ( name='photo3' ) LIMIT 1   [ RunTime:0.000210s ]
SQL: SELECT `value` FROM `set` WHERE ( name='photo4' ) LIMIT 1   [ RunTime:0.000140s ]
SQL: SELECT `value` FROM `set` WHERE ( name='photo5' ) LIMIT 1   [ RunTime:0.000138s ]
INFO: [ view_parse ] --START--
INFO: [ template_filter ] --START--
INFO: Run Behavior\ContentReplaceBehavior [ RunTime:0.000128s ]
INFO: [ template_filter ] --END-- [ RunTime:0.000227s ]
INFO: Run Behavior\ParseTemplateBehavior [ RunTime:0.026401s ]
INFO: [ view_parse ] --END-- [ RunTime:0.026572s ]
INFO: [ view_filter ] --START--
INFO: Run Behavior\WriteHtmlCacheBehavior [ RunTime:0.000508s ]
INFO: [ view_filter ] --END-- [ RunTime:0.000599s ]
INFO: [ app_end ] --START--
INFO: Run Behavior\ShowPageTraceBehavior [ RunTime:0.001219s ]
INFO: [ app_end ] --END-- [ RunTime:0.001316s ]

[ 2014-04-30T15:19:26+08:00 ] ::1 /jiayi/
INFO: [ app_init ] --START--
INFO: Run Behavior\BuildLiteBehavior [ RunTime:0.000033s ]
INFO: [ app_init ] --END-- [ RunTime:0.000871s ]
INFO: [ app_begin ] --START--
INFO: Run Behavior\ReadHtmlCacheBehavior [ RunTime:0.001306s ]
INFO: [ app_begin ] --END-- [ RunTime:0.001554s ]
NOTIC: [8192] mysql_connect(): The mysql extension is deprecated and will be removed in the future: use mysqli or PDO instead /Applications/MAMP/htdocs/jiayi/ThinkPHP/Library/Think/Db/Driver/Mysql.class.php 第 52 行.
SQL: SHOW COLUMNS FROM `set` [ RunTime:0.001411s ]
SQL: SELECT `value` FROM `set` WHERE ( name='photo1' ) LIMIT 1   [ RunTime:0.000315s ]
SQL: SELECT `value` FROM `set` WHERE ( name='photo2' ) LIMIT 1   [ RunTime:0.000244s ]
SQL: SELECT `value` FROM `set` WHERE ( name='photo3' ) LIMIT 1   [ RunTime:0.000215s ]
SQL: SELECT `value` FROM `set` WHERE ( name='photo4' ) LIMIT 1   [ RunTime:0.000179s ]
SQL: SELECT `value` FROM `set` WHERE ( name='photo5' ) LIMIT 1   [ RunTime:0.000219s ]
INFO: [ view_parse ] --START--
INFO: [ template_filter ] --START--
INFO: Run Behavior\ContentReplaceBehavior [ RunTime:0.000116s ]
INFO: [ template_filter ] --END-- [ RunTime:0.000218s ]
INFO: Run Behavior\ParseTemplateBehavior [ RunTime:0.030770s ]
INFO: [ view_parse ] --END-- [ RunTime:0.030932s ]
INFO: [ view_filter ] --START--
INFO: Run Behavior\WriteHtmlCacheBehavior [ RunTime:0.000299s ]
INFO: [ view_filter ] --END-- [ RunTime:0.000405s ]
INFO: [ app_end ] --START--
INFO: Run Behavior\ShowPageTraceBehavior [ RunTime:0.000786s ]
INFO: [ app_end ] --END-- [ RunTime:0.000894s ]

[ 2014-04-30T15:19:45+08:00 ] ::1 /jiayi/
INFO: [ app_init ] --START--
INFO: Run Behavior\BuildLiteBehavior [ RunTime:0.000036s ]
INFO: [ app_init ] --END-- [ RunTime:0.001072s ]
INFO: [ app_begin ] --START--
INFO: Run Behavior\ReadHtmlCacheBehavior [ RunTime:0.001237s ]
INFO: [ app_begin ] --END-- [ RunTime:0.001362s ]
NOTIC: [8192] mysql_connect(): The mysql extension is deprecated and will be removed in the future: use mysqli or PDO instead /Applications/MAMP/htdocs/jiayi/ThinkPHP/Library/Think/Db/Driver/Mysql.class.php 第 52 行.
SQL: SHOW COLUMNS FROM `set` [ RunTime:0.001820s ]
SQL: SELECT `value` FROM `set` WHERE ( name='photo1' ) LIMIT 1   [ RunTime:0.000326s ]
SQL: SELECT `value` FROM `set` WHERE ( name='photo2' ) LIMIT 1   [ RunTime:0.000156s ]
SQL: SELECT `value` FROM `set` WHERE ( name='photo3' ) LIMIT 1   [ RunTime:0.000205s ]
SQL: SELECT `value` FROM `set` WHERE ( name='photo4' ) LIMIT 1   [ RunTime:0.000195s ]
SQL: SELECT `value` FROM `set` WHERE ( name='photo5' ) LIMIT 1   [ RunTime:0.000172s ]
INFO: [ view_parse ] --START--
INFO: [ template_filter ] --START--
INFO: Run Behavior\ContentReplaceBehavior [ RunTime:0.000107s ]
INFO: [ template_filter ] --END-- [ RunTime:0.000198s ]
INFO: Run Behavior\ParseTemplateBehavior [ RunTime:0.024224s ]
INFO: [ view_parse ] --END-- [ RunTime:0.024295s ]
INFO: [ view_filter ] --START--
INFO: Run Behavior\WriteHtmlCacheBehavior [ RunTime:0.000544s ]
INFO: [ view_filter ] --END-- [ RunTime:0.000619s ]
INFO: [ app_end ] --START--
INFO: Run Behavior\ShowPageTraceBehavior [ RunTime:0.001436s ]
INFO: [ app_end ] --END-- [ RunTime:0.001579s ]

[ 2014-04-30T21:34:21+08:00 ] ::1 /jiayi/
INFO: [ app_init ] --START--
INFO: Run Behavior\BuildLiteBehavior [ RunTime:0.000028s ]
INFO: [ app_init ] --END-- [ RunTime:0.000881s ]
INFO: [ app_begin ] --START--
INFO: Run Behavior\ReadHtmlCacheBehavior [ RunTime:0.001411s ]
INFO: [ app_begin ] --END-- [ RunTime:0.001538s ]
NOTIC: [8192] mysql_connect(): The mysql extension is deprecated and will be removed in the future: use mysqli or PDO instead /Applications/MAMP/htdocs/jiayi/ThinkPHP/Library/Think/Db/Driver/Mysql.class.php 第 52 行.
SQL: SHOW COLUMNS FROM `set` [ RunTime:0.001871s ]
SQL: SELECT * FROM `set` WHERE ( name='photo1' ) LIMIT 1   [ RunTime:0.000733s ]
SQL: SELECT * FROM `set` WHERE ( name='photo2' ) LIMIT 1   [ RunTime:0.000193s ]
SQL: SELECT * FROM `set` WHERE ( name='photo3' ) LIMIT 1   [ RunTime:0.001619s ]
SQL: SELECT * FROM `set` WHERE ( name='photo4' ) LIMIT 1   [ RunTime:0.000335s ]
SQL: SELECT * FROM `set` WHERE ( name='photo5' ) LIMIT 1   [ RunTime:0.000176s ]
INFO: [ view_parse ] --START--
INFO: [ template_filter ] --START--
INFO: Run Behavior\ContentReplaceBehavior [ RunTime:0.000158s ]
INFO: [ template_filter ] --END-- [ RunTime:0.000267s ]
INFO: Run Behavior\ParseTemplateBehavior [ RunTime:0.040876s ]
INFO: [ view_parse ] --END-- [ RunTime:0.041071s ]
INFO: [ view_filter ] --START--
INFO: Run Behavior\WriteHtmlCacheBehavior [ RunTime:0.000558s ]
INFO: [ view_filter ] --END-- [ RunTime:0.000651s ]
INFO: [ app_end ] --START--
INFO: Run Behavior\ShowPageTraceBehavior [ RunTime:0.001117s ]
INFO: [ app_end ] --END-- [ RunTime:0.001209s ]

[ 2014-04-30T21:35:04+08:00 ] ::1 /jiayi/
INFO: [ app_init ] --START--
INFO: Run Behavior\BuildLiteBehavior [ RunTime:0.000028s ]
INFO: [ app_init ] --END-- [ RunTime:0.000988s ]
INFO: [ app_begin ] --START--
INFO: Run Behavior\ReadHtmlCacheBehavior [ RunTime:0.001155s ]
INFO: [ app_begin ] --END-- [ RunTime:0.001287s ]
NOTIC: [8192] mysql_connect(): The mysql extension is deprecated and will be removed in the future: use mysqli or PDO instead /Applications/MAMP/htdocs/jiayi/ThinkPHP/Library/Think/Db/Driver/Mysql.class.php 第 52 行.
SQL: SHOW COLUMNS FROM `set` [ RunTime:0.001209s ]
SQL: SELECT * FROM `set` WHERE ( name='photo1' ) LIMIT 1   [ RunTime:0.000259s ]
SQL: SELECT * FROM `set` WHERE ( name='photo2' ) LIMIT 1   [ RunTime:0.000219s ]
SQL: SELECT * FROM `set` WHERE ( name='photo3' ) LIMIT 1   [ RunTime:0.000285s ]
SQL: SELECT * FROM `set` WHERE ( name='photo4' ) LIMIT 1   [ RunTime:0.000324s ]
SQL: SELECT * FROM `set` WHERE ( name='photo5' ) LIMIT 1   [ RunTime:0.000350s ]
INFO: [ view_parse ] --START--
INFO: [ template_filter ] --START--
INFO: Run Behavior\ContentReplaceBehavior [ RunTime:0.000143s ]
INFO: [ template_filter ] --END-- [ RunTime:0.000242s ]
INFO: Run Behavior\ParseTemplateBehavior [ RunTime:0.025334s ]
INFO: [ view_parse ] --END-- [ RunTime:0.025422s ]
INFO: [ view_filter ] --START--
INFO: Run Behavior\WriteHtmlCacheBehavior [ RunTime:0.000479s ]
INFO: [ view_filter ] --END-- [ RunTime:0.000558s ]
INFO: [ app_end ] --START--
INFO: Run Behavior\ShowPageTraceBehavior [ RunTime:0.001041s ]
INFO: [ app_end ] --END-- [ RunTime:0.001138s ]

[ 2014-04-30T21:35:49+08:00 ] ::1 /jiayi/
INFO: [ app_init ] --START--
INFO: Run Behavior\BuildLiteBehavior [ RunTime:0.000028s ]
INFO: [ app_init ] --END-- [ RunTime:0.000986s ]
INFO: [ app_begin ] --START--
INFO: Run Behavior\ReadHtmlCacheBehavior [ RunTime:0.001518s ]
INFO: [ app_begin ] --END-- [ RunTime:0.001692s ]
NOTIC: [8192] mysql_connect(): The mysql extension is deprecated and will be removed in the future: use mysqli or PDO instead /Applications/MAMP/htdocs/jiayi/ThinkPHP/Library/Think/Db/Driver/Mysql.class.php 第 52 行.
SQL: SHOW COLUMNS FROM `set` [ RunTime:0.001239s ]
SQL: SELECT * FROM `set` WHERE ( name='photo1' ) LIMIT 1   [ RunTime:0.000306s ]
SQL: SELECT * FROM `set` WHERE ( name='photo2' ) LIMIT 1   [ RunTime:0.000194s ]
SQL: SELECT * FROM `set` WHERE ( name='photo3' ) LIMIT 1   [ RunTime:0.000177s ]
SQL: SELECT * FROM `set` WHERE ( name='photo4' ) LIMIT 1   [ RunTime:0.000202s ]
SQL: SELECT * FROM `set` WHERE ( name='photo5' ) LIMIT 1   [ RunTime:0.000374s ]
INFO: [ view_parse ] --START--
INFO: [ template_filter ] --START--
INFO: Run Behavior\ContentReplaceBehavior [ RunTime:0.000243s ]
INFO: [ template_filter ] --END-- [ RunTime:0.000513s ]
INFO: Run Behavior\ParseTemplateBehavior [ RunTime:0.029327s ]
INFO: [ view_parse ] --END-- [ RunTime:0.029499s ]
INFO: [ view_filter ] --START--
INFO: Run Behavior\WriteHtmlCacheBehavior [ RunTime:0.000483s ]
INFO: [ view_filter ] --END-- [ RunTime:0.000566s ]
INFO: [ app_end ] --START--
INFO: Run Behavior\ShowPageTraceBehavior [ RunTime:0.001451s ]
INFO: [ app_end ] --END-- [ RunTime:0.001573s ]

[ 2014-04-30T21:35:55+08:00 ] ::1 /jiayi/
INFO: [ app_init ] --START--
INFO: Run Behavior\BuildLiteBehavior [ RunTime:0.000019s ]
INFO: [ app_init ] --END-- [ RunTime:0.000508s ]
INFO: [ app_begin ] --START--
INFO: Run Behavior\ReadHtmlCacheBehavior [ RunTime:0.000886s ]
INFO: [ app_begin ] --END-- [ RunTime:0.000992s ]
NOTIC: [8192] mysql_connect(): The mysql extension is deprecated and will be removed in the future: use mysqli or PDO instead /Applications/MAMP/htdocs/jiayi/ThinkPHP/Library/Think/Db/Driver/Mysql.class.php 第 52 行.
SQL: SHOW COLUMNS FROM `set` [ RunTime:0.008982s ]
SQL: SELECT * FROM `set` WHERE ( name='photo1' ) LIMIT 1   [ RunTime:0.000469s ]
SQL: SELECT * FROM `set` WHERE ( name='photo2' ) LIMIT 1   [ RunTime:0.000399s ]
SQL: SELECT * FROM `set` WHERE ( name='photo3' ) LIMIT 1   [ RunTime:0.000210s ]
SQL: SELECT * FROM `set` WHERE ( name='photo4' ) LIMIT 1   [ RunTime:0.000160s ]
SQL: SELECT * FROM `set` WHERE ( name='photo5' ) LIMIT 1   [ RunTime:0.000196s ]
INFO: [ view_parse ] --START--
INFO: [ template_filter ] --START--
INFO: Run Behavior\ContentReplaceBehavior [ RunTime:0.000156s ]
INFO: [ template_filter ] --END-- [ RunTime:0.000282s ]
INFO: Run Behavior\ParseTemplateBehavior [ RunTime:0.024701s ]
INFO: [ view_parse ] --END-- [ RunTime:0.024855s ]
INFO: [ view_filter ] --START--
INFO: Run Behavior\WriteHtmlCacheBehavior [ RunTime:0.000236s ]
INFO: [ view_filter ] --END-- [ RunTime:0.000328s ]
INFO: [ app_end ] --START--
INFO: Run Behavior\ShowPageTraceBehavior [ RunTime:0.001526s ]
INFO: [ app_end ] --END-- [ RunTime:0.001699s ]

[ 2014-04-30T21:36:03+08:00 ] ::1 /jiayi/
INFO: [ app_init ] --START--
INFO: Run Behavior\BuildLiteBehavior [ RunTime:0.000035s ]
INFO: [ app_init ] --END-- [ RunTime:0.000731s ]
INFO: [ app_begin ] --START--
INFO: Run Behavior\ReadHtmlCacheBehavior [ RunTime:0.000706s ]
INFO: [ app_begin ] --END-- [ RunTime:0.000811s ]
NOTIC: [8192] mysql_connect(): The mysql extension is deprecated and will be removed in the future: use mysqli or PDO instead /Applications/MAMP/htdocs/jiayi/ThinkPHP/Library/Think/Db/Driver/Mysql.class.php 第 52 行.
SQL: SHOW COLUMNS FROM `set` [ RunTime:0.001979s ]
SQL: SELECT * FROM `set` WHERE ( name='photo1' ) LIMIT 1   [ RunTime:0.000663s ]
SQL: SELECT * FROM `set` WHERE ( name='photo2' ) LIMIT 1   [ RunTime:0.000285s ]
SQL: SELECT * FROM `set` WHERE ( name='photo3' ) LIMIT 1   [ RunTime:0.000176s ]
SQL: SELECT * FROM `set` WHERE ( name='photo4' ) LIMIT 1   [ RunTime:0.000161s ]
SQL: SELECT * FROM `set` WHERE ( name='photo5' ) LIMIT 1   [ RunTime:0.000203s ]
INFO: [ view_parse ] --START--
INFO: [ template_filter ] --START--
INFO: Run Behavior\ContentReplaceBehavior [ RunTime:0.000122s ]
INFO: [ template_filter ] --END-- [ RunTime:0.000212s ]
INFO: Run Behavior\ParseTemplateBehavior [ RunTime:0.024467s ]
INFO: [ view_parse ] --END-- [ RunTime:0.024579s ]
INFO: [ view_filter ] --START--
INFO: Run Behavior\WriteHtmlCacheBehavior [ RunTime:0.000204s ]
INFO: [ view_filter ] --END-- [ RunTime:0.000265s ]
INFO: [ app_end ] --START--
INFO: Run Behavior\ShowPageTraceBehavior [ RunTime:0.000978s ]
INFO: [ app_end ] --END-- [ RunTime:0.001087s ]

[ 2014-04-30T21:37:05+08:00 ] ::1 /jiayi/
INFO: [ app_init ] --START--
INFO: Run Behavior\BuildLiteBehavior [ RunTime:0.000031s ]
INFO: [ app_init ] --END-- [ RunTime:0.002785s ]
INFO: [ app_begin ] --START--
INFO: Run Behavior\ReadHtmlCacheBehavior [ RunTime:0.001405s ]
INFO: [ app_begin ] --END-- [ RunTime:0.001547s ]
NOTIC: [8192] mysql_connect(): The mysql extension is deprecated and will be removed in the future: use mysqli or PDO instead /Applications/MAMP/htdocs/jiayi/ThinkPHP/Library/Think/Db/Driver/Mysql.class.php 第 52 行.
SQL: SHOW COLUMNS FROM `set` [ RunTime:0.002905s ]
SQL: SELECT * FROM `set` WHERE ( name='photo1' ) LIMIT 1   [ RunTime:0.000333s ]
SQL: SELECT * FROM `set` WHERE ( name='photo2' ) LIMIT 1   [ RunTime:0.000243s ]
SQL: SELECT * FROM `set` WHERE ( name='photo3' ) LIMIT 1   [ RunTime:0.000292s ]
SQL: SELECT * FROM `set` WHERE ( name='photo4' ) LIMIT 1   [ RunTime:0.000264s ]
SQL: SELECT * FROM `set` WHERE ( name='photo5' ) LIMIT 1   [ RunTime:0.000237s ]
INFO: [ view_parse ] --START--
INFO: [ template_filter ] --START--
INFO: Run Behavior\ContentReplaceBehavior [ RunTime:0.000117s ]
INFO: [ template_filter ] --END-- [ RunTime:0.000228s ]
INFO: Run Behavior\ParseTemplateBehavior [ RunTime:0.027888s ]
INFO: [ view_parse ] --END-- [ RunTime:0.028042s ]
INFO: [ view_filter ] --START--
INFO: Run Behavior\WriteHtmlCacheBehavior [ RunTime:0.000670s ]
INFO: [ view_filter ] --END-- [ RunTime:0.000796s ]
INFO: [ app_end ] --START--
INFO: Run Behavior\ShowPageTraceBehavior [ RunTime:0.001743s ]
INFO: [ app_end ] --END-- [ RunTime:0.001885s ]

[ 2014-04-30T21:37:17+08:00 ] ::1 /jiayi/
INFO: [ app_init ] --START--
INFO: Run Behavior\BuildLiteBehavior [ RunTime:0.000041s ]
INFO: [ app_init ] --END-- [ RunTime:0.001011s ]
INFO: [ app_begin ] --START--
INFO: Run Behavior\ReadHtmlCacheBehavior [ RunTime:0.001210s ]
INFO: [ app_begin ] --END-- [ RunTime:0.001361s ]
NOTIC: [8192] mysql_connect(): The mysql extension is deprecated and will be removed in the future: use mysqli or PDO instead /Applications/MAMP/htdocs/jiayi/ThinkPHP/Library/Think/Db/Driver/Mysql.class.php 第 52 行.
SQL: SHOW COLUMNS FROM `set` [ RunTime:0.001278s ]
SQL: SELECT * FROM `set` WHERE ( name='photo1' ) LIMIT 1   [ RunTime:0.000329s ]
SQL: SELECT * FROM `set` WHERE ( name='photo2' ) LIMIT 1   [ RunTime:0.000205s ]
SQL: SELECT * FROM `set` WHERE ( name='photo3' ) LIMIT 1   [ RunTime:0.000247s ]
SQL: SELECT * FROM `set` WHERE ( name='photo4' ) LIMIT 1   [ RunTime:0.000233s ]
SQL: SELECT * FROM `set` WHERE ( name='photo5' ) LIMIT 1   [ RunTime:0.000329s ]
INFO: [ view_parse ] --START--
INFO: [ template_filter ] --START--
INFO: Run Behavior\ContentReplaceBehavior [ RunTime:0.000164s ]
INFO: [ template_filter ] --END-- [ RunTime:0.000300s ]
INFO: Run Behavior\ParseTemplateBehavior [ RunTime:0.030493s ]
INFO: [ view_parse ] --END-- [ RunTime:0.030656s ]
INFO: [ view_filter ] --START--
INFO: Run Behavior\WriteHtmlCacheBehavior [ RunTime:0.000594s ]
INFO: [ view_filter ] --END-- [ RunTime:0.000755s ]
INFO: [ app_end ] --START--
INFO: Run Behavior\ShowPageTraceBehavior [ RunTime:0.002707s ]
INFO: [ app_end ] --END-- [ RunTime:0.002845s ]

[ 2014-04-30T21:37:28+08:00 ] ::1 /jiayi/
INFO: [ app_init ] --START--
INFO: Run Behavior\BuildLiteBehavior [ RunTime:0.000038s ]
INFO: [ app_init ] --END-- [ RunTime:0.001081s ]
INFO: [ app_begin ] --START--
INFO: Run Behavior\ReadHtmlCacheBehavior [ RunTime:0.001530s ]
INFO: [ app_begin ] --END-- [ RunTime:0.001719s ]
NOTIC: [8192] mysql_connect(): The mysql extension is deprecated and will be removed in the future: use mysqli or PDO instead /Applications/MAMP/htdocs/jiayi/ThinkPHP/Library/Think/Db/Driver/Mysql.class.php 第 52 行.
SQL: SHOW COLUMNS FROM `set` [ RunTime:0.001665s ]
SQL: SELECT * FROM `set` WHERE ( name='photo1' ) LIMIT 1   [ RunTime:0.000466s ]
SQL: SELECT * FROM `set` WHERE ( name='photo2' ) LIMIT 1   [ RunTime:0.000391s ]
SQL: SELECT * FROM `set` WHERE ( name='photo3' ) LIMIT 1   [ RunTime:0.000429s ]
SQL: SELECT * FROM `set` WHERE ( name='photo4' ) LIMIT 1   [ RunTime:0.000359s ]
SQL: SELECT * FROM `set` WHERE ( name='photo5' ) LIMIT 1   [ RunTime:0.000404s ]
INFO: [ view_parse ] --START--
INFO: [ template_filter ] --START--
INFO: Run Behavior\ContentReplaceBehavior [ RunTime:0.000153s ]
INFO: [ template_filter ] --END-- [ RunTime:0.000294s ]
INFO: Run Behavior\ParseTemplateBehavior [ RunTime:0.056843s ]
INFO: [ view_parse ] --END-- [ RunTime:0.056992s ]
INFO: [ view_filter ] --START--
INFO: Run Behavior\WriteHtmlCacheBehavior [ RunTime:0.001419s ]
INFO: [ view_filter ] --END-- [ RunTime:0.001543s ]
INFO: [ app_end ] --START--
INFO: Run Behavior\ShowPageTraceBehavior [ RunTime:0.003073s ]
INFO: [ app_end ] --END-- [ RunTime:0.003279s ]

[ 2014-04-30T21:37:38+08:00 ] ::1 /jiayi/
INFO: [ app_init ] --START--
INFO: Run Behavior\BuildLiteBehavior [ RunTime:0.000037s ]
INFO: [ app_init ] --END-- [ RunTime:0.000845s ]
INFO: [ app_begin ] --START--
INFO: Run Behavior\ReadHtmlCacheBehavior [ RunTime:0.000848s ]
INFO: [ app_begin ] --END-- [ RunTime:0.000964s ]
NOTIC: [8192] mysql_connect(): The mysql extension is deprecated and will be removed in the future: use mysqli or PDO instead /Applications/MAMP/htdocs/jiayi/ThinkPHP/Library/Think/Db/Driver/Mysql.class.php 第 52 行.
SQL: SHOW COLUMNS FROM `set` [ RunTime:0.001326s ]
SQL: SELECT * FROM `set` WHERE ( name='photo1' ) LIMIT 1   [ RunTime:0.000364s ]
SQL: SELECT * FROM `set` WHERE ( name='photo2' ) LIMIT 1   [ RunTime:0.000243s ]
SQL: SELECT * FROM `set` WHERE ( name='photo3' ) LIMIT 1   [ RunTime:0.000213s ]
SQL: SELECT * FROM `set` WHERE ( name='photo4' ) LIMIT 1   [ RunTime:0.000272s ]
SQL: SELECT * FROM `set` WHERE ( name='photo5' ) LIMIT 1   [ RunTime:0.000156s ]
INFO: [ view_parse ] --START--
INFO: [ template_filter ] --START--
INFO: Run Behavior\ContentReplaceBehavior [ RunTime:0.000123s ]
INFO: [ template_filter ] --END-- [ RunTime:0.000220s ]
INFO: Run Behavior\ParseTemplateBehavior [ RunTime:0.026690s ]
INFO: [ view_parse ] --END-- [ RunTime:0.026802s ]
INFO: [ view_filter ] --START--
INFO: Run Behavior\WriteHtmlCacheBehavior [ RunTime:0.000197s ]
INFO: [ view_filter ] --END-- [ RunTime:0.000260s ]
INFO: [ app_end ] --START--
INFO: Run Behavior\ShowPageTraceBehavior [ RunTime:0.000816s ]
INFO: [ app_end ] --END-- [ RunTime:0.000911s ]

[ 2014-04-30T22:02:20+08:00 ] ::1 /jiayi/index.php/Home/admin/index/type/side3
INFO: [ app_init ] --START--
INFO: Run Behavior\BuildLiteBehavior [ RunTime:0.000035s ]
INFO: [ app_init ] --END-- [ RunTime:0.003258s ]
INFO: [ app_begin ] --START--
INFO: Run Behavior\ReadHtmlCacheBehavior [ RunTime:0.001771s ]
INFO: [ app_begin ] --END-- [ RunTime:0.001969s ]
NOTIC: [8192] mysql_connect(): The mysql extension is deprecated and will be removed in the future: use mysqli or PDO instead /Applications/MAMP/htdocs/jiayi/ThinkPHP/Library/Think/Db/Driver/Mysql.class.php 第 52 行.
SQL: SHOW COLUMNS FROM `goodslist` [ RunTime:0.013924s ]
SQL: SELECT `name` FROM `goodslist` WHERE ( classorcompetition='class' )  [ RunTime:0.012200s ]
SQL: SHOW COLUMNS FROM `set` [ RunTime:0.001551s ]
SQL: SELECT `value` FROM `set` WHERE ( name='vip' ) LIMIT 1   [ RunTime:0.000481s ]
INFO: [ view_parse ] --START--
INFO: [ template_filter ] --START--
INFO: Run Behavior\ContentReplaceBehavior [ RunTime:0.000115s ]
INFO: [ template_filter ] --END-- [ RunTime:0.000198s ]
INFO: Run Behavior\ParseTemplateBehavior [ RunTime:0.035000s ]
INFO: [ view_parse ] --END-- [ RunTime:0.035133s ]
INFO: [ view_filter ] --START--
INFO: Run Behavior\WriteHtmlCacheBehavior [ RunTime:0.000592s ]
INFO: [ view_filter ] --END-- [ RunTime:0.000697s ]
INFO: [ app_end ] --START--
INFO: Run Behavior\ShowPageTraceBehavior [ RunTime:0.001275s ]
INFO: [ app_end ] --END-- [ RunTime:0.001386s ]

[ 2014-04-30T22:02:39+08:00 ] ::1 /jiayi/index.php/Home/admin/index/type/side3
INFO: [ app_init ] --START--
INFO: Run Behavior\BuildLiteBehavior [ RunTime:0.000061s ]
INFO: [ app_init ] --END-- [ RunTime:0.001042s ]
INFO: [ app_begin ] --START--
INFO: Run Behavior\ReadHtmlCacheBehavior [ RunTime:0.000852s ]
INFO: [ app_begin ] --END-- [ RunTime:0.001037s ]
NOTIC: [8192] mysql_connect(): The mysql extension is deprecated and will be removed in the future: use mysqli or PDO instead /Applications/MAMP/htdocs/jiayi/ThinkPHP/Library/Think/Db/Driver/Mysql.class.php 第 52 行.
SQL: SHOW COLUMNS FROM `goodslist` [ RunTime:0.001761s ]
SQL: SELECT `name` FROM `goodslist` WHERE ( classorcompetition='class' )  [ RunTime:0.000432s ]
SQL: SHOW COLUMNS FROM `set` [ RunTime:0.001864s ]
SQL: SELECT `value` FROM `set` WHERE ( name='vip' ) LIMIT 1   [ RunTime:0.000435s ]
INFO: [ view_parse ] --START--
INFO: [ template_filter ] --START--
INFO: Run Behavior\ContentReplaceBehavior [ RunTime:0.000126s ]
INFO: [ template_filter ] --END-- [ RunTime:0.000219s ]
INFO: Run Behavior\ParseTemplateBehavior [ RunTime:0.027648s ]
INFO: [ view_parse ] --END-- [ RunTime:0.027757s ]
INFO: [ view_filter ] --START--
INFO: Run Behavior\WriteHtmlCacheBehavior [ RunTime:0.000186s ]
INFO: [ view_filter ] --END-- [ RunTime:0.000242s ]
INFO: [ app_end ] --START--
INFO: Run Behavior\ShowPageTraceBehavior [ RunTime:0.000975s ]
INFO: [ app_end ] --END-- [ RunTime:0.001087s ]

[ 2014-04-30T22:02:55+08:00 ] ::1 /jiayi/index.php/Home/admin/index/type/side3
INFO: [ app_init ] --START--
INFO: Run Behavior\BuildLiteBehavior [ RunTime:0.000025s ]
INFO: [ app_init ] --END-- [ RunTime:0.000549s ]
INFO: [ app_begin ] --START--
INFO: Run Behavior\ReadHtmlCacheBehavior [ RunTime:0.000595s ]
INFO: [ app_begin ] --END-- [ RunTime:0.000666s ]
NOTIC: [8192] mysql_connect(): The mysql extension is deprecated and will be removed in the future: use mysqli or PDO instead /Applications/MAMP/htdocs/jiayi/ThinkPHP/Library/Think/Db/Driver/Mysql.class.php 第 52 行.
SQL: SHOW COLUMNS FROM `goodslist` [ RunTime:0.010174s ]
SQL: SELECT `name` FROM `goodslist` WHERE ( classorcompetition='class' )  [ RunTime:0.000333s ]
SQL: SHOW COLUMNS FROM `set` [ RunTime:0.001459s ]
SQL: SELECT `value` FROM `set` WHERE ( name='vip' ) LIMIT 1   [ RunTime:0.000279s ]
INFO: [ view_parse ] --START--
INFO: [ template_filter ] --START--
INFO: Run Behavior\ContentReplaceBehavior [ RunTime:0.000149s ]
INFO: [ template_filter ] --END-- [ RunTime:0.000316s ]
INFO: Run Behavior\ParseTemplateBehavior [ RunTime:0.025628s ]
INFO: [ view_parse ] --END-- [ RunTime:0.025740s ]
INFO: [ view_filter ] --START--
INFO: Run Behavior\WriteHtmlCacheBehavior [ RunTime:0.000242s ]
INFO: [ view_filter ] --END-- [ RunTime:0.000327s ]
INFO: [ app_end ] --START--
INFO: Run Behavior\ShowPageTraceBehavior [ RunTime:0.001154s ]
INFO: [ app_end ] --END-- [ RunTime:0.001286s ]

[ 2014-04-30T22:03:07+08:00 ] ::1 /jiayi/index.php/Home/admin/index/type/side3
INFO: [ app_init ] --START--
INFO: Run Behavior\BuildLiteBehavior [ RunTime:0.000029s ]
INFO: [ app_init ] --END-- [ RunTime:0.000832s ]
INFO: [ app_begin ] --START--
INFO: Run Behavior\ReadHtmlCacheBehavior [ RunTime:0.002007s ]
INFO: [ app_begin ] --END-- [ RunTime:0.002187s ]
NOTIC: [8192] mysql_connect(): The mysql extension is deprecated and will be removed in the future: use mysqli or PDO instead /Applications/MAMP/htdocs/jiayi/ThinkPHP/Library/Think/Db/Driver/Mysql.class.php 第 52 行.
SQL: SHOW COLUMNS FROM `goodslist` [ RunTime:0.001104s ]
SQL: SELECT `name` FROM `goodslist` WHERE ( classorcompetition='class' )  [ RunTime:0.000235s ]
SQL: SHOW COLUMNS FROM `set` [ RunTime:0.001036s ]
SQL: SELECT `value` FROM `set` WHERE ( name='vip' ) LIMIT 1   [ RunTime:0.000251s ]
INFO: [ view_parse ] --START--
INFO: [ template_filter ] --START--
INFO: Run Behavior\ContentReplaceBehavior [ RunTime:0.000163s ]
INFO: [ template_filter ] --END-- [ RunTime:0.000296s ]
INFO: Run Behavior\ParseTemplateBehavior [ RunTime:0.028942s ]
INFO: [ view_parse ] --END-- [ RunTime:0.029066s ]
INFO: [ view_filter ] --START--
INFO: Run Behavior\WriteHtmlCacheBehavior [ RunTime:0.000677s ]
INFO: [ view_filter ] --END-- [ RunTime:0.000797s ]
INFO: [ app_end ] --START--
INFO: Run Behavior\ShowPageTraceBehavior [ RunTime:0.002243s ]
INFO: [ app_end ] --END-- [ RunTime:0.002381s ]

[ 2014-04-30T22:03:13+08:00 ] ::1 /jiayi/index.php/Home/admin/index/type/side3
INFO: [ app_init ] --START--
INFO: Run Behavior\BuildLiteBehavior [ RunTime:0.000020s ]
INFO: [ app_init ] --END-- [ RunTime:0.000434s ]
INFO: [ app_begin ] --START--
INFO: Run Behavior\ReadHtmlCacheBehavior [ RunTime:0.000735s ]
INFO: [ app_begin ] --END-- [ RunTime:0.000842s ]
NOTIC: [8192] mysql_connect(): The mysql extension is deprecated and will be removed in the future: use mysqli or PDO instead /Applications/MAMP/htdocs/jiayi/ThinkPHP/Library/Think/Db/Driver/Mysql.class.php 第 52 行.
SQL: SHOW COLUMNS FROM `goodslist` [ RunTime:0.001352s ]
SQL: SELECT `name` FROM `goodslist` WHERE ( classorcompetition='class' )  [ RunTime:0.000311s ]
SQL: SHOW COLUMNS FROM `set` [ RunTime:0.001292s ]
SQL: SELECT `value` FROM `set` WHERE ( name='vip' ) LIMIT 1   [ RunTime:0.000625s ]
INFO: [ view_parse ] --START--
INFO: [ template_filter ] --START--
INFO: Run Behavior\ContentReplaceBehavior [ RunTime:0.000118s ]
INFO: [ template_filter ] --END-- [ RunTime:0.000217s ]
INFO: Run Behavior\ParseTemplateBehavior [ RunTime:0.020512s ]
INFO: [ view_parse ] --END-- [ RunTime:0.020615s ]
INFO: [ view_filter ] --START--
INFO: Run Behavior\WriteHtmlCacheBehavior [ RunTime:0.000227s ]
INFO: [ view_filter ] --END-- [ RunTime:0.000310s ]
INFO: [ app_end ] --START--
INFO: Run Behavior\ShowPageTraceBehavior [ RunTime:0.001328s ]
INFO: [ app_end ] --END-- [ RunTime:0.001612s ]

[ 2014-04-30T22:03:24+08:00 ] ::1 /jiayi/index.php/Home/admin/index/type/side3
INFO: [ app_init ] --START--
INFO: Run Behavior\BuildLiteBehavior [ RunTime:0.000029s ]
INFO: [ app_init ] --END-- [ RunTime:0.000633s ]
INFO: [ app_begin ] --START--
INFO: Run Behavior\ReadHtmlCacheBehavior [ RunTime:0.000769s ]
INFO: [ app_begin ] --END-- [ RunTime:0.000875s ]
NOTIC: [8192] mysql_connect(): The mysql extension is deprecated and will be removed in the future: use mysqli or PDO instead /Applications/MAMP/htdocs/jiayi/ThinkPHP/Library/Think/Db/Driver/Mysql.class.php 第 52 行.
SQL: SHOW COLUMNS FROM `goodslist` [ RunTime:0.001035s ]
SQL: SELECT `name` FROM `goodslist` WHERE ( classorcompetition='class' )  [ RunTime:0.000303s ]
SQL: SHOW COLUMNS FROM `set` [ RunTime:0.001684s ]
SQL: SELECT `value` FROM `set` WHERE ( name='vip' ) LIMIT 1   [ RunTime:0.000310s ]
INFO: [ view_parse ] --START--
INFO: [ template_filter ] --START--
INFO: Run Behavior\ContentReplaceBehavior [ RunTime:0.000132s ]
INFO: [ template_filter ] --END-- [ RunTime:0.000229s ]
INFO: Run Behavior\ParseTemplateBehavior [ RunTime:0.023178s ]
INFO: [ view_parse ] --END-- [ RunTime:0.023285s ]
INFO: [ view_filter ] --START--
INFO: Run Behavior\WriteHtmlCacheBehavior [ RunTime:0.000226s ]
INFO: [ view_filter ] --END-- [ RunTime:0.000290s ]
INFO: [ app_end ] --START--
INFO: Run Behavior\ShowPageTraceBehavior [ RunTime:0.000961s ]
INFO: [ app_end ] --END-- [ RunTime:0.001078s ]

[ 2014-04-30T22:03:30+08:00 ] ::1 /jiayi/index.php/Home/admin/index/type/side3
INFO: [ app_init ] --START--
INFO: Run Behavior\BuildLiteBehavior [ RunTime:0.000026s ]
INFO: [ app_init ] --END-- [ RunTime:0.000675s ]
INFO: [ app_begin ] --START--
INFO: Run Behavior\ReadHtmlCacheBehavior [ RunTime:0.000796s ]
INFO: [ app_begin ] --END-- [ RunTime:0.000912s ]
NOTIC: [8192] mysql_connect(): The mysql extension is deprecated and will be removed in the future: use mysqli or PDO instead /Applications/MAMP/htdocs/jiayi/ThinkPHP/Library/Think/Db/Driver/Mysql.class.php 第 52 行.
SQL: SHOW COLUMNS FROM `goodslist` [ RunTime:0.001087s ]
SQL: SELECT `name` FROM `goodslist` WHERE ( classorcompetition='class' )  [ RunTime:0.000345s ]
SQL: SHOW COLUMNS FROM `set` [ RunTime:0.001040s ]
SQL: SELECT `value` FROM `set` WHERE ( name='vip' ) LIMIT 1   [ RunTime:0.000195s ]
INFO: [ view_parse ] --START--
INFO: [ template_filter ] --START--
INFO: Run Behavior\ContentReplaceBehavior [ RunTime:0.000157s ]
INFO: [ template_filter ] --END-- [ RunTime:0.000296s ]
INFO: Run Behavior\ParseTemplateBehavior [ RunTime:0.025113s ]
INFO: [ view_parse ] --END-- [ RunTime:0.025244s ]
INFO: [ view_filter ] --START--
INFO: Run Behavior\WriteHtmlCacheBehavior [ RunTime:0.000284s ]
INFO: [ view_filter ] --END-- [ RunTime:0.000376s ]
INFO: [ app_end ] --START--
INFO: Run Behavior\ShowPageTraceBehavior [ RunTime:0.000741s ]
INFO: [ app_end ] --END-- [ RunTime:0.000837s ]

[ 2014-04-30T22:42:01+08:00 ] ::1 /jiayi/index.php/Home/admin/index/type/side3
INFO: [ app_init ] --START--
INFO: Run Behavior\BuildLiteBehavior [ RunTime:0.000043s ]
INFO: [ app_init ] --END-- [ RunTime:0.001101s ]
INFO: [ app_begin ] --START--
INFO: Run Behavior\ReadHtmlCacheBehavior [ RunTime:0.001402s ]
INFO: [ app_begin ] --END-- [ RunTime:0.001528s ]
NOTIC: [8192] mysql_connect(): The mysql extension is deprecated and will be removed in the future: use mysqli or PDO instead /Applications/MAMP/htdocs/jiayi/ThinkPHP/Library/Think/Db/Driver/Mysql.class.php 第 52 行.
SQL: SHOW COLUMNS FROM `goodslist` [ RunTime:0.003557s ]
SQL: SELECT `name` FROM `goodslist` WHERE ( classorcompetition='class' )  [ RunTime:0.000338s ]
SQL: SHOW COLUMNS FROM `set` [ RunTime:0.001248s ]
SQL: SELECT `value` FROM `set` WHERE ( name='vip' ) LIMIT 1   [ RunTime:0.000299s ]
INFO: [ view_parse ] --START--
INFO: [ template_filter ] --START--
INFO: Run Behavior\ContentReplaceBehavior [ RunTime:0.000151s ]
INFO: [ template_filter ] --END-- [ RunTime:0.000274s ]
INFO: Run Behavior\ParseTemplateBehavior [ RunTime:0.034371s ]
INFO: [ view_parse ] --END-- [ RunTime:0.037140s ]
INFO: [ view_filter ] --START--
INFO: Run Behavior\WriteHtmlCacheBehavior [ RunTime:0.000612s ]
INFO: [ view_filter ] --END-- [ RunTime:0.000710s ]
INFO: [ app_end ] --START--
INFO: Run Behavior\ShowPageTraceBehavior [ RunTime:0.003204s ]
INFO: [ app_end ] --END-- [ RunTime:0.003336s ]

[ 2014-04-30T22:42:12+08:00 ] ::1 /jiayi/index.php/Home/admin/index/type/side3
INFO: [ app_init ] --START--
INFO: Run Behavior\BuildLiteBehavior [ RunTime:0.000049s ]
INFO: [ app_init ] --END-- [ RunTime:0.001192s ]
INFO: [ app_begin ] --START--
INFO: Run Behavior\ReadHtmlCacheBehavior [ RunTime:0.001708s ]
INFO: [ app_begin ] --END-- [ RunTime:0.001914s ]
NOTIC: [8192] mysql_connect(): The mysql extension is deprecated and will be removed in the future: use mysqli or PDO instead /Applications/MAMP/htdocs/jiayi/ThinkPHP/Library/Think/Db/Driver/Mysql.class.php 第 52 行.
SQL: SHOW COLUMNS FROM `goodslist` [ RunTime:0.001662s ]
SQL: SELECT `name` FROM `goodslist` WHERE ( classorcompetition='class' )  [ RunTime:0.000393s ]
SQL: SHOW COLUMNS FROM `set` [ RunTime:0.001373s ]
SQL: SELECT `value` FROM `set` WHERE ( name='vip' ) LIMIT 1   [ RunTime:0.000758s ]
INFO: [ view_parse ] --START--
INFO: [ template_filter ] --START--
INFO: Run Behavior\ContentReplaceBehavior [ RunTime:0.000167s ]
INFO: [ template_filter ] --END-- [ RunTime:0.000276s ]
INFO: Run Behavior\ParseTemplateBehavior [ RunTime:0.026913s ]
INFO: [ view_parse ] --END-- [ RunTime:0.027073s ]
INFO: [ view_filter ] --START--
INFO: Run Behavior\WriteHtmlCacheBehavior [ RunTime:0.000472s ]
INFO: [ view_filter ] --END-- [ RunTime:0.000563s ]
INFO: [ app_end ] --START--
INFO: Run Behavior\ShowPageTraceBehavior [ RunTime:0.001304s ]
INFO: [ app_end ] --END-- [ RunTime:0.001431s ]

[ 2014-04-30T22:42:28+08:00 ] ::1 /jiayi/index.php/Home/admin/index/type/side3
INFO: [ app_init ] --START--
INFO: Run Behavior\BuildLiteBehavior [ RunTime:0.000032s ]
INFO: [ app_init ] --END-- [ RunTime:0.000901s ]
INFO: [ app_begin ] --START--
INFO: Run Behavior\ReadHtmlCacheBehavior [ RunTime:0.001184s ]
INFO: [ app_begin ] --END-- [ RunTime:0.001318s ]
NOTIC: [8192] mysql_connect(): The mysql extension is deprecated and will be removed in the future: use mysqli or PDO instead /Applications/MAMP/htdocs/jiayi/ThinkPHP/Library/Think/Db/Driver/Mysql.class.php 第 52 行.
SQL: SHOW COLUMNS FROM `goodslist` [ RunTime:0.001033s ]
SQL: SELECT `name` FROM `goodslist` WHERE ( classorcompetition='class' )  [ RunTime:0.000379s ]
SQL: SHOW COLUMNS FROM `set` [ RunTime:0.001074s ]
SQL: SELECT `value` FROM `set` WHERE ( name='vip' ) LIMIT 1   [ RunTime:0.000285s ]
INFO: [ view_parse ] --START--
INFO: [ template_filter ] --START--
INFO: Run Behavior\ContentReplaceBehavior [ RunTime:0.000128s ]
INFO: [ template_filter ] --END-- [ RunTime:0.000240s ]
INFO: Run Behavior\ParseTemplateBehavior [ RunTime:0.024849s ]
INFO: [ view_parse ] --END-- [ RunTime:0.024972s ]
INFO: [ view_filter ] --START--
INFO: Run Behavior\WriteHtmlCacheBehavior [ RunTime:0.000547s ]
INFO: [ view_filter ] --END-- [ RunTime:0.000676s ]
INFO: [ app_end ] --START--
INFO: Run Behavior\ShowPageTraceBehavior [ RunTime:0.003498s ]
INFO: [ app_end ] --END-- [ RunTime:0.003641s ]

[ 2014-04-30T22:43:03+08:00 ] ::1 /jiayi/index.php/Home/admin/index/type/side3
INFO: [ app_init ] --START--
INFO: Run Behavior\BuildLiteBehavior [ RunTime:0.000025s ]
INFO: [ app_init ] --END-- [ RunTime:0.000724s ]
INFO: [ app_begin ] --START--
INFO: Run Behavior\ReadHtmlCacheBehavior [ RunTime:0.000828s ]
INFO: [ app_begin ] --END-- [ RunTime:0.000989s ]
NOTIC: [8192] mysql_connect(): The mysql extension is deprecated and will be removed in the future: use mysqli or PDO instead /Applications/MAMP/htdocs/jiayi/ThinkPHP/Library/Think/Db/Driver/Mysql.class.php 第 52 行.
SQL: SHOW COLUMNS FROM `goodslist` [ RunTime:0.001411s ]
SQL: SELECT `name` FROM `goodslist` WHERE ( classorcompetition='class' )  [ RunTime:0.000435s ]
SQL: SHOW COLUMNS FROM `set` [ RunTime:0.001677s ]
SQL: SELECT `value` FROM `set` WHERE ( name='vip' ) LIMIT 1   [ RunTime:0.000369s ]
INFO: [ view_parse ] --START--
INFO: [ template_filter ] --START--
INFO: Run Behavior\ContentReplaceBehavior [ RunTime:0.000123s ]
INFO: [ template_filter ] --END-- [ RunTime:0.000237s ]
INFO: Run Behavior\ParseTemplateBehavior [ RunTime:0.025520s ]
INFO: [ view_parse ] --END-- [ RunTime:0.025650s ]
INFO: [ view_filter ] --START--
INFO: Run Behavior\WriteHtmlCacheBehavior [ RunTime:0.000194s ]
INFO: [ view_filter ] --END-- [ RunTime:0.000272s ]
INFO: [ app_end ] --START--
INFO: Run Behavior\ShowPageTraceBehavior [ RunTime:0.000782s ]
INFO: [ app_end ] --END-- [ RunTime:0.000865s ]

[ 2014-04-30T22:43:50+08:00 ] ::1 /jiayi/index.php/Home/admin/index/type/side3
INFO: [ app_init ] --START--
INFO: Run Behavior\BuildLiteBehavior [ RunTime:0.000029s ]
INFO: [ app_init ] --END-- [ RunTime:0.001026s ]
INFO: [ app_begin ] --START--
INFO: Run Behavior\ReadHtmlCacheBehavior [ RunTime:0.001070s ]
INFO: [ app_begin ] --END-- [ RunTime:0.001175s ]
NOTIC: [8192] mysql_connect(): The mysql extension is deprecated and will be removed in the future: use mysqli or PDO instead /Applications/MAMP/htdocs/jiayi/ThinkPHP/Library/Think/Db/Driver/Mysql.class.php 第 52 行.
SQL: SHOW COLUMNS FROM `goodslist` [ RunTime:0.001308s ]
SQL: SELECT `name` FROM `goodslist` WHERE ( classorcompetition='class' )  [ RunTime:0.000382s ]
SQL: SHOW COLUMNS FROM `set` [ RunTime:0.002062s ]
SQL: SELECT `value` FROM `set` WHERE ( name='vip' ) LIMIT 1   [ RunTime:0.000291s ]
INFO: [ view_parse ] --START--
INFO: [ template_filter ] --START--
INFO: Run Behavior\ContentReplaceBehavior [ RunTime:0.000111s ]
INFO: [ template_filter ] --END-- [ RunTime:0.000221s ]
INFO: Run Behavior\ParseTemplateBehavior [ RunTime:0.025084s ]
INFO: [ view_parse ] --END-- [ RunTime:0.025166s ]
INFO: [ view_filter ] --START--
INFO: Run Behavior\WriteHtmlCacheBehavior [ RunTime:0.000599s ]
INFO: [ view_filter ] --END-- [ RunTime:0.000705s ]
INFO: [ app_end ] --START--
INFO: Run Behavior\ShowPageTraceBehavior [ RunTime:0.001180s ]
INFO: [ app_end ] --END-- [ RunTime:0.001291s ]

[ 2014-04-30T22:44:30+08:00 ] ::1 /jiayi/index.php/Home/admin/index/type/side3
INFO: [ app_init ] --START--
INFO: Run Behavior\BuildLiteBehavior [ RunTime:0.000024s ]
INFO: [ app_init ] --END-- [ RunTime:0.000871s ]
INFO: [ app_begin ] --START--
INFO: Run Behavior\ReadHtmlCacheBehavior [ RunTime:0.001177s ]
INFO: [ app_begin ] --END-- [ RunTime:0.001306s ]
NOTIC: [8192] mysql_connect(): The mysql extension is deprecated and will be removed in the future: use mysqli or PDO instead /Applications/MAMP/htdocs/jiayi/ThinkPHP/Library/Think/Db/Driver/Mysql.class.php 第 52 行.
SQL: SHOW COLUMNS FROM `goodslist` [ RunTime:0.002408s ]
SQL: SELECT `name` FROM `goodslist` WHERE ( classorcompetition='class' )  [ RunTime:0.000309s ]
SQL: SHOW COLUMNS FROM `set` [ RunTime:0.000920s ]
SQL: SELECT `value` FROM `set` WHERE ( name='vip' ) LIMIT 1   [ RunTime:0.000193s ]
INFO: [ view_parse ] --START--
INFO: [ template_filter ] --START--
INFO: Run Behavior\ContentReplaceBehavior [ RunTime:0.000178s ]
INFO: [ template_filter ] --END-- [ RunTime:0.000315s ]
INFO: Run Behavior\ParseTemplateBehavior [ RunTime:0.025657s ]
INFO: [ view_parse ] --END-- [ RunTime:0.025812s ]
INFO: [ view_filter ] --START--
INFO: Run Behavior\WriteHtmlCacheBehavior [ RunTime:0.000558s ]
INFO: [ view_filter ] --END-- [ RunTime:0.000675s ]
INFO: [ app_end ] --START--
INFO: Run Behavior\ShowPageTraceBehavior [ RunTime:0.001413s ]
INFO: [ app_end ] --END-- [ RunTime:0.001592s ]

[ 2014-04-30T22:45:04+08:00 ] ::1 /jiayi/index.php/Home/admin/index/type/side3
INFO: [ app_init ] --START--
INFO: Run Behavior\BuildLiteBehavior [ RunTime:0.000046s ]
INFO: [ app_init ] --END-- [ RunTime:0.001166s ]
INFO: [ app_begin ] --START--
INFO: Run Behavior\ReadHtmlCacheBehavior [ RunTime:0.001066s ]
INFO: [ app_begin ] --END-- [ RunTime:0.001197s ]
NOTIC: [8192] mysql_connect(): The mysql extension is deprecated and will be removed in the future: use mysqli or PDO instead /Applications/MAMP/htdocs/jiayi/ThinkPHP/Library/Think/Db/Driver/Mysql.class.php 第 52 行.
SQL: SHOW COLUMNS FROM `goodslist` [ RunTime:0.002592s ]
SQL: SELECT `name` FROM `goodslist` WHERE ( classorcompetition='class' )  [ RunTime:0.000288s ]
SQL: SHOW COLUMNS FROM `set` [ RunTime:0.001214s ]
SQL: SELECT `value` FROM `set` WHERE ( name='vip' ) LIMIT 1   [ RunTime:0.000230s ]
INFO: [ view_parse ] --START--
INFO: [ template_filter ] --START--
INFO: Run Behavior\ContentReplaceBehavior [ RunTime:0.000120s ]
INFO: [ template_filter ] --END-- [ RunTime:0.000219s ]
INFO: Run Behavior\ParseTemplateBehavior [ RunTime:0.024427s ]
INFO: [ view_parse ] --END-- [ RunTime:0.024516s ]
INFO: [ view_filter ] --START--
INFO: Run Behavior\WriteHtmlCacheBehavior [ RunTime:0.000567s ]
INFO: [ view_filter ] --END-- [ RunTime:0.000658s ]
INFO: [ app_end ] --START--
INFO: Run Behavior\ShowPageTraceBehavior [ RunTime:0.001287s ]
INFO: [ app_end ] --END-- [ RunTime:0.001405s ]

[ 2014-04-30T22:45:07+08:00 ] ::1 /jiayi/index.php/Home/admin/index/type/side3
INFO: [ app_init ] --START--
INFO: Run Behavior\BuildLiteBehavior [ RunTime:0.000018s ]
INFO: [ app_init ] --END-- [ RunTime:0.000407s ]
INFO: [ app_begin ] --START--
INFO: Run Behavior\ReadHtmlCacheBehavior [ RunTime:0.000507s ]
INFO: [ app_begin ] --END-- [ RunTime:0.000584s ]
NOTIC: [8192] mysql_connect(): The mysql extension is deprecated and will be removed in the future: use mysqli or PDO instead /Applications/MAMP/htdocs/jiayi/ThinkPHP/Library/Think/Db/Driver/Mysql.class.php 第 52 行.
SQL: SHOW COLUMNS FROM `goodslist` [ RunTime:0.001278s ]
SQL: SELECT `name` FROM `goodslist` WHERE ( classorcompetition='class' )  [ RunTime:0.000236s ]
SQL: SHOW COLUMNS FROM `set` [ RunTime:0.001180s ]
SQL: SELECT `value` FROM `set` WHERE ( name='vip' ) LIMIT 1   [ RunTime:0.000308s ]
INFO: [ view_parse ] --START--
INFO: [ template_filter ] --START--
INFO: Run Behavior\ContentReplaceBehavior [ RunTime:0.000111s ]
INFO: [ template_filter ] --END-- [ RunTime:0.000205s ]
INFO: Run Behavior\ParseTemplateBehavior [ RunTime:0.024045s ]
INFO: [ view_parse ] --END-- [ RunTime:0.024130s ]
INFO: [ view_filter ] --START--
INFO: Run Behavior\WriteHtmlCacheBehavior [ RunTime:0.000179s ]
INFO: [ view_filter ] --END-- [ RunTime:0.000233s ]
INFO: [ app_end ] --START--
INFO: Run Behavior\ShowPageTraceBehavior [ RunTime:0.000638s ]
INFO: [ app_end ] --END-- [ RunTime:0.000714s ]

[ 2014-04-30T22:45:42+08:00 ] ::1 /jiayi/index.php/Home/admin/index/type/side3
INFO: [ app_init ] --START--
INFO: Run Behavior\BuildLiteBehavior [ RunTime:0.000040s ]
INFO: [ app_init ] --END-- [ RunTime:0.001458s ]
INFO: [ app_begin ] --START--
INFO: Run Behavior\ReadHtmlCacheBehavior [ RunTime:0.001563s ]
INFO: [ app_begin ] --END-- [ RunTime:0.001730s ]
NOTIC: [8192] mysql_connect(): The mysql extension is deprecated and will be removed in the future: use mysqli or PDO instead /Applications/MAMP/htdocs/jiayi/ThinkPHP/Library/Think/Db/Driver/Mysql.class.php 第 52 行.
SQL: SHOW COLUMNS FROM `goodslist` [ RunTime:0.001858s ]
SQL: SELECT `name` FROM `goodslist` WHERE ( classorcompetition='class' )  [ RunTime:0.000260s ]
SQL: SHOW COLUMNS FROM `set` [ RunTime:0.000982s ]
SQL: SELECT `value` FROM `set` WHERE ( name='vip' ) LIMIT 1   [ RunTime:0.000206s ]
INFO: [ view_parse ] --START--
INFO: [ template_filter ] --START--
INFO: Run Behavior\ContentReplaceBehavior [ RunTime:0.000118s ]
INFO: [ template_filter ] --END-- [ RunTime:0.000216s ]
INFO: Run Behavior\ParseTemplateBehavior [ RunTime:0.027271s ]
INFO: [ view_parse ] --END-- [ RunTime:0.027369s ]
INFO: [ view_filter ] --START--
INFO: Run Behavior\WriteHtmlCacheBehavior [ RunTime:0.000537s ]
INFO: [ view_filter ] --END-- [ RunTime:0.000638s ]
INFO: [ app_end ] --START--
INFO: Run Behavior\ShowPageTraceBehavior [ RunTime:0.001341s ]
INFO: [ app_end ] --END-- [ RunTime:0.001459s ]

[ 2014-04-30T22:46:01+08:00 ] ::1 /jiayi/index.php/Home/admin/index/type/side3
INFO: [ app_init ] --START--
INFO: Run Behavior\BuildLiteBehavior [ RunTime:0.000048s ]
INFO: [ app_init ] --END-- [ RunTime:0.000974s ]
INFO: [ app_begin ] --START--
INFO: Run Behavior\ReadHtmlCacheBehavior [ RunTime:0.001120s ]
INFO: [ app_begin ] --END-- [ RunTime:0.001285s ]
NOTIC: [8192] mysql_connect(): The mysql extension is deprecated and will be removed in the future: use mysqli or PDO instead /Applications/MAMP/htdocs/jiayi/ThinkPHP/Library/Think/Db/Driver/Mysql.class.php 第 52 行.
SQL: SHOW COLUMNS FROM `goodslist` [ RunTime:0.001575s ]
SQL: SELECT `name` FROM `goodslist` WHERE ( classorcompetition='class' )  [ RunTime:0.000383s ]
SQL: SHOW COLUMNS FROM `set` [ RunTime:0.003577s ]
SQL: SELECT `value` FROM `set` WHERE ( name='vip' ) LIMIT 1   [ RunTime:0.000625s ]
INFO: [ view_parse ] --START--
INFO: [ template_filter ] --START--
INFO: Run Behavior\ContentReplaceBehavior [ RunTime:0.000154s ]
INFO: [ template_filter ] --END-- [ RunTime:0.000265s ]
INFO: Run Behavior\ParseTemplateBehavior [ RunTime:0.060705s ]
INFO: [ view_parse ] --END-- [ RunTime:0.060964s ]
INFO: [ view_filter ] --START--
INFO: Run Behavior\WriteHtmlCacheBehavior [ RunTime:0.000455s ]
INFO: [ view_filter ] --END-- [ RunTime:0.000584s ]
INFO: [ app_end ] --START--
INFO: Run Behavior\ShowPageTraceBehavior [ RunTime:0.001279s ]
INFO: [ app_end ] --END-- [ RunTime:0.001419s ]

[ 2014-04-30T22:46:11+08:00 ] ::1 /jiayi/index.php/Home/admin/index/type/side3
INFO: [ app_init ] --START--
INFO: Run Behavior\BuildLiteBehavior [ RunTime:0.000031s ]
INFO: [ app_init ] --END-- [ RunTime:0.001089s ]
INFO: [ app_begin ] --START--
INFO: Run Behavior\ReadHtmlCacheBehavior [ RunTime:0.001382s ]
INFO: [ app_begin ] --END-- [ RunTime:0.001540s ]
NOTIC: [8192] mysql_connect(): The mysql extension is deprecated and will be removed in the future: use mysqli or PDO instead /Applications/MAMP/htdocs/jiayi/ThinkPHP/Library/Think/Db/Driver/Mysql.class.php 第 52 行.
SQL: SHOW COLUMNS FROM `goodslist` [ RunTime:0.001459s ]
SQL: SELECT `name` FROM `goodslist` WHERE ( classorcompetition='class' )  [ RunTime:0.000330s ]
SQL: SHOW COLUMNS FROM `set` [ RunTime:0.002539s ]
SQL: SELECT `value` FROM `set` WHERE ( name='vip' ) LIMIT 1   [ RunTime:0.000294s ]
INFO: [ view_parse ] --START--
INFO: [ template_filter ] --START--
INFO: Run Behavior\ContentReplaceBehavior [ RunTime:0.000115s ]
INFO: [ template_filter ] --END-- [ RunTime:0.000216s ]
INFO: Run Behavior\ParseTemplateBehavior [ RunTime:0.031517s ]
INFO: [ view_parse ] --END-- [ RunTime:0.031676s ]
INFO: [ view_filter ] --START--
INFO: Run Behavior\WriteHtmlCacheBehavior [ RunTime:0.000518s ]
INFO: [ view_filter ] --END-- [ RunTime:0.000619s ]
INFO: [ app_end ] --START--
INFO: Run Behavior\ShowPageTraceBehavior [ RunTime:0.001539s ]
INFO: [ app_end ] --END-- [ RunTime:0.001668s ]

[ 2014-04-30T22:46:29+08:00 ] ::1 /jiayi/index.php/Home/admin/index/type/side3
INFO: [ app_init ] --START--
INFO: Run Behavior\BuildLiteBehavior [ RunTime:0.000038s ]
INFO: [ app_init ] --END-- [ RunTime:0.000798s ]
INFO: [ app_begin ] --START--
INFO: Run Behavior\ReadHtmlCacheBehavior [ RunTime:0.000972s ]
INFO: [ app_begin ] --END-- [ RunTime:0.001130s ]
NOTIC: [8192] mysql_connect(): The mysql extension is deprecated and will be removed in the future: use mysqli or PDO instead /Applications/MAMP/htdocs/jiayi/ThinkPHP/Library/Think/Db/Driver/Mysql.class.php 第 52 行.
SQL: SHOW COLUMNS FROM `goodslist` [ RunTime:0.001442s ]
SQL: SELECT `name` FROM `goodslist` WHERE ( classorcompetition='class' )  [ RunTime:0.000312s ]
SQL: SHOW COLUMNS FROM `set` [ RunTime:0.001034s ]
SQL: SELECT `value` FROM `set` WHERE ( name='vip' ) LIMIT 1   [ RunTime:0.000291s ]
INFO: [ view_parse ] --START--
INFO: [ template_filter ] --START--
INFO: Run Behavior\ContentReplaceBehavior [ RunTime:0.000117s ]
INFO: [ template_filter ] --END-- [ RunTime:0.000211s ]
INFO: Run Behavior\ParseTemplateBehavior [ RunTime:0.022687s ]
INFO: [ view_parse ] --END-- [ RunTime:0.022884s ]
INFO: [ view_filter ] --START--
INFO: Run Behavior\WriteHtmlCacheBehavior [ RunTime:0.000285s ]
INFO: [ view_filter ] --END-- [ RunTime:0.000673s ]
INFO: [ app_end ] --START--
INFO: Run Behavior\ShowPageTraceBehavior [ RunTime:0.001589s ]
INFO: [ app_end ] --END-- [ RunTime:0.001802s ]

[ 2014-04-30T22:47:29+08:00 ] ::1 /jiayi/index.php/Home/admin/index/type/side3
INFO: [ app_init ] --START--
INFO: Run Behavior\BuildLiteBehavior [ RunTime:0.000035s ]
INFO: [ app_init ] --END-- [ RunTime:0.001146s ]
INFO: [ app_begin ] --START--
INFO: Run Behavior\ReadHtmlCacheBehavior [ RunTime:0.001620s ]
INFO: [ app_begin ] --END-- [ RunTime:0.001791s ]
NOTIC: [8192] mysql_connect(): The mysql extension is deprecated and will be removed in the future: use mysqli or PDO instead /Applications/MAMP/htdocs/jiayi/ThinkPHP/Library/Think/Db/Driver/Mysql.class.php 第 52 行.
SQL: SHOW COLUMNS FROM `goodslist` [ RunTime:0.002956s ]
SQL: SELECT `name` FROM `goodslist` WHERE ( classorcompetition='class' )  [ RunTime:0.000485s ]
SQL: SHOW COLUMNS FROM `set` [ RunTime:0.001446s ]
SQL: SELECT `value` FROM `set` WHERE ( name='vip' ) LIMIT 1   [ RunTime:0.000310s ]
INFO: [ view_parse ] --START--
INFO: [ template_filter ] --START--
INFO: Run Behavior\ContentReplaceBehavior [ RunTime:0.000149s ]
INFO: [ template_filter ] --END-- [ RunTime:0.000278s ]
INFO: Run Behavior\ParseTemplateBehavior [ RunTime:0.031985s ]
INFO: [ view_parse ] --END-- [ RunTime:0.032194s ]
INFO: [ view_filter ] --START--
INFO: Run Behavior\WriteHtmlCacheBehavior [ RunTime:0.000532s ]
INFO: [ view_filter ] --END-- [ RunTime:0.000630s ]
INFO: [ app_end ] --START--
INFO: Run Behavior\ShowPageTraceBehavior [ RunTime:0.002668s ]
INFO: [ app_end ] --END-- [ RunTime:0.002801s ]

[ 2014-04-30T22:47:55+08:00 ] ::1 /jiayi/index.php/Home/admin/index/type/side3
INFO: [ app_init ] --START--
INFO: Run Behavior\BuildLiteBehavior [ RunTime:0.000043s ]
INFO: [ app_init ] --END-- [ RunTime:0.001315s ]
INFO: [ app_begin ] --START--
INFO: Run Behavior\ReadHtmlCacheBehavior [ RunTime:0.001735s ]
INFO: [ app_begin ] --END-- [ RunTime:0.001926s ]
NOTIC: [8192] mysql_connect(): The mysql extension is deprecated and will be removed in the future: use mysqli or PDO instead /Applications/MAMP/htdocs/jiayi/ThinkPHP/Library/Think/Db/Driver/Mysql.class.php 第 52 行.
SQL: SHOW COLUMNS FROM `goodslist` [ RunTime:0.001238s ]
SQL: SELECT `name` FROM `goodslist` WHERE ( classorcompetition='class' )  [ RunTime:0.000364s ]
SQL: SHOW COLUMNS FROM `set` [ RunTime:0.001456s ]
SQL: SELECT `value` FROM `set` WHERE ( name='vip' ) LIMIT 1   [ RunTime:0.000265s ]
INFO: [ view_parse ] --START--
INFO: [ template_filter ] --START--
INFO: Run Behavior\ContentReplaceBehavior [ RunTime:0.000189s ]
INFO: [ template_filter ] --END-- [ RunTime:0.000325s ]
INFO: Run Behavior\ParseTemplateBehavior [ RunTime:0.045766s ]
INFO: [ view_parse ] --END-- [ RunTime:0.045899s ]
INFO: [ view_filter ] --START--
INFO: Run Behavior\WriteHtmlCacheBehavior [ RunTime:0.000544s ]
INFO: [ view_filter ] --END-- [ RunTime:0.000650s ]
INFO: [ app_end ] --START--
INFO: Run Behavior\ShowPageTraceBehavior [ RunTime:0.001835s ]
INFO: [ app_end ] --END-- [ RunTime:0.001971s ]

[ 2014-04-30T22:51:13+08:00 ] ::1 /jiayi/index.php/Home/admin/index/type/side3
INFO: [ app_init ] --START--
INFO: Run Behavior\BuildLiteBehavior [ RunTime:0.000041s ]
INFO: [ app_init ] --END-- [ RunTime:0.001238s ]
INFO: [ app_begin ] --START--
INFO: Run Behavior\ReadHtmlCacheBehavior [ RunTime:0.001341s ]
INFO: [ app_begin ] --END-- [ RunTime:0.001456s ]
NOTIC: [8192] mysql_connect(): The mysql extension is deprecated and will be removed in the future: use mysqli or PDO instead /Applications/MAMP/htdocs/jiayi/ThinkPHP/Library/Think/Db/Driver/Mysql.class.php 第 52 行.
SQL: SHOW COLUMNS FROM `goodslist` [ RunTime:0.003388s ]
SQL: SELECT `name` FROM `goodslist` WHERE ( classorcompetition='class' )  [ RunTime:0.000594s ]
SQL: SHOW COLUMNS FROM `set` [ RunTime:0.000979s ]
SQL: SELECT `value` FROM `set` WHERE ( name='vip' ) LIMIT 1   [ RunTime:0.000311s ]
INFO: [ view_parse ] --START--
INFO: [ template_filter ] --START--
INFO: Run Behavior\ContentReplaceBehavior [ RunTime:0.000120s ]
INFO: [ template_filter ] --END-- [ RunTime:0.000215s ]
INFO: Run Behavior\ParseTemplateBehavior [ RunTime:0.028265s ]
INFO: [ view_parse ] --END-- [ RunTime:0.028388s ]
INFO: [ view_filter ] --START--
INFO: Run Behavior\WriteHtmlCacheBehavior [ RunTime:0.000654s ]
INFO: [ view_filter ] --END-- [ RunTime:0.000762s ]
INFO: [ app_end ] --START--
INFO: Run Behavior\ShowPageTraceBehavior [ RunTime:0.001643s ]
INFO: [ app_end ] --END-- [ RunTime:0.001777s ]

[ 2014-04-30T22:51:57+08:00 ] ::1 /jiayi/index.php/Home/Admin/changeimg/id/1
INFO: [ app_init ] --START--
INFO: Run Behavior\BuildLiteBehavior [ RunTime:0.000053s ]
INFO: [ app_init ] --END-- [ RunTime:0.001482s ]
INFO: [ app_begin ] --START--
INFO: Run Behavior\ReadHtmlCacheBehavior [ RunTime:0.001423s ]
INFO: [ app_begin ] --END-- [ RunTime:0.001645s ]
NOTIC: [8192] mysql_connect(): The mysql extension is deprecated and will be removed in the future: use mysqli or PDO instead /Applications/MAMP/htdocs/jiayi/ThinkPHP/Library/Think/Db/Driver/Mysql.class.php 第 52 行.
SQL: SHOW COLUMNS FROM `set` [ RunTime:0.001579s ]
NOTIC: [2] call_user_func() expects parameter 1 to be a valid callback, no array or string given /Applications/MAMP/htdocs/jiayi/ThinkPHP/Library/Think/Upload.class.php 第 167 行.
SQL: UPDATE `set` SET `avalue`='http://baidu.com',`value`='/Public/Uploads/2014-04-30/1398869517_928074569.jpg' WHERE ( name='photo1' ) [ RunTime:0.053399s ]
INFO: [ app_end ] --START--
INFO: Run Behavior\ShowPageTraceBehavior [ RunTime:0.001763s ]
INFO: [ app_end ] --END-- [ RunTime:0.001914s ]

[ 2014-04-30T22:52:16+08:00 ] ::1 /jiayi/
INFO: [ app_init ] --START--
INFO: Run Behavior\BuildLiteBehavior [ RunTime:0.000026s ]
INFO: [ app_init ] --END-- [ RunTime:0.001027s ]
INFO: [ app_begin ] --START--
INFO: Run Behavior\ReadHtmlCacheBehavior [ RunTime:0.001175s ]
INFO: [ app_begin ] --END-- [ RunTime:0.001297s ]
NOTIC: [8192] mysql_connect(): The mysql extension is deprecated and will be removed in the future: use mysqli or PDO instead /Applications/MAMP/htdocs/jiayi/ThinkPHP/Library/Think/Db/Driver/Mysql.class.php 第 52 行.
SQL: SHOW COLUMNS FROM `set` [ RunTime:0.000925s ]
SQL: SELECT * FROM `set` WHERE ( name='photo1' ) LIMIT 1   [ RunTime:0.001448s ]
SQL: SELECT * FROM `set` WHERE ( name='photo2' ) LIMIT 1   [ RunTime:0.000418s ]
SQL: SELECT * FROM `set` WHERE ( name='photo3' ) LIMIT 1   [ RunTime:0.000366s ]
SQL: SELECT * FROM `set` WHERE ( name='photo4' ) LIMIT 1   [ RunTime:0.000232s ]
SQL: SELECT * FROM `set` WHERE ( name='photo5' ) LIMIT 1   [ RunTime:0.000461s ]
INFO: [ view_parse ] --START--
INFO: [ template_filter ] --START--
INFO: Run Behavior\ContentReplaceBehavior [ RunTime:0.000101s ]
INFO: [ template_filter ] --END-- [ RunTime:0.000191s ]
INFO: Run Behavior\ParseTemplateBehavior [ RunTime:0.031900s ]
INFO: [ view_parse ] --END-- [ RunTime:0.032053s ]
INFO: [ view_filter ] --START--
INFO: Run Behavior\WriteHtmlCacheBehavior [ RunTime:0.000477s ]
INFO: [ view_filter ] --END-- [ RunTime:0.000551s ]
INFO: [ app_end ] --START--
INFO: Run Behavior\ShowPageTraceBehavior [ RunTime:0.001076s ]
INFO: [ app_end ] --END-- [ RunTime:0.001168s ]

[ 2014-04-30T22:54:17+08:00 ] ::1 /jiayi/index.php/Home/admin/index/type/side3
INFO: [ app_init ] --START--
INFO: Run Behavior\BuildLiteBehavior [ RunTime:0.000043s ]
INFO: [ app_init ] --END-- [ RunTime:0.001668s ]
INFO: [ app_begin ] --START--
INFO: Run Behavior\ReadHtmlCacheBehavior [ RunTime:0.001881s ]
INFO: [ app_begin ] --END-- [ RunTime:0.002081s ]
NOTIC: [8192] mysql_connect(): The mysql extension is deprecated and will be removed in the future: use mysqli or PDO instead /Applications/MAMP/htdocs/jiayi/ThinkPHP/Library/Think/Db/Driver/Mysql.class.php 第 52 行.
SQL: SHOW COLUMNS FROM `goodslist` [ RunTime:0.003244s ]
SQL: SELECT `name` FROM `goodslist` WHERE ( classorcompetition='class' )  [ RunTime:0.000621s ]
SQL: SHOW COLUMNS FROM `set` [ RunTime:0.001407s ]
SQL: SELECT `value` FROM `set` WHERE ( name='vip' ) LIMIT 1   [ RunTime:0.000397s ]
INFO: [ view_parse ] --START--
INFO: [ template_filter ] --START--
INFO: Run Behavior\ContentReplaceBehavior [ RunTime:0.000108s ]
INFO: [ template_filter ] --END-- [ RunTime:0.000217s ]
INFO: Run Behavior\ParseTemplateBehavior [ RunTime:0.028644s ]
INFO: [ view_parse ] --END-- [ RunTime:0.028798s ]
INFO: [ view_filter ] --START--
INFO: Run Behavior\WriteHtmlCacheBehavior [ RunTime:0.000608s ]
INFO: [ view_filter ] --END-- [ RunTime:0.000718s ]
INFO: [ app_end ] --START--
INFO: Run Behavior\ShowPageTraceBehavior [ RunTime:0.001362s ]
INFO: [ app_end ] --END-- [ RunTime:0.001513s ]

[ 2014-04-30T22:54:38+08:00 ] ::1 /jiayi/index.php/Home/Admin/changeimg/id/2
INFO: [ app_init ] --START--
INFO: Run Behavior\BuildLiteBehavior [ RunTime:0.000052s ]
INFO: [ app_init ] --END-- [ RunTime:0.001908s ]
INFO: [ app_begin ] --START--
INFO: Run Behavior\ReadHtmlCacheBehavior [ RunTime:0.001302s ]
INFO: [ app_begin ] --END-- [ RunTime:0.001446s ]
NOTIC: [8192] mysql_connect(): The mysql extension is deprecated and will be removed in the future: use mysqli or PDO instead /Applications/MAMP/htdocs/jiayi/ThinkPHP/Library/Think/Db/Driver/Mysql.class.php 第 52 行.
SQL: SHOW COLUMNS FROM `set` [ RunTime:0.002507s ]
NOTIC: [2] call_user_func() expects parameter 1 to be a valid callback, no array or string given /Applications/MAMP/htdocs/jiayi/ThinkPHP/Library/Think/Upload.class.php 第 167 行.
INFO: [ view_parse ] --START--
INFO: [ template_filter ] --START--
INFO: Run Behavior\ContentReplaceBehavior [ RunTime:0.000117s ]
INFO: [ template_filter ] --END-- [ RunTime:0.000334s ]
INFO: Run Behavior\ParseTemplateBehavior [ RunTime:0.019607s ]
INFO: [ view_parse ] --END-- [ RunTime:0.019824s ]
INFO: [ view_filter ] --START--
INFO: Run Behavior\WriteHtmlCacheBehavior [ RunTime:0.000561s ]
INFO: [ view_filter ] --END-- [ RunTime:0.000690s ]
SQL: UPDATE `set` SET `avalue`='http://zjustreet.com',`value`='/Public/Uploads/2014-04-30/1398869678_1156601252.jpg' WHERE ( name='photo2' ) [ RunTime:0.004816s ]
INFO: [ app_end ] --START--
INFO: Run Behavior\ShowPageTraceBehavior [ RunTime:0.001821s ]
INFO: [ app_end ] --END-- [ RunTime:0.001955s ]

[ 2014-04-30T22:54:45+08:00 ] ::1 /jiayi/
INFO: [ app_init ] --START--
INFO: Run Behavior\BuildLiteBehavior [ RunTime:0.000022s ]
INFO: [ app_init ] --END-- [ RunTime:0.000548s ]
INFO: [ app_begin ] --START--
INFO: Run Behavior\ReadHtmlCacheBehavior [ RunTime:0.000828s ]
INFO: [ app_begin ] --END-- [ RunTime:0.000928s ]
NOTIC: [8192] mysql_connect(): The mysql extension is deprecated and will be removed in the future: use mysqli or PDO instead /Applications/MAMP/htdocs/jiayi/ThinkPHP/Library/Think/Db/Driver/Mysql.class.php 第 52 行.
SQL: SHOW COLUMNS FROM `set` [ RunTime:0.001502s ]
SQL: SELECT * FROM `set` WHERE ( name='photo1' ) LIMIT 1   [ RunTime:0.000360s ]
SQL: SELECT * FROM `set` WHERE ( name='photo2' ) LIMIT 1   [ RunTime:0.000451s ]
SQL: SELECT * FROM `set` WHERE ( name='photo3' ) LIMIT 1   [ RunTime:0.000565s ]
SQL: SELECT * FROM `set` WHERE ( name='photo4' ) LIMIT 1   [ RunTime:0.000227s ]
SQL: SELECT * FROM `set` WHERE ( name='photo5' ) LIMIT 1   [ RunTime:0.000211s ]
INFO: [ view_parse ] --START--
INFO: [ template_filter ] --START--
INFO: Run Behavior\ContentReplaceBehavior [ RunTime:0.000098s ]
INFO: [ template_filter ] --END-- [ RunTime:0.000206s ]
INFO: Run Behavior\ParseTemplateBehavior [ RunTime:0.024345s ]
INFO: [ view_parse ] --END-- [ RunTime:0.024498s ]
INFO: [ view_filter ] --START--
INFO: Run Behavior\WriteHtmlCacheBehavior [ RunTime:0.000251s ]
INFO: [ view_filter ] --END-- [ RunTime:0.000320s ]
INFO: [ app_end ] --START--
INFO: Run Behavior\ShowPageTraceBehavior [ RunTime:0.000748s ]
INFO: [ app_end ] --END-- [ RunTime:0.000844s ]

[ 2014-04-30T23:36:17+08:00 ] ::1 /jiayi/
INFO: [ app_init ] --START--
INFO: Run Behavior\BuildLiteBehavior [ RunTime:0.000111s ]
INFO: [ app_init ] --END-- [ RunTime:0.009317s ]
INFO: [ app_begin ] --START--
INFO: Run Behavior\ReadHtmlCacheBehavior [ RunTime:0.002402s ]
INFO: [ app_begin ] --END-- [ RunTime:0.002710s ]
NOTIC: [8192] mysql_connect(): The mysql extension is deprecated and will be removed in the future: use mysqli or PDO instead /Applications/MAMP/htdocs/jiayi/ThinkPHP/Library/Think/Db/Driver/Mysql.class.php 第 52 行.
SQL: SHOW COLUMNS FROM `set` [ RunTime:0.014768s ]
SQL: SELECT * FROM `set` WHERE ( name='photo1' ) LIMIT 1   [ RunTime:0.012401s ]
SQL: SELECT * FROM `set` WHERE ( name='photo2' ) LIMIT 1   [ RunTime:0.000307s ]
SQL: SELECT * FROM `set` WHERE ( name='photo3' ) LIMIT 1   [ RunTime:0.000335s ]
SQL: SELECT * FROM `set` WHERE ( name='photo4' ) LIMIT 1   [ RunTime:0.000210s ]
SQL: SELECT * FROM `set` WHERE ( name='photo5' ) LIMIT 1   [ RunTime:0.000185s ]
INFO: [ view_parse ] --START--
INFO: [ template_filter ] --START--
INFO: Run Behavior\ContentReplaceBehavior [ RunTime:0.000132s ]
INFO: [ template_filter ] --END-- [ RunTime:0.000234s ]
INFO: Run Behavior\ParseTemplateBehavior [ RunTime:0.069132s ]
INFO: [ view_parse ] --END-- [ RunTime:0.069241s ]
INFO: [ view_filter ] --START--
INFO: Run Behavior\WriteHtmlCacheBehavior [ RunTime:0.000535s ]
INFO: [ view_filter ] --END-- [ RunTime:0.000624s ]
INFO: [ app_end ] --START--
INFO: Run Behavior\ShowPageTraceBehavior [ RunTime:0.002084s ]
INFO: [ app_end ] --END-- [ RunTime:0.002205s ]

