[ 2014-04-16T00:00:14+08:00 ] ::1 /jiayi/index.php/Home/User/message/type/receivebox
INFO: [ app_init ] --START--
INFO: Run Behavior\BuildLiteBehavior [ RunTime:0.000038s ]
INFO: [ app_init ] --END-- [ RunTime:0.001192s ]
INFO: [ app_begin ] --START--
INFO: Run Behavior\ReadHtmlCacheBehavior [ RunTime:0.001529s ]
INFO: [ app_begin ] --END-- [ RunTime:0.001690s ]
NOTIC: [8192] mysql_connect(): The mysql extension is deprecated and will be removed in the future: use mysqli or PDO instead /Applications/MAMP/htdocs/jiayi/ThinkPHP/Library/Think/Db/Driver/Mysql.class.php 第 52 行.
SQL: SHOW COLUMNS FROM `user` [ RunTime:0.003169s ]
SQL: SELECT `realname` FROM `user` WHERE ( userclass=1 )  [ RunTime:0.000296s ]
SQL: SHOW COLUMNS FROM `message` [ RunTime:0.001087s ]
SQL: SELECT * FROM `message` WHERE ( fromname='511912708@qq.com' and fromdel=0 )  [ RunTime:0.000262s ]
SQL: SELECT `realname` FROM `user` WHERE ( username='924581160@qq.com' ) LIMIT 1   [ RunTime:0.000156s ]
SQL: SELECT `realname` FROM `user` WHERE ( username='924581160@qq.com' ) LIMIT 1   [ RunTime:0.000143s ]
SQL: SELECT * FROM `message` WHERE ( toname='511912708@qq.com' and todel=0 )  [ RunTime:0.000186s ]
SQL: SELECT `realname` FROM `user` WHERE ( username='924581160@qq.com' ) LIMIT 1   [ RunTime:0.000144s ]
INFO: [ view_parse ] --START--
INFO: [ template_filter ] --START--
INFO: Run Behavior\ContentReplaceBehavior [ RunTime:0.000073s ]
INFO: [ template_filter ] --END-- [ RunTime:0.000154s ]
INFO: Run Behavior\ParseTemplateBehavior [ RunTime:0.019837s ]
INFO: [ view_parse ] --END-- [ RunTime:0.019929s ]
INFO: [ view_filter ] --START--
INFO: Run Behavior\WriteHtmlCacheBehavior [ RunTime:0.000581s ]
INFO: [ view_filter ] --END-- [ RunTime:0.000679s ]
INFO: [ app_end ] --START--
INFO: Run Behavior\ShowPageTraceBehavior [ RunTime:0.001572s ]
INFO: [ app_end ] --END-- [ RunTime:0.001710s ]

[ 2014-04-16T00:00:16+08:00 ] ::1 /jiayi/index.php/Home/User/message/type/sendbox
INFO: [ app_init ] --START--
INFO: Run Behavior\BuildLiteBehavior [ RunTime:0.000019s ]
INFO: [ app_init ] --END-- [ RunTime:0.000385s ]
INFO: [ app_begin ] --START--
INFO: Run Behavior\ReadHtmlCacheBehavior [ RunTime:0.000630s ]
INFO: [ app_begin ] --END-- [ RunTime:0.000717s ]
NOTIC: [8192] mysql_connect(): The mysql extension is deprecated and will be removed in the future: use mysqli or PDO instead /Applications/MAMP/htdocs/jiayi/ThinkPHP/Library/Think/Db/Driver/Mysql.class.php 第 52 行.
SQL: SHOW COLUMNS FROM `user` [ RunTime:0.009579s ]
SQL: SELECT `realname` FROM `user` WHERE ( userclass=1 )  [ RunTime:0.000261s ]
SQL: SHOW COLUMNS FROM `message` [ RunTime:0.001311s ]
SQL: SELECT * FROM `message` WHERE ( fromname='511912708@qq.com' and fromdel=0 )  [ RunTime:0.000247s ]
SQL: SELECT `realname` FROM `user` WHERE ( username='924581160@qq.com' ) LIMIT 1   [ RunTime:0.000143s ]
SQL: SELECT `realname` FROM `user` WHERE ( username='924581160@qq.com' ) LIMIT 1   [ RunTime:0.000149s ]
SQL: SELECT * FROM `message` WHERE ( toname='511912708@qq.com' and todel=0 )  [ RunTime:0.000181s ]
SQL: SELECT `realname` FROM `user` WHERE ( username='924581160@qq.com' ) LIMIT 1   [ RunTime:0.000139s ]
INFO: [ view_parse ] --START--
INFO: [ template_filter ] --START--
INFO: Run Behavior\ContentReplaceBehavior [ RunTime:0.000068s ]
INFO: [ template_filter ] --END-- [ RunTime:0.000146s ]
INFO: Run Behavior\ParseTemplateBehavior [ RunTime:0.015147s ]
INFO: [ view_parse ] --END-- [ RunTime:0.015278s ]
INFO: [ view_filter ] --START--
INFO: Run Behavior\WriteHtmlCacheBehavior [ RunTime:0.000290s ]
INFO: [ view_filter ] --END-- [ RunTime:0.000356s ]
INFO: [ app_end ] --START--
INFO: Run Behavior\ShowPageTraceBehavior [ RunTime:0.000861s ]
INFO: [ app_end ] --END-- [ RunTime:0.000948s ]

[ 2014-04-16T00:00:17+08:00 ] ::1 /jiayi/index.php/Home/User/message/type/receivebox
INFO: [ app_init ] --START--
INFO: Run Behavior\BuildLiteBehavior [ RunTime:0.000018s ]
INFO: [ app_init ] --END-- [ RunTime:0.000376s ]
INFO: [ app_begin ] --START--
INFO: Run Behavior\ReadHtmlCacheBehavior [ RunTime:0.000477s ]
INFO: [ app_begin ] --END-- [ RunTime:0.000541s ]
NOTIC: [8192] mysql_connect(): The mysql extension is deprecated and will be removed in the future: use mysqli or PDO instead /Applications/MAMP/htdocs/jiayi/ThinkPHP/Library/Think/Db/Driver/Mysql.class.php 第 52 行.
SQL: SHOW COLUMNS FROM `user` [ RunTime:0.009459s ]
SQL: SELECT `realname` FROM `user` WHERE ( userclass=1 )  [ RunTime:0.000349s ]
SQL: SHOW COLUMNS FROM `message` [ RunTime:0.001632s ]
SQL: SELECT * FROM `message` WHERE ( fromname='511912708@qq.com' and fromdel=0 )  [ RunTime:0.000363s ]
SQL: SELECT `realname` FROM `user` WHERE ( username='924581160@qq.com' ) LIMIT 1   [ RunTime:0.000312s ]
SQL: SELECT `realname` FROM `user` WHERE ( username='924581160@qq.com' ) LIMIT 1   [ RunTime:0.000504s ]
SQL: SELECT * FROM `message` WHERE ( toname='511912708@qq.com' and todel=0 )  [ RunTime:0.000488s ]
SQL: SELECT `realname` FROM `user` WHERE ( username='924581160@qq.com' ) LIMIT 1   [ RunTime:0.000365s ]
INFO: [ view_parse ] --START--
INFO: [ template_filter ] --START--
INFO: Run Behavior\ContentReplaceBehavior [ RunTime:0.000067s ]
INFO: [ template_filter ] --END-- [ RunTime:0.000138s ]
INFO: Run Behavior\ParseTemplateBehavior [ RunTime:0.014342s ]
INFO: [ view_parse ] --END-- [ RunTime:0.014428s ]
INFO: [ view_filter ] --START--
INFO: Run Behavior\WriteHtmlCacheBehavior [ RunTime:0.000137s ]
INFO: [ view_filter ] --END-- [ RunTime:0.000191s ]
INFO: [ app_end ] --START--
INFO: Run Behavior\ShowPageTraceBehavior [ RunTime:0.000555s ]
INFO: [ app_end ] --END-- [ RunTime:0.000613s ]

[ 2014-04-16T00:00:19+08:00 ] ::1 /jiayi/index.php/Home/User/message/type/sendbox
INFO: [ app_init ] --START--
INFO: Run Behavior\BuildLiteBehavior [ RunTime:0.000021s ]
INFO: [ app_init ] --END-- [ RunTime:0.000437s ]
INFO: [ app_begin ] --START--
INFO: Run Behavior\ReadHtmlCacheBehavior [ RunTime:0.000997s ]
INFO: [ app_begin ] --END-- [ RunTime:0.001165s ]
NOTIC: [8192] mysql_connect(): The mysql extension is deprecated and will be removed in the future: use mysqli or PDO instead /Applications/MAMP/htdocs/jiayi/ThinkPHP/Library/Think/Db/Driver/Mysql.class.php 第 52 行.
SQL: SHOW COLUMNS FROM `user` [ RunTime:0.009268s ]
SQL: SELECT `realname` FROM `user` WHERE ( userclass=1 )  [ RunTime:0.000321s ]
SQL: SHOW COLUMNS FROM `message` [ RunTime:0.001505s ]
SQL: SELECT * FROM `message` WHERE ( fromname='511912708@qq.com' and fromdel=0 )  [ RunTime:0.000708s ]
SQL: SELECT `realname` FROM `user` WHERE ( username='924581160@qq.com' ) LIMIT 1   [ RunTime:0.000282s ]
SQL: SELECT `realname` FROM `user` WHERE ( username='924581160@qq.com' ) LIMIT 1   [ RunTime:0.000166s ]
SQL: SELECT * FROM `message` WHERE ( toname='511912708@qq.com' and todel=0 )  [ RunTime:0.000315s ]
SQL: SELECT `realname` FROM `user` WHERE ( username='924581160@qq.com' ) LIMIT 1   [ RunTime:0.000134s ]
INFO: [ view_parse ] --START--
INFO: [ template_filter ] --START--
INFO: Run Behavior\ContentReplaceBehavior [ RunTime:0.000129s ]
INFO: [ template_filter ] --END-- [ RunTime:0.000263s ]
INFO: Run Behavior\ParseTemplateBehavior [ RunTime:0.015101s ]
INFO: [ view_parse ] --END-- [ RunTime:0.015169s ]
INFO: [ view_filter ] --START--
INFO: Run Behavior\WriteHtmlCacheBehavior [ RunTime:0.000146s ]
INFO: [ view_filter ] --END-- [ RunTime:0.000200s ]
INFO: [ app_end ] --START--
INFO: Run Behavior\ShowPageTraceBehavior [ RunTime:0.000534s ]
INFO: [ app_end ] --END-- [ RunTime:0.000593s ]

[ 2014-04-16T00:00:22+08:00 ] ::1 /jiayi/index.php/Home/User/message/type/send
INFO: [ app_init ] --START--
INFO: Run Behavior\BuildLiteBehavior [ RunTime:0.000018s ]
INFO: [ app_init ] --END-- [ RunTime:0.000380s ]
INFO: [ app_begin ] --START--
INFO: Run Behavior\ReadHtmlCacheBehavior [ RunTime:0.000509s ]
INFO: [ app_begin ] --END-- [ RunTime:0.000577s ]
NOTIC: [8192] mysql_connect(): The mysql extension is deprecated and will be removed in the future: use mysqli or PDO instead /Applications/MAMP/htdocs/jiayi/ThinkPHP/Library/Think/Db/Driver/Mysql.class.php 第 52 行.
SQL: SHOW COLUMNS FROM `user` [ RunTime:0.008913s ]
SQL: SELECT `realname` FROM `user` WHERE ( userclass=1 )  [ RunTime:0.000319s ]
SQL: SHOW COLUMNS FROM `message` [ RunTime:0.001193s ]
SQL: SELECT * FROM `message` WHERE ( fromname='511912708@qq.com' and fromdel=0 )  [ RunTime:0.000267s ]
SQL: SELECT `realname` FROM `user` WHERE ( username='924581160@qq.com' ) LIMIT 1   [ RunTime:0.000157s ]
SQL: SELECT `realname` FROM `user` WHERE ( username='924581160@qq.com' ) LIMIT 1   [ RunTime:0.000142s ]
SQL: SELECT * FROM `message` WHERE ( toname='511912708@qq.com' and todel=0 )  [ RunTime:0.000186s ]
SQL: SELECT `realname` FROM `user` WHERE ( username='924581160@qq.com' ) LIMIT 1   [ RunTime:0.000144s ]
INFO: [ view_parse ] --START--
INFO: [ template_filter ] --START--
INFO: Run Behavior\ContentReplaceBehavior [ RunTime:0.000071s ]
INFO: [ template_filter ] --END-- [ RunTime:0.000147s ]
INFO: Run Behavior\ParseTemplateBehavior [ RunTime:0.013885s ]
INFO: [ view_parse ] --END-- [ RunTime:0.013961s ]
INFO: [ view_filter ] --START--
INFO: Run Behavior\WriteHtmlCacheBehavior [ RunTime:0.000138s ]
INFO: [ view_filter ] --END-- [ RunTime:0.000192s ]
INFO: [ app_end ] --START--
INFO: Run Behavior\ShowPageTraceBehavior [ RunTime:0.000530s ]
INFO: [ app_end ] --END-- [ RunTime:0.000588s ]

[ 2014-04-16T00:09:53+08:00 ] ::1 /jiayi/index.php/Home/User/message/type/send
INFO: [ app_init ] --START--
INFO: Run Behavior\BuildLiteBehavior [ RunTime:0.000020s ]
INFO: [ app_init ] --END-- [ RunTime:0.000435s ]
INFO: [ app_begin ] --START--
INFO: Run Behavior\ReadHtmlCacheBehavior [ RunTime:0.000961s ]
INFO: [ app_begin ] --END-- [ RunTime:0.001076s ]
NOTIC: [8192] mysql_connect(): The mysql extension is deprecated and will be removed in the future: use mysqli or PDO instead /Applications/MAMP/htdocs/jiayi/ThinkPHP/Library/Think/Db/Driver/Mysql.class.php 第 52 行.
SQL: SHOW COLUMNS FROM `user` [ RunTime:0.001331s ]
SQL: SELECT `realname` FROM `user` WHERE ( userclass=1 )  [ RunTime:0.000212s ]
SQL: SHOW COLUMNS FROM `message` [ RunTime:0.001156s ]
SQL: SELECT * FROM `message` WHERE ( fromname='511912708@qq.com' and fromdel=0 )  [ RunTime:0.000335s ]
SQL: SELECT `realname` FROM `user` WHERE ( username='924581160@qq.com' ) LIMIT 1   [ RunTime:0.000239s ]
SQL: SELECT `realname` FROM `user` WHERE ( username='924581160@qq.com' ) LIMIT 1   [ RunTime:0.000404s ]
SQL: SELECT * FROM `message` WHERE ( toname='511912708@qq.com' and todel=0 )  [ RunTime:0.000461s ]
SQL: SELECT `realname` FROM `user` WHERE ( username='924581160@qq.com' ) LIMIT 1   [ RunTime:0.000259s ]
INFO: [ view_parse ] --START--
INFO: [ template_filter ] --START--
INFO: Run Behavior\ContentReplaceBehavior [ RunTime:0.000070s ]
INFO: [ template_filter ] --END-- [ RunTime:0.000148s ]
INFO: Run Behavior\ParseTemplateBehavior [ RunTime:0.015152s ]
INFO: [ view_parse ] --END-- [ RunTime:0.015233s ]
INFO: [ view_filter ] --START--
INFO: Run Behavior\WriteHtmlCacheBehavior [ RunTime:0.000154s ]
INFO: [ view_filter ] --END-- [ RunTime:0.000210s ]
INFO: [ app_end ] --START--
INFO: Run Behavior\ShowPageTraceBehavior [ RunTime:0.000540s ]
INFO: [ app_end ] --END-- [ RunTime:0.000599s ]

[ 2014-04-16T00:10:18+08:00 ] ::1 /jiayi/index.php/Home/User/message/type/send
INFO: [ app_init ] --START--
INFO: Run Behavior\BuildLiteBehavior [ RunTime:0.000018s ]
INFO: [ app_init ] --END-- [ RunTime:0.000385s ]
INFO: [ app_begin ] --START--
INFO: Run Behavior\ReadHtmlCacheBehavior [ RunTime:0.000485s ]
INFO: [ app_begin ] --END-- [ RunTime:0.000548s ]
NOTIC: [8192] mysql_connect(): The mysql extension is deprecated and will be removed in the future: use mysqli or PDO instead /Applications/MAMP/htdocs/jiayi/ThinkPHP/Library/Think/Db/Driver/Mysql.class.php 第 52 行.
SQL: SHOW COLUMNS FROM `user` [ RunTime:0.011336s ]
SQL: SELECT `realname` FROM `user` WHERE ( userclass=1 )  [ RunTime:0.000374s ]
SQL: SHOW COLUMNS FROM `message` [ RunTime:0.005499s ]
SQL: SELECT * FROM `message` WHERE ( fromname='511912708@qq.com' and fromdel=0 )  [ RunTime:0.000408s ]
SQL: SELECT `realname` FROM `user` WHERE ( username='924581160@qq.com' ) LIMIT 1   [ RunTime:0.000231s ]
SQL: SELECT `realname` FROM `user` WHERE ( username='924581160@qq.com' ) LIMIT 1   [ RunTime:0.000208s ]
SQL: SELECT * FROM `message` WHERE ( toname='511912708@qq.com' and todel=0 )  [ RunTime:0.000272s ]
SQL: SELECT `realname` FROM `user` WHERE ( username='924581160@qq.com' ) LIMIT 1   [ RunTime:0.000220s ]
INFO: [ view_parse ] --START--
INFO: [ template_filter ] --START--
INFO: Run Behavior\ContentReplaceBehavior [ RunTime:0.000069s ]
INFO: [ template_filter ] --END-- [ RunTime:0.000148s ]
INFO: Run Behavior\ParseTemplateBehavior [ RunTime:0.017119s ]
INFO: [ view_parse ] --END-- [ RunTime:0.017215s ]
INFO: [ view_filter ] --START--
INFO: Run Behavior\WriteHtmlCacheBehavior [ RunTime:0.000147s ]
INFO: [ view_filter ] --END-- [ RunTime:0.000202s ]
INFO: [ app_end ] --START--
INFO: Run Behavior\ShowPageTraceBehavior [ RunTime:0.000564s ]
INFO: [ app_end ] --END-- [ RunTime:0.000620s ]

[ 2014-04-16T00:11:17+08:00 ] ::1 /jiayi/index.php/Home/User/message/type/send
INFO: [ app_init ] --START--
INFO: Run Behavior\BuildLiteBehavior [ RunTime:0.000029s ]
INFO: [ app_init ] --END-- [ RunTime:0.000503s ]
INFO: [ app_begin ] --START--
INFO: Run Behavior\ReadHtmlCacheBehavior [ RunTime:0.000550s ]
INFO: [ app_begin ] --END-- [ RunTime:0.000621s ]
NOTIC: [8192] mysql_connect(): The mysql extension is deprecated and will be removed in the future: use mysqli or PDO instead /Applications/MAMP/htdocs/jiayi/ThinkPHP/Library/Think/Db/Driver/Mysql.class.php 第 52 行.
SQL: SHOW COLUMNS FROM `user` [ RunTime:0.001550s ]
SQL: SELECT `realname` FROM `user` WHERE ( userclass=1 )  [ RunTime:0.000233s ]
SQL: SHOW COLUMNS FROM `message` [ RunTime:0.001206s ]
SQL: SELECT * FROM `message` WHERE ( fromname='511912708@qq.com' and fromdel=0 )  [ RunTime:0.000348s ]
SQL: SELECT `realname` FROM `user` WHERE ( username='924581160@qq.com' ) LIMIT 1   [ RunTime:0.000238s ]
SQL: SELECT `realname` FROM `user` WHERE ( username='924581160@qq.com' ) LIMIT 1   [ RunTime:0.000266s ]
SQL: SELECT * FROM `message` WHERE ( toname='511912708@qq.com' and todel=0 )  [ RunTime:0.000258s ]
SQL: SELECT `realname` FROM `user` WHERE ( username='924581160@qq.com' ) LIMIT 1   [ RunTime:0.000208s ]
INFO: [ view_parse ] --START--
INFO: [ template_filter ] --START--
INFO: Run Behavior\ContentReplaceBehavior [ RunTime:0.000083s ]
INFO: [ template_filter ] --END-- [ RunTime:0.000175s ]
INFO: Run Behavior\ParseTemplateBehavior [ RunTime:0.017217s ]
INFO: [ view_parse ] --END-- [ RunTime:0.017308s ]
INFO: [ view_filter ] --START--
INFO: Run Behavior\WriteHtmlCacheBehavior [ RunTime:0.000242s ]
INFO: [ view_filter ] --END-- [ RunTime:0.000314s ]
INFO: [ app_end ] --START--
INFO: Run Behavior\ShowPageTraceBehavior [ RunTime:0.001173s ]
INFO: [ app_end ] --END-- [ RunTime:0.001320s ]

[ 2014-04-16T00:11:41+08:00 ] ::1 /jiayi/index.php/Home/User/message/type/send/toteacher/%E9%99%88%E8%80%8C%E5%8F%B7
INFO: [ app_init ] --START--
INFO: Run Behavior\BuildLiteBehavior [ RunTime:0.000031s ]
INFO: [ app_init ] --END-- [ RunTime:0.000569s ]
INFO: [ app_begin ] --START--
INFO: Run Behavior\ReadHtmlCacheBehavior [ RunTime:0.001009s ]
INFO: [ app_begin ] --END-- [ RunTime:0.001139s ]
NOTIC: [8192] mysql_connect(): The mysql extension is deprecated and will be removed in the future: use mysqli or PDO instead /Applications/MAMP/htdocs/jiayi/ThinkPHP/Library/Think/Db/Driver/Mysql.class.php 第 52 行.
SQL: SHOW COLUMNS FROM `user` [ RunTime:0.010292s ]
SQL: SELECT `realname` FROM `user` WHERE ( userclass=1 )  [ RunTime:0.000516s ]
SQL: SHOW COLUMNS FROM `message` [ RunTime:0.001837s ]
SQL: SELECT * FROM `message` WHERE ( fromname='511912708@qq.com' and fromdel=0 )  [ RunTime:0.000842s ]
SQL: SELECT `realname` FROM `user` WHERE ( username='924581160@qq.com' ) LIMIT 1   [ RunTime:0.000359s ]
SQL: SELECT `realname` FROM `user` WHERE ( username='924581160@qq.com' ) LIMIT 1   [ RunTime:0.000202s ]
SQL: SELECT * FROM `message` WHERE ( toname='511912708@qq.com' and todel=0 )  [ RunTime:0.000286s ]
SQL: SELECT `realname` FROM `user` WHERE ( username='924581160@qq.com' ) LIMIT 1   [ RunTime:0.000214s ]
INFO: [ view_parse ] --START--
INFO: [ template_filter ] --START--
INFO: Run Behavior\ContentReplaceBehavior [ RunTime:0.000079s ]
INFO: [ template_filter ] --END-- [ RunTime:0.000168s ]
INFO: Run Behavior\ParseTemplateBehavior [ RunTime:0.017944s ]
INFO: [ view_parse ] --END-- [ RunTime:0.018053s ]
INFO: [ view_filter ] --START--
INFO: Run Behavior\WriteHtmlCacheBehavior [ RunTime:0.000221s ]
INFO: [ view_filter ] --END-- [ RunTime:0.000308s ]
INFO: [ app_end ] --START--
INFO: Run Behavior\ShowPageTraceBehavior [ RunTime:0.000788s ]
INFO: [ app_end ] --END-- [ RunTime:0.000912s ]

[ 2014-04-16T00:13:42+08:00 ] ::1 /jiayi/index.php/Home/User/message/type/send/toteacher/%E9%99%88%E8%80%8C%E5%8F%B7
INFO: [ app_init ] --START--
INFO: Run Behavior\BuildLiteBehavior [ RunTime:0.000017s ]
INFO: [ app_init ] --END-- [ RunTime:0.000395s ]
INFO: [ app_begin ] --START--
INFO: Run Behavior\ReadHtmlCacheBehavior [ RunTime:0.000512s ]
INFO: [ app_begin ] --END-- [ RunTime:0.000593s ]
NOTIC: [8192] mysql_connect(): The mysql extension is deprecated and will be removed in the future: use mysqli or PDO instead /Applications/MAMP/htdocs/jiayi/ThinkPHP/Library/Think/Db/Driver/Mysql.class.php 第 52 行.
SQL: SHOW COLUMNS FROM `user` [ RunTime:0.009558s ]
SQL: SELECT `realname` FROM `user` WHERE ( userclass=1 )  [ RunTime:0.000352s ]
SQL: SHOW COLUMNS FROM `message` [ RunTime:0.001466s ]
SQL: SELECT * FROM `message` WHERE ( fromname='511912708@qq.com' and fromdel=0 )  [ RunTime:0.000370s ]
SQL: SELECT `realname` FROM `user` WHERE ( username='924581160@qq.com' ) LIMIT 1   [ RunTime:0.000229s ]
SQL: SELECT `realname` FROM `user` WHERE ( username='924581160@qq.com' ) LIMIT 1   [ RunTime:0.000208s ]
SQL: SELECT * FROM `message` WHERE ( toname='511912708@qq.com' and todel=0 )  [ RunTime:0.000277s ]
SQL: SELECT `realname` FROM `user` WHERE ( username='924581160@qq.com' ) LIMIT 1   [ RunTime:0.000203s ]
INFO: [ view_parse ] --START--
INFO: [ template_filter ] --START--
INFO: Run Behavior\ContentReplaceBehavior [ RunTime:0.000070s ]
INFO: [ template_filter ] --END-- [ RunTime:0.000145s ]
INFO: Run Behavior\ParseTemplateBehavior [ RunTime:0.016315s ]
INFO: [ view_parse ] --END-- [ RunTime:0.016398s ]
INFO: [ view_filter ] --START--
INFO: Run Behavior\WriteHtmlCacheBehavior [ RunTime:0.000150s ]
INFO: [ view_filter ] --END-- [ RunTime:0.000203s ]
INFO: [ app_end ] --START--
INFO: Run Behavior\ShowPageTraceBehavior [ RunTime:0.000546s ]
INFO: [ app_end ] --END-- [ RunTime:0.000602s ]

[ 2014-04-16T00:14:16+08:00 ] ::1 /jiayi/index.php/Home/User/message/type/send/toteacher/%E9%99%88%E8%80%8C%E5%8F%B7
INFO: [ app_init ] --START--
INFO: Run Behavior\BuildLiteBehavior [ RunTime:0.000018s ]
INFO: [ app_init ] --END-- [ RunTime:0.000377s ]
INFO: [ app_begin ] --START--
INFO: Run Behavior\ReadHtmlCacheBehavior [ RunTime:0.000559s ]
INFO: [ app_begin ] --END-- [ RunTime:0.000635s ]
NOTIC: [8192] mysql_connect(): The mysql extension is deprecated and will be removed in the future: use mysqli or PDO instead /Applications/MAMP/htdocs/jiayi/ThinkPHP/Library/Think/Db/Driver/Mysql.class.php 第 52 行.
SQL: SHOW COLUMNS FROM `user` [ RunTime:0.008729s ]
SQL: SELECT `realname` FROM `user` WHERE ( userclass=1 )  [ RunTime:0.000437s ]
SQL: SHOW COLUMNS FROM `message` [ RunTime:0.001383s ]
SQL: SELECT * FROM `message` WHERE ( fromname='511912708@qq.com' and fromdel=0 )  [ RunTime:0.000277s ]
SQL: SELECT `realname` FROM `user` WHERE ( username='924581160@qq.com' ) LIMIT 1   [ RunTime:0.000158s ]
SQL: SELECT `realname` FROM `user` WHERE ( username='924581160@qq.com' ) LIMIT 1   [ RunTime:0.000143s ]
SQL: SELECT * FROM `message` WHERE ( toname='511912708@qq.com' and todel=0 )  [ RunTime:0.000187s ]
SQL: SELECT `realname` FROM `user` WHERE ( username='924581160@qq.com' ) LIMIT 1   [ RunTime:0.000145s ]
INFO: [ view_parse ] --START--
INFO: [ template_filter ] --START--
INFO: Run Behavior\ContentReplaceBehavior [ RunTime:0.000071s ]
INFO: [ template_filter ] --END-- [ RunTime:0.000148s ]
INFO: Run Behavior\ParseTemplateBehavior [ RunTime:0.015238s ]
INFO: [ view_parse ] --END-- [ RunTime:0.015313s ]
INFO: [ view_filter ] --START--
INFO: Run Behavior\WriteHtmlCacheBehavior [ RunTime:0.000147s ]
INFO: [ view_filter ] --END-- [ RunTime:0.000201s ]
INFO: [ app_end ] --START--
INFO: Run Behavior\ShowPageTraceBehavior [ RunTime:0.000534s ]
INFO: [ app_end ] --END-- [ RunTime:0.000591s ]

[ 2014-04-16T00:14:17+08:00 ] ::1 /jiayi/index.php/Home/User/message/type/receivebox
INFO: [ app_init ] --START--
INFO: Run Behavior\BuildLiteBehavior [ RunTime:0.000018s ]
INFO: [ app_init ] --END-- [ RunTime:0.000382s ]
INFO: [ app_begin ] --START--
INFO: Run Behavior\ReadHtmlCacheBehavior [ RunTime:0.000564s ]
INFO: [ app_begin ] --END-- [ RunTime:0.000638s ]
NOTIC: [8192] mysql_connect(): The mysql extension is deprecated and will be removed in the future: use mysqli or PDO instead /Applications/MAMP/htdocs/jiayi/ThinkPHP/Library/Think/Db/Driver/Mysql.class.php 第 52 行.
SQL: SHOW COLUMNS FROM `user` [ RunTime:0.001300s ]
SQL: SELECT `realname` FROM `user` WHERE ( userclass=1 )  [ RunTime:0.000216s ]
SQL: SHOW COLUMNS FROM `message` [ RunTime:0.000926s ]
SQL: SELECT * FROM `message` WHERE ( fromname='511912708@qq.com' and fromdel=0 )  [ RunTime:0.000336s ]
SQL: SELECT `realname` FROM `user` WHERE ( username='924581160@qq.com' ) LIMIT 1   [ RunTime:0.000239s ]
SQL: SELECT `realname` FROM `user` WHERE ( username='924581160@qq.com' ) LIMIT 1   [ RunTime:0.000381s ]
SQL: SELECT * FROM `message` WHERE ( toname='511912708@qq.com' and todel=0 )  [ RunTime:0.000396s ]
SQL: SELECT `realname` FROM `user` WHERE ( username='924581160@qq.com' ) LIMIT 1   [ RunTime:0.000235s ]
INFO: [ view_parse ] --START--
INFO: [ template_filter ] --START--
INFO: Run Behavior\ContentReplaceBehavior [ RunTime:0.000097s ]
INFO: [ template_filter ] --END-- [ RunTime:0.000204s ]
INFO: Run Behavior\ParseTemplateBehavior [ RunTime:0.020028s ]
INFO: [ view_parse ] --END-- [ RunTime:0.020123s ]
INFO: [ view_filter ] --START--
INFO: Run Behavior\WriteHtmlCacheBehavior [ RunTime:0.000189s ]
INFO: [ view_filter ] --END-- [ RunTime:0.000250s ]
INFO: [ app_end ] --START--
INFO: Run Behavior\ShowPageTraceBehavior [ RunTime:0.000626s ]
INFO: [ app_end ] --END-- [ RunTime:0.000688s ]

[ 2014-04-16T00:14:18+08:00 ] ::1 /jiayi/index.php/Home/User/message/type/sendbox
INFO: [ app_init ] --START--
INFO: Run Behavior\BuildLiteBehavior [ RunTime:0.000020s ]
INFO: [ app_init ] --END-- [ RunTime:0.000431s ]
INFO: [ app_begin ] --START--
INFO: Run Behavior\ReadHtmlCacheBehavior [ RunTime:0.000562s ]
INFO: [ app_begin ] --END-- [ RunTime:0.000639s ]
NOTIC: [8192] mysql_connect(): The mysql extension is deprecated and will be removed in the future: use mysqli or PDO instead /Applications/MAMP/htdocs/jiayi/ThinkPHP/Library/Think/Db/Driver/Mysql.class.php 第 52 行.
SQL: SHOW COLUMNS FROM `user` [ RunTime:0.010175s ]
SQL: SELECT `realname` FROM `user` WHERE ( userclass=1 )  [ RunTime:0.000359s ]
SQL: SHOW COLUMNS FROM `message` [ RunTime:0.001629s ]
SQL: SELECT * FROM `message` WHERE ( fromname='511912708@qq.com' and fromdel=0 )  [ RunTime:0.000414s ]
SQL: SELECT `realname` FROM `user` WHERE ( username='924581160@qq.com' ) LIMIT 1   [ RunTime:0.000175s ]
SQL: SELECT `realname` FROM `user` WHERE ( username='924581160@qq.com' ) LIMIT 1   [ RunTime:0.000160s ]
SQL: SELECT * FROM `message` WHERE ( toname='511912708@qq.com' and todel=0 )  [ RunTime:0.000186s ]
SQL: SELECT `realname` FROM `user` WHERE ( username='924581160@qq.com' ) LIMIT 1   [ RunTime:0.000143s ]
INFO: [ view_parse ] --START--
INFO: [ template_filter ] --START--
INFO: Run Behavior\ContentReplaceBehavior [ RunTime:0.000085s ]
INFO: [ template_filter ] --END-- [ RunTime:0.000177s ]
INFO: Run Behavior\ParseTemplateBehavior [ RunTime:0.015464s ]
INFO: [ view_parse ] --END-- [ RunTime:0.015554s ]
INFO: [ view_filter ] --START--
INFO: Run Behavior\WriteHtmlCacheBehavior [ RunTime:0.000151s ]
INFO: [ view_filter ] --END-- [ RunTime:0.000206s ]
INFO: [ app_end ] --START--
INFO: Run Behavior\ShowPageTraceBehavior [ RunTime:0.000532s ]
INFO: [ app_end ] --END-- [ RunTime:0.000591s ]

[ 2014-04-16T00:14:57+08:00 ] ::1 /jiayi/index.php/Home/User/message/type/send
INFO: [ app_init ] --START--
INFO: Run Behavior\BuildLiteBehavior [ RunTime:0.000035s ]
INFO: [ app_init ] --END-- [ RunTime:0.000650s ]
INFO: [ app_begin ] --START--
INFO: Run Behavior\ReadHtmlCacheBehavior [ RunTime:0.000761s ]
INFO: [ app_begin ] --END-- [ RunTime:0.000871s ]
NOTIC: [8192] mysql_connect(): The mysql extension is deprecated and will be removed in the future: use mysqli or PDO instead /Applications/MAMP/htdocs/jiayi/ThinkPHP/Library/Think/Db/Driver/Mysql.class.php 第 52 行.
SQL: SHOW COLUMNS FROM `user` [ RunTime:0.009800s ]
SQL: SELECT `realname` FROM `user` WHERE ( userclass=1 )  [ RunTime:0.000273s ]
SQL: SHOW COLUMNS FROM `message` [ RunTime:0.001093s ]
SQL: SELECT * FROM `message` WHERE ( fromname='511912708@qq.com' and fromdel=0 )  [ RunTime:0.000267s ]
SQL: SELECT `realname` FROM `user` WHERE ( username='924581160@qq.com' ) LIMIT 1   [ RunTime:0.000164s ]
SQL: SELECT `realname` FROM `user` WHERE ( username='924581160@qq.com' ) LIMIT 1   [ RunTime:0.000152s ]
SQL: SELECT * FROM `message` WHERE ( toname='511912708@qq.com' and todel=0 )  [ RunTime:0.000183s ]
SQL: SELECT `realname` FROM `user` WHERE ( username='924581160@qq.com' ) LIMIT 1   [ RunTime:0.000150s ]
INFO: [ view_parse ] --START--
INFO: [ template_filter ] --START--
INFO: Run Behavior\ContentReplaceBehavior [ RunTime:0.000074s ]
INFO: [ template_filter ] --END-- [ RunTime:0.000159s ]
INFO: Run Behavior\ParseTemplateBehavior [ RunTime:0.016271s ]
INFO: [ view_parse ] --END-- [ RunTime:0.016341s ]
INFO: [ view_filter ] --START--
INFO: Run Behavior\WriteHtmlCacheBehavior [ RunTime:0.000156s ]
INFO: [ view_filter ] --END-- [ RunTime:0.000212s ]
INFO: [ app_end ] --START--
INFO: Run Behavior\ShowPageTraceBehavior [ RunTime:0.000635s ]
INFO: [ app_end ] --END-- [ RunTime:0.000715s ]

[ 2014-04-16T00:17:47+08:00 ] ::1 /jiayi/index.php/Home/User/message/type/receivebox
INFO: [ app_init ] --START--
INFO: Run Behavior\BuildLiteBehavior [ RunTime:0.000017s ]
INFO: [ app_init ] --END-- [ RunTime:0.000390s ]
INFO: [ app_begin ] --START--
INFO: Run Behavior\ReadHtmlCacheBehavior [ RunTime:0.000482s ]
INFO: [ app_begin ] --END-- [ RunTime:0.000547s ]
NOTIC: [8192] mysql_connect(): The mysql extension is deprecated and will be removed in the future: use mysqli or PDO instead /Applications/MAMP/htdocs/jiayi/ThinkPHP/Library/Think/Db/Driver/Mysql.class.php 第 52 行.
SQL: SHOW COLUMNS FROM `user` [ RunTime:0.010008s ]
SQL: SELECT `realname` FROM `user` WHERE ( userclass=1 )  [ RunTime:0.000354s ]
SQL: SHOW COLUMNS FROM `message` [ RunTime:0.001161s ]
SQL: SELECT * FROM `message` WHERE ( fromname='511912708@qq.com' and fromdel=0 )  [ RunTime:0.000289s ]
SQL: SELECT `realname` FROM `user` WHERE ( username='924581160@qq.com' ) LIMIT 1   [ RunTime:0.000157s ]
SQL: SELECT `realname` FROM `user` WHERE ( username='924581160@qq.com' ) LIMIT 1   [ RunTime:0.000143s ]
SQL: SELECT * FROM `message` WHERE ( toname='511912708@qq.com' and todel=0 )  [ RunTime:0.000186s ]
SQL: SELECT `realname` FROM `user` WHERE ( username='924581160@qq.com' ) LIMIT 1   [ RunTime:0.000143s ]
INFO: [ view_parse ] --START--
INFO: [ template_filter ] --START--
INFO: Run Behavior\ContentReplaceBehavior [ RunTime:0.000071s ]
INFO: [ template_filter ] --END-- [ RunTime:0.000147s ]
INFO: Run Behavior\ParseTemplateBehavior [ RunTime:0.014140s ]
INFO: [ view_parse ] --END-- [ RunTime:0.014215s ]
INFO: [ view_filter ] --START--
INFO: Run Behavior\WriteHtmlCacheBehavior [ RunTime:0.000140s ]
INFO: [ view_filter ] --END-- [ RunTime:0.000194s ]
INFO: [ app_end ] --START--
INFO: Run Behavior\ShowPageTraceBehavior [ RunTime:0.000537s ]
INFO: [ app_end ] --END-- [ RunTime:0.000595s ]

[ 2014-04-16T00:17:50+08:00 ] ::1 /jiayi/index.php/Home/User/message/type/send/toname/%E9%99%88%E4%B8%80%E5%8F%B7
INFO: [ app_init ] --START--
INFO: Run Behavior\BuildLiteBehavior [ RunTime:0.000020s ]
INFO: [ app_init ] --END-- [ RunTime:0.000423s ]
INFO: [ app_begin ] --START--
INFO: Run Behavior\ReadHtmlCacheBehavior [ RunTime:0.000542s ]
INFO: [ app_begin ] --END-- [ RunTime:0.000616s ]
NOTIC: [8192] mysql_connect(): The mysql extension is deprecated and will be removed in the future: use mysqli or PDO instead /Applications/MAMP/htdocs/jiayi/ThinkPHP/Library/Think/Db/Driver/Mysql.class.php 第 52 行.
SQL: SHOW COLUMNS FROM `user` [ RunTime:0.009683s ]
SQL: SELECT `realname` FROM `user` WHERE ( userclass=1 )  [ RunTime:0.000335s ]
SQL: SHOW COLUMNS FROM `message` [ RunTime:0.001633s ]
SQL: SELECT * FROM `message` WHERE ( fromname='511912708@qq.com' and fromdel=0 )  [ RunTime:0.000517s ]
SQL: SELECT `realname` FROM `user` WHERE ( username='924581160@qq.com' ) LIMIT 1   [ RunTime:0.000225s ]
SQL: SELECT `realname` FROM `user` WHERE ( username='924581160@qq.com' ) LIMIT 1   [ RunTime:0.000182s ]
SQL: SELECT * FROM `message` WHERE ( toname='511912708@qq.com' and todel=0 )  [ RunTime:0.000231s ]
SQL: SELECT `realname` FROM `user` WHERE ( username='924581160@qq.com' ) LIMIT 1   [ RunTime:0.000183s ]
INFO: [ view_parse ] --START--
INFO: [ template_filter ] --START--
INFO: Run Behavior\ContentReplaceBehavior [ RunTime:0.000139s ]
INFO: [ template_filter ] --END-- [ RunTime:0.000269s ]
INFO: Run Behavior\ParseTemplateBehavior [ RunTime:0.022580s ]
INFO: [ view_parse ] --END-- [ RunTime:0.022677s ]
INFO: [ view_filter ] --START--
INFO: Run Behavior\WriteHtmlCacheBehavior [ RunTime:0.000204s ]
INFO: [ view_filter ] --END-- [ RunTime:0.000278s ]
INFO: [ app_end ] --START--
INFO: Run Behavior\ShowPageTraceBehavior [ RunTime:0.000763s ]
INFO: [ app_end ] --END-- [ RunTime:0.000842s ]

[ 2014-04-16T00:17:51+08:00 ] ::1 /jiayi/index.php/Home/User/message/type/sendbox
INFO: [ app_init ] --START--
INFO: Run Behavior\BuildLiteBehavior [ RunTime:0.000019s ]
INFO: [ app_init ] --END-- [ RunTime:0.000386s ]
INFO: [ app_begin ] --START--
INFO: Run Behavior\ReadHtmlCacheBehavior [ RunTime:0.000480s ]
INFO: [ app_begin ] --END-- [ RunTime:0.000544s ]
NOTIC: [8192] mysql_connect(): The mysql extension is deprecated and will be removed in the future: use mysqli or PDO instead /Applications/MAMP/htdocs/jiayi/ThinkPHP/Library/Think/Db/Driver/Mysql.class.php 第 52 行.
SQL: SHOW COLUMNS FROM `user` [ RunTime:0.009345s ]
SQL: SELECT `realname` FROM `user` WHERE ( userclass=1 )  [ RunTime:0.000403s ]
SQL: SHOW COLUMNS FROM `message` [ RunTime:0.001335s ]
SQL: SELECT * FROM `message` WHERE ( fromname='511912708@qq.com' and fromdel=0 )  [ RunTime:0.000253s ]
SQL: SELECT `realname` FROM `user` WHERE ( username='924581160@qq.com' ) LIMIT 1   [ RunTime:0.000136s ]
SQL: SELECT `realname` FROM `user` WHERE ( username='924581160@qq.com' ) LIMIT 1   [ RunTime:0.000123s ]
SQL: SELECT * FROM `message` WHERE ( toname='511912708@qq.com' and todel=0 )  [ RunTime:0.000160s ]
SQL: SELECT `realname` FROM `user` WHERE ( username='924581160@qq.com' ) LIMIT 1   [ RunTime:0.000149s ]
INFO: [ view_parse ] --START--
INFO: [ template_filter ] --START--
INFO: Run Behavior\ContentReplaceBehavior [ RunTime:0.000070s ]
INFO: [ template_filter ] --END-- [ RunTime:0.000143s ]
INFO: Run Behavior\ParseTemplateBehavior [ RunTime:0.014226s ]
INFO: [ view_parse ] --END-- [ RunTime:0.014310s ]
INFO: [ view_filter ] --START--
INFO: Run Behavior\WriteHtmlCacheBehavior [ RunTime:0.000154s ]
INFO: [ view_filter ] --END-- [ RunTime:0.000209s ]
INFO: [ app_end ] --START--
INFO: Run Behavior\ShowPageTraceBehavior [ RunTime:0.000533s ]
INFO: [ app_end ] --END-- [ RunTime:0.000591s ]

[ 2014-04-16T00:18:10+08:00 ] ::1 /jiayi/index.php/Home/User/message/type/sendbox
INFO: [ app_init ] --START--
INFO: Run Behavior\BuildLiteBehavior [ RunTime:0.000029s ]
INFO: [ app_init ] --END-- [ RunTime:0.000837s ]
INFO: [ app_begin ] --START--
INFO: Run Behavior\ReadHtmlCacheBehavior [ RunTime:0.000925s ]
INFO: [ app_begin ] --END-- [ RunTime:0.001036s ]
NOTIC: [8192] mysql_connect(): The mysql extension is deprecated and will be removed in the future: use mysqli or PDO instead /Applications/MAMP/htdocs/jiayi/ThinkPHP/Library/Think/Db/Driver/Mysql.class.php 第 52 行.
SQL: SHOW COLUMNS FROM `user` [ RunTime:0.009873s ]
SQL: SELECT `realname` FROM `user` WHERE ( userclass=1 )  [ RunTime:0.000288s ]
SQL: SHOW COLUMNS FROM `message` [ RunTime:0.001314s ]
SQL: SELECT * FROM `message` WHERE ( fromname='511912708@qq.com' and fromdel=0 )  [ RunTime:0.000568s ]
SQL: SELECT `realname` FROM `user` WHERE ( username='924581160@qq.com' ) LIMIT 1   [ RunTime:0.000211s ]
SQL: SELECT `realname` FROM `user` WHERE ( username='924581160@qq.com' ) LIMIT 1   [ RunTime:0.000252s ]
SQL: SELECT * FROM `message` WHERE ( toname='511912708@qq.com' and todel=0 )  [ RunTime:0.000250s ]
SQL: SELECT `realname` FROM `user` WHERE ( username='924581160@qq.com' ) LIMIT 1   [ RunTime:0.000219s ]
INFO: [ view_parse ] --START--
INFO: [ template_filter ] --START--
INFO: Run Behavior\ContentReplaceBehavior [ RunTime:0.000097s ]
INFO: [ template_filter ] --END-- [ RunTime:0.000216s ]
INFO: Run Behavior\ParseTemplateBehavior [ RunTime:0.015967s ]
INFO: [ view_parse ] --END-- [ RunTime:0.016059s ]
INFO: [ view_filter ] --START--
INFO: Run Behavior\WriteHtmlCacheBehavior [ RunTime:0.000181s ]
INFO: [ view_filter ] --END-- [ RunTime:0.000244s ]
INFO: [ app_end ] --START--
INFO: Run Behavior\ShowPageTraceBehavior [ RunTime:0.000567s ]
INFO: [ app_end ] --END-- [ RunTime:0.000629s ]

[ 2014-04-16T00:18:12+08:00 ] ::1 /jiayi/index.php/Home/User/message/type/sendbox
INFO: [ app_init ] --START--
INFO: Run Behavior\BuildLiteBehavior [ RunTime:0.000052s ]
INFO: [ app_init ] --END-- [ RunTime:0.000853s ]
INFO: [ app_begin ] --START--
INFO: Run Behavior\ReadHtmlCacheBehavior [ RunTime:0.000824s ]
INFO: [ app_begin ] --END-- [ RunTime:0.000950s ]
NOTIC: [8192] mysql_connect(): The mysql extension is deprecated and will be removed in the future: use mysqli or PDO instead /Applications/MAMP/htdocs/jiayi/ThinkPHP/Library/Think/Db/Driver/Mysql.class.php 第 52 行.
SQL: SHOW COLUMNS FROM `user` [ RunTime:0.009892s ]
SQL: SELECT `realname` FROM `user` WHERE ( userclass=1 )  [ RunTime:0.000383s ]
SQL: SHOW COLUMNS FROM `message` [ RunTime:0.001346s ]
SQL: SELECT * FROM `message` WHERE ( fromname='511912708@qq.com' and fromdel=0 )  [ RunTime:0.000357s ]
SQL: SELECT `realname` FROM `user` WHERE ( username='924581160@qq.com' ) LIMIT 1   [ RunTime:0.000209s ]
SQL: SELECT `realname` FROM `user` WHERE ( username='924581160@qq.com' ) LIMIT 1   [ RunTime:0.000143s ]
SQL: SELECT * FROM `message` WHERE ( toname='511912708@qq.com' and todel=0 )  [ RunTime:0.000188s ]
SQL: SELECT `realname` FROM `user` WHERE ( username='924581160@qq.com' ) LIMIT 1   [ RunTime:0.000144s ]
INFO: [ view_parse ] --START--
INFO: [ template_filter ] --START--
INFO: Run Behavior\ContentReplaceBehavior [ RunTime:0.000094s ]
INFO: [ template_filter ] --END-- [ RunTime:0.000196s ]
INFO: Run Behavior\ParseTemplateBehavior [ RunTime:0.020035s ]
INFO: [ view_parse ] --END-- [ RunTime:0.020126s ]
INFO: [ view_filter ] --START--
INFO: Run Behavior\WriteHtmlCacheBehavior [ RunTime:0.000196s ]
INFO: [ view_filter ] --END-- [ RunTime:0.000270s ]
INFO: [ app_end ] --START--
INFO: Run Behavior\ShowPageTraceBehavior [ RunTime:0.000716s ]
INFO: [ app_end ] --END-- [ RunTime:0.000787s ]

[ 2014-04-16T00:18:13+08:00 ] ::1 /jiayi/index.php/Home/User/message/type/receivebox
INFO: [ app_init ] --START--
INFO: Run Behavior\BuildLiteBehavior [ RunTime:0.000025s ]
INFO: [ app_init ] --END-- [ RunTime:0.000463s ]
INFO: [ app_begin ] --START--
INFO: Run Behavior\ReadHtmlCacheBehavior [ RunTime:0.000598s ]
INFO: [ app_begin ] --END-- [ RunTime:0.000701s ]
NOTIC: [8192] mysql_connect(): The mysql extension is deprecated and will be removed in the future: use mysqli or PDO instead /Applications/MAMP/htdocs/jiayi/ThinkPHP/Library/Think/Db/Driver/Mysql.class.php 第 52 行.
SQL: SHOW COLUMNS FROM `user` [ RunTime:0.009708s ]
SQL: SELECT `realname` FROM `user` WHERE ( userclass=1 )  [ RunTime:0.000345s ]
SQL: SHOW COLUMNS FROM `message` [ RunTime:0.001608s ]
SQL: SELECT * FROM `message` WHERE ( fromname='511912708@qq.com' and fromdel=0 )  [ RunTime:0.000550s ]
SQL: SELECT `realname` FROM `user` WHERE ( username='924581160@qq.com' ) LIMIT 1   [ RunTime:0.000337s ]
SQL: SELECT `realname` FROM `user` WHERE ( username='924581160@qq.com' ) LIMIT 1   [ RunTime:0.000264s ]
SQL: SELECT * FROM `message` WHERE ( toname='511912708@qq.com' and todel=0 )  [ RunTime:0.000532s ]
SQL: SELECT `realname` FROM `user` WHERE ( username='924581160@qq.com' ) LIMIT 1   [ RunTime:0.000322s ]
INFO: [ view_parse ] --START--
INFO: [ template_filter ] --START--
INFO: Run Behavior\ContentReplaceBehavior [ RunTime:0.000099s ]
INFO: [ template_filter ] --END-- [ RunTime:0.000209s ]
INFO: Run Behavior\ParseTemplateBehavior [ RunTime:0.016450s ]
INFO: [ view_parse ] --END-- [ RunTime:0.016534s ]
INFO: [ view_filter ] --START--
INFO: Run Behavior\WriteHtmlCacheBehavior [ RunTime:0.000148s ]
INFO: [ view_filter ] --END-- [ RunTime:0.000203s ]
INFO: [ app_end ] --START--
INFO: Run Behavior\ShowPageTraceBehavior [ RunTime:0.000538s ]
INFO: [ app_end ] --END-- [ RunTime:0.000596s ]

[ 2014-04-16T00:18:16+08:00 ] ::1 /jiayi/index.php/Home/User/message/type/send/toname/%E9%99%88%E4%B8%80%E5%8F%B7
INFO: [ app_init ] --START--
INFO: Run Behavior\BuildLiteBehavior [ RunTime:0.000019s ]
INFO: [ app_init ] --END-- [ RunTime:0.000387s ]
INFO: [ app_begin ] --START--
INFO: Run Behavior\ReadHtmlCacheBehavior [ RunTime:0.000516s ]
INFO: [ app_begin ] --END-- [ RunTime:0.000579s ]
NOTIC: [8192] mysql_connect(): The mysql extension is deprecated and will be removed in the future: use mysqli or PDO instead /Applications/MAMP/htdocs/jiayi/ThinkPHP/Library/Think/Db/Driver/Mysql.class.php 第 52 行.
SQL: SHOW COLUMNS FROM `user` [ RunTime:0.009171s ]
SQL: SELECT `realname` FROM `user` WHERE ( userclass=1 )  [ RunTime:0.000446s ]
SQL: SHOW COLUMNS FROM `message` [ RunTime:0.002402s ]
SQL: SELECT * FROM `message` WHERE ( fromname='511912708@qq.com' and fromdel=0 )  [ RunTime:0.000666s ]
SQL: SELECT `realname` FROM `user` WHERE ( username='924581160@qq.com' ) LIMIT 1   [ RunTime:0.000176s ]
SQL: SELECT `realname` FROM `user` WHERE ( username='924581160@qq.com' ) LIMIT 1   [ RunTime:0.000152s ]
SQL: SELECT * FROM `message` WHERE ( toname='511912708@qq.com' and todel=0 )  [ RunTime:0.000197s ]
SQL: SELECT `realname` FROM `user` WHERE ( username='924581160@qq.com' ) LIMIT 1   [ RunTime:0.000143s ]
INFO: [ view_parse ] --START--
INFO: [ template_filter ] --START--
INFO: Run Behavior\ContentReplaceBehavior [ RunTime:0.000100s ]
INFO: [ template_filter ] --END-- [ RunTime:0.000209s ]
INFO: Run Behavior\ParseTemplateBehavior [ RunTime:0.018390s ]
INFO: [ view_parse ] --END-- [ RunTime:0.018520s ]
INFO: [ view_filter ] --START--
INFO: Run Behavior\WriteHtmlCacheBehavior [ RunTime:0.000199s ]
INFO: [ view_filter ] --END-- [ RunTime:0.000273s ]
INFO: [ app_end ] --START--
INFO: Run Behavior\ShowPageTraceBehavior [ RunTime:0.000724s ]
INFO: [ app_end ] --END-- [ RunTime:0.000803s ]

[ 2014-04-16T00:18:19+08:00 ] ::1 /jiayi/index.php/Home/User/message/type/sendbox
INFO: [ app_init ] --START--
INFO: Run Behavior\BuildLiteBehavior [ RunTime:0.000018s ]
INFO: [ app_init ] --END-- [ RunTime:0.000403s ]
INFO: [ app_begin ] --START--
INFO: Run Behavior\ReadHtmlCacheBehavior [ RunTime:0.000501s ]
INFO: [ app_begin ] --END-- [ RunTime:0.000565s ]
NOTIC: [8192] mysql_connect(): The mysql extension is deprecated and will be removed in the future: use mysqli or PDO instead /Applications/MAMP/htdocs/jiayi/ThinkPHP/Library/Think/Db/Driver/Mysql.class.php 第 52 行.
SQL: SHOW COLUMNS FROM `user` [ RunTime:0.009161s ]
SQL: SELECT `realname` FROM `user` WHERE ( userclass=1 )  [ RunTime:0.000324s ]
SQL: SHOW COLUMNS FROM `message` [ RunTime:0.001108s ]
SQL: SELECT * FROM `message` WHERE ( fromname='511912708@qq.com' and fromdel=0 )  [ RunTime:0.000272s ]
SQL: SELECT `realname` FROM `user` WHERE ( username='924581160@qq.com' ) LIMIT 1   [ RunTime:0.000157s ]
SQL: SELECT `realname` FROM `user` WHERE ( username='924581160@qq.com' ) LIMIT 1   [ RunTime:0.000117s ]
SQL: SELECT * FROM `message` WHERE ( toname='511912708@qq.com' and todel=0 )  [ RunTime:0.000166s ]
SQL: SELECT `realname` FROM `user` WHERE ( username='924581160@qq.com' ) LIMIT 1   [ RunTime:0.000119s ]
INFO: [ view_parse ] --START--
INFO: [ template_filter ] --START--
INFO: Run Behavior\ContentReplaceBehavior [ RunTime:0.000072s ]
INFO: [ template_filter ] --END-- [ RunTime:0.000147s ]
INFO: Run Behavior\ParseTemplateBehavior [ RunTime:0.013772s ]
INFO: [ view_parse ] --END-- [ RunTime:0.013851s ]
INFO: [ view_filter ] --START--
INFO: Run Behavior\WriteHtmlCacheBehavior [ RunTime:0.000180s ]
INFO: [ view_filter ] --END-- [ RunTime:0.000243s ]
INFO: [ app_end ] --START--
INFO: Run Behavior\ShowPageTraceBehavior [ RunTime:0.000874s ]
INFO: [ app_end ] --END-- [ RunTime:0.001010s ]

[ 2014-04-16T00:18:21+08:00 ] ::1 /jiayi/index.php/Home/User/message/type/send/toname/%E9%99%88%E4%B8%80%E5%8F%B7
INFO: [ app_init ] --START--
INFO: Run Behavior\BuildLiteBehavior [ RunTime:0.000018s ]
INFO: [ app_init ] --END-- [ RunTime:0.000382s ]
INFO: [ app_begin ] --START--
INFO: Run Behavior\ReadHtmlCacheBehavior [ RunTime:0.000484s ]
INFO: [ app_begin ] --END-- [ RunTime:0.000548s ]
NOTIC: [8192] mysql_connect(): The mysql extension is deprecated and will be removed in the future: use mysqli or PDO instead /Applications/MAMP/htdocs/jiayi/ThinkPHP/Library/Think/Db/Driver/Mysql.class.php 第 52 行.
SQL: SHOW COLUMNS FROM `user` [ RunTime:0.009807s ]
SQL: SELECT `realname` FROM `user` WHERE ( userclass=1 )  [ RunTime:0.000485s ]
SQL: SHOW COLUMNS FROM `message` [ RunTime:0.001220s ]
SQL: SELECT * FROM `message` WHERE ( fromname='511912708@qq.com' and fromdel=0 )  [ RunTime:0.000252s ]
SQL: SELECT `realname` FROM `user` WHERE ( username='924581160@qq.com' ) LIMIT 1   [ RunTime:0.000153s ]
SQL: SELECT `realname` FROM `user` WHERE ( username='924581160@qq.com' ) LIMIT 1   [ RunTime:0.000144s ]
SQL: SELECT * FROM `message` WHERE ( toname='511912708@qq.com' and todel=0 )  [ RunTime:0.000183s ]
SQL: SELECT `realname` FROM `user` WHERE ( username='924581160@qq.com' ) LIMIT 1   [ RunTime:0.000136s ]
INFO: [ view_parse ] --START--
INFO: [ template_filter ] --START--
INFO: Run Behavior\ContentReplaceBehavior [ RunTime:0.000081s ]
INFO: [ template_filter ] --END-- [ RunTime:0.000171s ]
INFO: Run Behavior\ParseTemplateBehavior [ RunTime:0.014993s ]
INFO: [ view_parse ] --END-- [ RunTime:0.015075s ]
INFO: [ view_filter ] --START--
INFO: Run Behavior\WriteHtmlCacheBehavior [ RunTime:0.000190s ]
INFO: [ view_filter ] --END-- [ RunTime:0.000254s ]
INFO: [ app_end ] --START--
INFO: Run Behavior\ShowPageTraceBehavior [ RunTime:0.000713s ]
INFO: [ app_end ] --END-- [ RunTime:0.000806s ]

[ 2014-04-16T00:18:36+08:00 ] ::1 /jiayi/index.php/Home/User/message/type/sendbox
INFO: [ app_init ] --START--
INFO: Run Behavior\BuildLiteBehavior [ RunTime:0.000017s ]
INFO: [ app_init ] --END-- [ RunTime:0.000407s ]
INFO: [ app_begin ] --START--
INFO: Run Behavior\ReadHtmlCacheBehavior [ RunTime:0.000481s ]
INFO: [ app_begin ] --END-- [ RunTime:0.000544s ]
NOTIC: [8192] mysql_connect(): The mysql extension is deprecated and will be removed in the future: use mysqli or PDO instead /Applications/MAMP/htdocs/jiayi/ThinkPHP/Library/Think/Db/Driver/Mysql.class.php 第 52 行.
SQL: SHOW COLUMNS FROM `user` [ RunTime:0.001241s ]
SQL: SELECT `realname` FROM `user` WHERE ( userclass=1 )  [ RunTime:0.000270s ]
SQL: SHOW COLUMNS FROM `message` [ RunTime:0.001140s ]
SQL: SELECT * FROM `message` WHERE ( fromname='511912708@qq.com' and fromdel=0 )  [ RunTime:0.000293s ]
SQL: SELECT `realname` FROM `user` WHERE ( username='924581160@qq.com' ) LIMIT 1   [ RunTime:0.000163s ]
SQL: SELECT `realname` FROM `user` WHERE ( username='924581160@qq.com' ) LIMIT 1   [ RunTime:0.000144s ]
SQL: SELECT * FROM `message` WHERE ( toname='511912708@qq.com' and todel=0 )  [ RunTime:0.000191s ]
SQL: SELECT `realname` FROM `user` WHERE ( username='924581160@qq.com' ) LIMIT 1   [ RunTime:0.000181s ]
INFO: [ view_parse ] --START--
INFO: [ template_filter ] --START--
INFO: Run Behavior\ContentReplaceBehavior [ RunTime:0.000073s ]
INFO: [ template_filter ] --END-- [ RunTime:0.000151s ]
INFO: Run Behavior\ParseTemplateBehavior [ RunTime:0.018673s ]
INFO: [ view_parse ] --END-- [ RunTime:0.018755s ]
INFO: [ view_filter ] --START--
INFO: Run Behavior\WriteHtmlCacheBehavior [ RunTime:0.000171s ]
INFO: [ view_filter ] --END-- [ RunTime:0.000232s ]
INFO: [ app_end ] --START--
INFO: Run Behavior\ShowPageTraceBehavior [ RunTime:0.000547s ]
INFO: [ app_end ] --END-- [ RunTime:0.000605s ]

[ 2014-04-16T00:18:53+08:00 ] ::1 /jiayi/index.php/Home/User/message/type/receivebox
INFO: [ app_init ] --START--
INFO: Run Behavior\BuildLiteBehavior [ RunTime:0.000017s ]
INFO: [ app_init ] --END-- [ RunTime:0.000391s ]
INFO: [ app_begin ] --START--
INFO: Run Behavior\ReadHtmlCacheBehavior [ RunTime:0.000486s ]
INFO: [ app_begin ] --END-- [ RunTime:0.000550s ]
NOTIC: [8192] mysql_connect(): The mysql extension is deprecated and will be removed in the future: use mysqli or PDO instead /Applications/MAMP/htdocs/jiayi/ThinkPHP/Library/Think/Db/Driver/Mysql.class.php 第 52 行.
SQL: SHOW COLUMNS FROM `user` [ RunTime:0.009684s ]
SQL: SELECT `realname` FROM `user` WHERE ( userclass=1 )  [ RunTime:0.000244s ]
SQL: SHOW COLUMNS FROM `message` [ RunTime:0.001024s ]
SQL: SELECT * FROM `message` WHERE ( fromname='511912708@qq.com' and fromdel=0 )  [ RunTime:0.000265s ]
SQL: SELECT `realname` FROM `user` WHERE ( username='924581160@qq.com' ) LIMIT 1   [ RunTime:0.000156s ]
SQL: SELECT `realname` FROM `user` WHERE ( username='924581160@qq.com' ) LIMIT 1   [ RunTime:0.000143s ]
SQL: SELECT * FROM `message` WHERE ( toname='511912708@qq.com' and todel=0 )  [ RunTime:0.000188s ]
SQL: SELECT `realname` FROM `user` WHERE ( username='924581160@qq.com' ) LIMIT 1   [ RunTime:0.000144s ]
INFO: [ view_parse ] --START--
INFO: [ template_filter ] --START--
INFO: Run Behavior\ContentReplaceBehavior [ RunTime:0.000092s ]
INFO: [ template_filter ] --END-- [ RunTime:0.000191s ]
INFO: Run Behavior\ParseTemplateBehavior [ RunTime:0.017239s ]
INFO: [ view_parse ] --END-- [ RunTime:0.017313s ]
INFO: [ view_filter ] --START--
INFO: Run Behavior\WriteHtmlCacheBehavior [ RunTime:0.000145s ]
INFO: [ view_filter ] --END-- [ RunTime:0.000199s ]
INFO: [ app_end ] --START--
INFO: Run Behavior\ShowPageTraceBehavior [ RunTime:0.000539s ]
INFO: [ app_end ] --END-- [ RunTime:0.000597s ]

[ 2014-04-16T00:18:55+08:00 ] ::1 /jiayi/index.php/Home/User/message/type/sendbox
INFO: [ app_init ] --START--
INFO: Run Behavior\BuildLiteBehavior [ RunTime:0.000025s ]
INFO: [ app_init ] --END-- [ RunTime:0.000462s ]
INFO: [ app_begin ] --START--
INFO: Run Behavior\ReadHtmlCacheBehavior [ RunTime:0.000563s ]
INFO: [ app_begin ] --END-- [ RunTime:0.000640s ]
NOTIC: [8192] mysql_connect(): The mysql extension is deprecated and will be removed in the future: use mysqli or PDO instead /Applications/MAMP/htdocs/jiayi/ThinkPHP/Library/Think/Db/Driver/Mysql.class.php 第 52 行.
SQL: SHOW COLUMNS FROM `user` [ RunTime:0.009963s ]
SQL: SELECT `realname` FROM `user` WHERE ( userclass=1 )  [ RunTime:0.000231s ]
SQL: SHOW COLUMNS FROM `message` [ RunTime:0.001394s ]
SQL: SELECT * FROM `message` WHERE ( fromname='511912708@qq.com' and fromdel=0 )  [ RunTime:0.000629s ]
SQL: SELECT `realname` FROM `user` WHERE ( username='924581160@qq.com' ) LIMIT 1   [ RunTime:0.000267s ]
SQL: SELECT `realname` FROM `user` WHERE ( username='924581160@qq.com' ) LIMIT 1   [ RunTime:0.000136s ]
SQL: SELECT * FROM `message` WHERE ( toname='511912708@qq.com' and todel=0 )  [ RunTime:0.000217s ]
SQL: SELECT `realname` FROM `user` WHERE ( username='924581160@qq.com' ) LIMIT 1   [ RunTime:0.000151s ]
INFO: [ view_parse ] --START--
INFO: [ template_filter ] --START--
INFO: Run Behavior\ContentReplaceBehavior [ RunTime:0.000071s ]
INFO: [ template_filter ] --END-- [ RunTime:0.000154s ]
INFO: Run Behavior\ParseTemplateBehavior [ RunTime:0.015198s ]
INFO: [ view_parse ] --END-- [ RunTime:0.015265s ]
INFO: [ view_filter ] --START--
INFO: Run Behavior\WriteHtmlCacheBehavior [ RunTime:0.000145s ]
INFO: [ view_filter ] --END-- [ RunTime:0.000199s ]
INFO: [ app_end ] --START--
INFO: Run Behavior\ShowPageTraceBehavior [ RunTime:0.000532s ]
INFO: [ app_end ] --END-- [ RunTime:0.000590s ]

[ 2014-04-16T00:18:59+08:00 ] ::1 /jiayi/index.php/Home/User/message/type/sendbox
INFO: [ app_init ] --START--
INFO: Run Behavior\BuildLiteBehavior [ RunTime:0.000025s ]
INFO: [ app_init ] --END-- [ RunTime:0.000540s ]
INFO: [ app_begin ] --START--
INFO: Run Behavior\ReadHtmlCacheBehavior [ RunTime:0.001113s ]
INFO: [ app_begin ] --END-- [ RunTime:0.001287s ]
NOTIC: [8192] mysql_connect(): The mysql extension is deprecated and will be removed in the future: use mysqli or PDO instead /Applications/MAMP/htdocs/jiayi/ThinkPHP/Library/Think/Db/Driver/Mysql.class.php 第 52 行.
SQL: SHOW COLUMNS FROM `user` [ RunTime:0.009026s ]
SQL: SELECT `realname` FROM `user` WHERE ( userclass=1 )  [ RunTime:0.000314s ]
SQL: SHOW COLUMNS FROM `message` [ RunTime:0.001284s ]
SQL: SELECT * FROM `message` WHERE ( fromname='511912708@qq.com' and fromdel=0 )  [ RunTime:0.000305s ]
SQL: SELECT `realname` FROM `user` WHERE ( username='924581160@qq.com' ) LIMIT 1   [ RunTime:0.000165s ]
SQL: SELECT `realname` FROM `user` WHERE ( username='924581160@qq.com' ) LIMIT 1   [ RunTime:0.000154s ]
SQL: SELECT * FROM `message` WHERE ( toname='511912708@qq.com' and todel=0 )  [ RunTime:0.000185s ]
SQL: SELECT `realname` FROM `user` WHERE ( username='924581160@qq.com' ) LIMIT 1   [ RunTime:0.000145s ]
INFO: [ view_parse ] --START--
INFO: [ template_filter ] --START--
INFO: Run Behavior\ContentReplaceBehavior [ RunTime:0.000095s ]
INFO: [ template_filter ] --END-- [ RunTime:0.000197s ]
INFO: Run Behavior\ParseTemplateBehavior [ RunTime:0.017587s ]
INFO: [ view_parse ] --END-- [ RunTime:0.017686s ]
INFO: [ view_filter ] --START--
INFO: Run Behavior\WriteHtmlCacheBehavior [ RunTime:0.000211s ]
INFO: [ view_filter ] --END-- [ RunTime:0.000288s ]
INFO: [ app_end ] --START--
INFO: Run Behavior\ShowPageTraceBehavior [ RunTime:0.001008s ]
INFO: [ app_end ] --END-- [ RunTime:0.001161s ]

[ 2014-04-16T00:19:01+08:00 ] ::1 /jiayi/index.php/Home/User/message/type/sendbox
INFO: [ app_init ] --START--
INFO: Run Behavior\BuildLiteBehavior [ RunTime:0.000059s ]
INFO: [ app_init ] --END-- [ RunTime:0.000735s ]
INFO: [ app_begin ] --START--
INFO: Run Behavior\ReadHtmlCacheBehavior [ RunTime:0.000818s ]
INFO: [ app_begin ] --END-- [ RunTime:0.000946s ]
NOTIC: [8192] mysql_connect(): The mysql extension is deprecated and will be removed in the future: use mysqli or PDO instead /Applications/MAMP/htdocs/jiayi/ThinkPHP/Library/Think/Db/Driver/Mysql.class.php 第 52 行.
SQL: SHOW COLUMNS FROM `user` [ RunTime:0.009639s ]
SQL: SELECT `realname` FROM `user` WHERE ( userclass=1 )  [ RunTime:0.000316s ]
SQL: SHOW COLUMNS FROM `message` [ RunTime:0.001582s ]
SQL: SELECT * FROM `message` WHERE ( fromname='511912708@qq.com' and fromdel=0 )  [ RunTime:0.000380s ]
SQL: SELECT `realname` FROM `user` WHERE ( username='924581160@qq.com' ) LIMIT 1   [ RunTime:0.000226s ]
SQL: SELECT `realname` FROM `user` WHERE ( username='924581160@qq.com' ) LIMIT 1   [ RunTime:0.000209s ]
SQL: SELECT * FROM `message` WHERE ( toname='511912708@qq.com' and todel=0 )  [ RunTime:0.000271s ]
SQL: SELECT `realname` FROM `user` WHERE ( username='924581160@qq.com' ) LIMIT 1   [ RunTime:0.000211s ]
INFO: [ view_parse ] --START--
INFO: [ template_filter ] --START--
INFO: Run Behavior\ContentReplaceBehavior [ RunTime:0.000072s ]
INFO: [ template_filter ] --END-- [ RunTime:0.000151s ]
INFO: Run Behavior\ParseTemplateBehavior [ RunTime:0.018969s ]
INFO: [ view_parse ] --END-- [ RunTime:0.019062s ]
INFO: [ view_filter ] --START--
INFO: Run Behavior\WriteHtmlCacheBehavior [ RunTime:0.000154s ]
INFO: [ view_filter ] --END-- [ RunTime:0.000207s ]
INFO: [ app_end ] --START--
INFO: Run Behavior\ShowPageTraceBehavior [ RunTime:0.000614s ]
INFO: [ app_end ] --END-- [ RunTime:0.000673s ]

[ 2014-04-16T00:19:04+08:00 ] ::1 /jiayi/index.php/Home/User/message/type/receivebox
INFO: [ app_init ] --START--
INFO: Run Behavior\BuildLiteBehavior [ RunTime:0.000031s ]
INFO: [ app_init ] --END-- [ RunTime:0.000606s ]
INFO: [ app_begin ] --START--
INFO: Run Behavior\ReadHtmlCacheBehavior [ RunTime:0.000711s ]
INFO: [ app_begin ] --END-- [ RunTime:0.000800s ]
NOTIC: [8192] mysql_connect(): The mysql extension is deprecated and will be removed in the future: use mysqli or PDO instead /Applications/MAMP/htdocs/jiayi/ThinkPHP/Library/Think/Db/Driver/Mysql.class.php 第 52 行.
SQL: SHOW COLUMNS FROM `user` [ RunTime:0.009811s ]
SQL: SELECT `realname` FROM `user` WHERE ( userclass=1 )  [ RunTime:0.000359s ]
SQL: SHOW COLUMNS FROM `message` [ RunTime:0.001990s ]
SQL: SELECT * FROM `message` WHERE ( fromname='511912708@qq.com' and fromdel=0 )  [ RunTime:0.000427s ]
SQL: SELECT `realname` FROM `user` WHERE ( username='924581160@qq.com' ) LIMIT 1   [ RunTime:0.000169s ]
SQL: SELECT `realname` FROM `user` WHERE ( username='924581160@qq.com' ) LIMIT 1   [ RunTime:0.000144s ]
SQL: SELECT * FROM `message` WHERE ( toname='511912708@qq.com' and todel=0 )  [ RunTime:0.000186s ]
SQL: SELECT `realname` FROM `user` WHERE ( username='924581160@qq.com' ) LIMIT 1   [ RunTime:0.000154s ]
INFO: [ view_parse ] --START--
INFO: [ template_filter ] --START--
INFO: Run Behavior\ContentReplaceBehavior [ RunTime:0.000075s ]
INFO: [ template_filter ] --END-- [ RunTime:0.000159s ]
INFO: Run Behavior\ParseTemplateBehavior [ RunTime:0.017319s ]
INFO: [ view_parse ] --END-- [ RunTime:0.017389s ]
INFO: [ view_filter ] --START--
INFO: Run Behavior\WriteHtmlCacheBehavior [ RunTime:0.000149s ]
INFO: [ view_filter ] --END-- [ RunTime:0.000204s ]
INFO: [ app_end ] --START--
INFO: Run Behavior\ShowPageTraceBehavior [ RunTime:0.000598s ]
INFO: [ app_end ] --END-- [ RunTime:0.000662s ]

[ 2014-04-16T00:19:06+08:00 ] ::1 /jiayi/index.php/Home/User/message/type/receivebox
INFO: [ app_init ] --START--
INFO: Run Behavior\BuildLiteBehavior [ RunTime:0.000029s ]
INFO: [ app_init ] --END-- [ RunTime:0.000563s ]
INFO: [ app_begin ] --START--
INFO: Run Behavior\ReadHtmlCacheBehavior [ RunTime:0.000694s ]
INFO: [ app_begin ] --END-- [ RunTime:0.000829s ]
NOTIC: [8192] mysql_connect(): The mysql extension is deprecated and will be removed in the future: use mysqli or PDO instead /Applications/MAMP/htdocs/jiayi/ThinkPHP/Library/Think/Db/Driver/Mysql.class.php 第 52 行.
SQL: SHOW COLUMNS FROM `user` [ RunTime:0.009646s ]
SQL: SELECT `realname` FROM `user` WHERE ( userclass=1 )  [ RunTime:0.000377s ]
SQL: SHOW COLUMNS FROM `message` [ RunTime:0.001630s ]
SQL: SELECT * FROM `message` WHERE ( fromname='511912708@qq.com' and fromdel=0 )  [ RunTime:0.000295s ]
SQL: SELECT `realname` FROM `user` WHERE ( username='924581160@qq.com' ) LIMIT 1   [ RunTime:0.000272s ]
SQL: SELECT `realname` FROM `user` WHERE ( username='924581160@qq.com' ) LIMIT 1   [ RunTime:0.000264s ]
SQL: SELECT * FROM `message` WHERE ( toname='511912708@qq.com' and todel=0 )  [ RunTime:0.000333s ]
SQL: SELECT `realname` FROM `user` WHERE ( username='924581160@qq.com' ) LIMIT 1   [ RunTime:0.000607s ]
INFO: [ view_parse ] --START--
INFO: [ template_filter ] --START--
INFO: Run Behavior\ContentReplaceBehavior [ RunTime:0.000127s ]
INFO: [ template_filter ] --END-- [ RunTime:0.000261s ]
INFO: Run Behavior\ParseTemplateBehavior [ RunTime:0.018363s ]
INFO: [ view_parse ] --END-- [ RunTime:0.018484s ]
INFO: [ view_filter ] --START--
INFO: Run Behavior\WriteHtmlCacheBehavior [ RunTime:0.000153s ]
INFO: [ view_filter ] --END-- [ RunTime:0.000208s ]
INFO: [ app_end ] --START--
INFO: Run Behavior\ShowPageTraceBehavior [ RunTime:0.000538s ]
INFO: [ app_end ] --END-- [ RunTime:0.000594s ]

[ 2014-04-16T00:20:04+08:00 ] ::1 /jiayi/index.php/Home/User/message/type/sendbox
INFO: [ app_init ] --START--
INFO: Run Behavior\BuildLiteBehavior [ RunTime:0.000020s ]
INFO: [ app_init ] --END-- [ RunTime:0.000459s ]
INFO: [ app_begin ] --START--
INFO: Run Behavior\ReadHtmlCacheBehavior [ RunTime:0.000533s ]
INFO: [ app_begin ] --END-- [ RunTime:0.000598s ]
NOTIC: [8192] mysql_connect(): The mysql extension is deprecated and will be removed in the future: use mysqli or PDO instead /Applications/MAMP/htdocs/jiayi/ThinkPHP/Library/Think/Db/Driver/Mysql.class.php 第 52 行.
SQL: SHOW COLUMNS FROM `user` [ RunTime:0.010495s ]
SQL: SELECT `realname` FROM `user` WHERE ( userclass=1 )  [ RunTime:0.000378s ]
SQL: SHOW COLUMNS FROM `message` [ RunTime:0.001739s ]
SQL: SELECT * FROM `message` WHERE ( fromname='511912708@qq.com' and fromdel=0 )  [ RunTime:0.000241s ]
SQL: SELECT `realname` FROM `user` WHERE ( username='924581160@qq.com' ) LIMIT 1   [ RunTime:0.000162s ]
SQL: SELECT `realname` FROM `user` WHERE ( username='924581160@qq.com' ) LIMIT 1   [ RunTime:0.000150s ]
SQL: SELECT * FROM `message` WHERE ( toname='511912708@qq.com' and todel=0 )  [ RunTime:0.000181s ]
SQL: SELECT `realname` FROM `user` WHERE ( username='924581160@qq.com' ) LIMIT 1   [ RunTime:0.000149s ]
INFO: [ view_parse ] --START--
INFO: [ template_filter ] --START--
INFO: Run Behavior\ContentReplaceBehavior [ RunTime:0.000070s ]
INFO: [ template_filter ] --END-- [ RunTime:0.000145s ]
INFO: Run Behavior\ParseTemplateBehavior [ RunTime:0.013745s ]
INFO: [ view_parse ] --END-- [ RunTime:0.013812s ]
INFO: [ view_filter ] --START--
INFO: Run Behavior\WriteHtmlCacheBehavior [ RunTime:0.000145s ]
INFO: [ view_filter ] --END-- [ RunTime:0.000199s ]
INFO: [ app_end ] --START--
INFO: Run Behavior\ShowPageTraceBehavior [ RunTime:0.000538s ]
INFO: [ app_end ] --END-- [ RunTime:0.000596s ]

[ 2014-04-16T00:20:22+08:00 ] ::1 /jiayi/index.php/Home/User/message/type/receivebox
INFO: [ app_init ] --START--
INFO: Run Behavior\BuildLiteBehavior [ RunTime:0.000016s ]
INFO: [ app_init ] --END-- [ RunTime:0.000384s ]
INFO: [ app_begin ] --START--
INFO: Run Behavior\ReadHtmlCacheBehavior [ RunTime:0.000483s ]
INFO: [ app_begin ] --END-- [ RunTime:0.000547s ]
NOTIC: [8192] mysql_connect(): The mysql extension is deprecated and will be removed in the future: use mysqli or PDO instead /Applications/MAMP/htdocs/jiayi/ThinkPHP/Library/Think/Db/Driver/Mysql.class.php 第 52 行.
SQL: SHOW COLUMNS FROM `user` [ RunTime:0.009455s ]
SQL: SELECT `realname` FROM `user` WHERE ( userclass=1 )  [ RunTime:0.000342s ]
SQL: SHOW COLUMNS FROM `message` [ RunTime:0.001366s ]
SQL: SELECT * FROM `message` WHERE ( fromname='511912708@qq.com' and fromdel=0 )  [ RunTime:0.000374s ]
SQL: SELECT `realname` FROM `user` WHERE ( username='924581160@qq.com' ) LIMIT 1   [ RunTime:0.000226s ]
SQL: SELECT `realname` FROM `user` WHERE ( username='924581160@qq.com' ) LIMIT 1   [ RunTime:0.000141s ]
SQL: SELECT * FROM `message` WHERE ( toname='511912708@qq.com' and todel=0 )  [ RunTime:0.000187s ]
SQL: SELECT `realname` FROM `user` WHERE ( username='924581160@qq.com' ) LIMIT 1   [ RunTime:0.000144s ]
INFO: [ view_parse ] --START--
INFO: [ template_filter ] --START--
INFO: Run Behavior\ContentReplaceBehavior [ RunTime:0.000087s ]
INFO: [ template_filter ] --END-- [ RunTime:0.000210s ]
INFO: Run Behavior\ParseTemplateBehavior [ RunTime:0.014476s ]
INFO: [ view_parse ] --END-- [ RunTime:0.014566s ]
INFO: [ view_filter ] --START--
INFO: Run Behavior\WriteHtmlCacheBehavior [ RunTime:0.000151s ]
INFO: [ view_filter ] --END-- [ RunTime:0.000205s ]
INFO: [ app_end ] --START--
INFO: Run Behavior\ShowPageTraceBehavior [ RunTime:0.000568s ]
INFO: [ app_end ] --END-- [ RunTime:0.000627s ]

[ 2014-04-16T00:20:25+08:00 ] ::1 /jiayi/index.php/Home/User/message/type/sendbox
INFO: [ app_init ] --START--
INFO: Run Behavior\BuildLiteBehavior [ RunTime:0.000023s ]
INFO: [ app_init ] --END-- [ RunTime:0.000515s ]
INFO: [ app_begin ] --START--
INFO: Run Behavior\ReadHtmlCacheBehavior [ RunTime:0.000718s ]
INFO: [ app_begin ] --END-- [ RunTime:0.000814s ]
NOTIC: [8192] mysql_connect(): The mysql extension is deprecated and will be removed in the future: use mysqli or PDO instead /Applications/MAMP/htdocs/jiayi/ThinkPHP/Library/Think/Db/Driver/Mysql.class.php 第 52 行.
SQL: SHOW COLUMNS FROM `user` [ RunTime:0.009391s ]
SQL: SELECT `realname` FROM `user` WHERE ( userclass=1 )  [ RunTime:0.000289s ]
SQL: SHOW COLUMNS FROM `message` [ RunTime:0.001157s ]
SQL: SELECT * FROM `message` WHERE ( fromname='511912708@qq.com' and fromdel=0 )  [ RunTime:0.000253s ]
SQL: SELECT `realname` FROM `user` WHERE ( username='924581160@qq.com' ) LIMIT 1   [ RunTime:0.000129s ]
SQL: SELECT `realname` FROM `user` WHERE ( username='924581160@qq.com' ) LIMIT 1   [ RunTime:0.000118s ]
SQL: SELECT * FROM `message` WHERE ( toname='511912708@qq.com' and todel=0 )  [ RunTime:0.000178s ]
SQL: SELECT `realname` FROM `user` WHERE ( username='924581160@qq.com' ) LIMIT 1   [ RunTime:0.000150s ]
INFO: [ view_parse ] --START--
INFO: [ template_filter ] --START--
INFO: Run Behavior\ContentReplaceBehavior [ RunTime:0.000069s ]
INFO: [ template_filter ] --END-- [ RunTime:0.000143s ]
INFO: Run Behavior\ParseTemplateBehavior [ RunTime:0.013918s ]
INFO: [ view_parse ] --END-- [ RunTime:0.013988s ]
INFO: [ view_filter ] --START--
INFO: Run Behavior\WriteHtmlCacheBehavior [ RunTime:0.000144s ]
INFO: [ view_filter ] --END-- [ RunTime:0.000199s ]
INFO: [ app_end ] --START--
INFO: Run Behavior\ShowPageTraceBehavior [ RunTime:0.000529s ]
INFO: [ app_end ] --END-- [ RunTime:0.000588s ]

[ 2014-04-16T00:20:52+08:00 ] ::1 /jiayi/index.php/Home/User/message/type/receivebox
INFO: [ app_init ] --START--
INFO: Run Behavior\BuildLiteBehavior [ RunTime:0.000018s ]
INFO: [ app_init ] --END-- [ RunTime:0.000388s ]
INFO: [ app_begin ] --START--
INFO: Run Behavior\ReadHtmlCacheBehavior [ RunTime:0.000482s ]
INFO: [ app_begin ] --END-- [ RunTime:0.000546s ]
NOTIC: [8192] mysql_connect(): The mysql extension is deprecated and will be removed in the future: use mysqli or PDO instead /Applications/MAMP/htdocs/jiayi/ThinkPHP/Library/Think/Db/Driver/Mysql.class.php 第 52 行.
SQL: SHOW COLUMNS FROM `user` [ RunTime:0.009745s ]
SQL: SELECT `realname` FROM `user` WHERE ( userclass=1 )  [ RunTime:0.000243s ]
SQL: SHOW COLUMNS FROM `message` [ RunTime:0.001025s ]
SQL: SELECT * FROM `message` WHERE ( fromname='511912708@qq.com' and fromdel=0 )  [ RunTime:0.000221s ]
SQL: SELECT `realname` FROM `user` WHERE ( username='924581160@qq.com' ) LIMIT 1   [ RunTime:0.000159s ]
SQL: SELECT `realname` FROM `user` WHERE ( username='924581160@qq.com' ) LIMIT 1   [ RunTime:0.000149s ]
SQL: SELECT * FROM `message` WHERE ( toname='511912708@qq.com' and todel=0 )  [ RunTime:0.000236s ]
SQL: SELECT `realname` FROM `user` WHERE ( username='924581160@qq.com' ) LIMIT 1   [ RunTime:0.000194s ]
INFO: [ view_parse ] --START--
INFO: [ template_filter ] --START--
INFO: Run Behavior\ContentReplaceBehavior [ RunTime:0.000074s ]
INFO: [ template_filter ] --END-- [ RunTime:0.000154s ]
INFO: Run Behavior\ParseTemplateBehavior [ RunTime:0.014768s ]
INFO: [ view_parse ] --END-- [ RunTime:0.014841s ]
INFO: [ view_filter ] --START--
INFO: Run Behavior\WriteHtmlCacheBehavior [ RunTime:0.000141s ]
INFO: [ view_filter ] --END-- [ RunTime:0.000193s ]
INFO: [ app_end ] --START--
INFO: Run Behavior\ShowPageTraceBehavior [ RunTime:0.000532s ]
INFO: [ app_end ] --END-- [ RunTime:0.000590s ]

[ 2014-04-16T00:20:54+08:00 ] ::1 /jiayi/index.php/Home/User/message/type/send
INFO: [ app_init ] --START--
INFO: Run Behavior\BuildLiteBehavior [ RunTime:0.000018s ]
INFO: [ app_init ] --END-- [ RunTime:0.000374s ]
INFO: [ app_begin ] --START--
INFO: Run Behavior\ReadHtmlCacheBehavior [ RunTime:0.000485s ]
INFO: [ app_begin ] --END-- [ RunTime:0.000549s ]
NOTIC: [8192] mysql_connect(): The mysql extension is deprecated and will be removed in the future: use mysqli or PDO instead /Applications/MAMP/htdocs/jiayi/ThinkPHP/Library/Think/Db/Driver/Mysql.class.php 第 52 行.
SQL: SHOW COLUMNS FROM `user` [ RunTime:0.001605s ]
SQL: SELECT `realname` FROM `user` WHERE ( userclass=1 )  [ RunTime:0.000221s ]
SQL: SHOW COLUMNS FROM `message` [ RunTime:0.001100s ]
SQL: SELECT * FROM `message` WHERE ( fromname='511912708@qq.com' and fromdel=0 )  [ RunTime:0.000299s ]
SQL: SELECT `realname` FROM `user` WHERE ( username='924581160@qq.com' ) LIMIT 1   [ RunTime:0.000184s ]
SQL: SELECT `realname` FROM `user` WHERE ( username='924581160@qq.com' ) LIMIT 1   [ RunTime:0.000164s ]
SQL: SELECT * FROM `message` WHERE ( toname='511912708@qq.com' and todel=0 )  [ RunTime:0.000187s ]
SQL: SELECT `realname` FROM `user` WHERE ( username='924581160@qq.com' ) LIMIT 1   [ RunTime:0.000204s ]
INFO: [ view_parse ] --START--
INFO: [ template_filter ] --START--
INFO: Run Behavior\ContentReplaceBehavior [ RunTime:0.000070s ]
INFO: [ template_filter ] --END-- [ RunTime:0.000146s ]
INFO: Run Behavior\ParseTemplateBehavior [ RunTime:0.014458s ]
INFO: [ view_parse ] --END-- [ RunTime:0.014558s ]
INFO: [ view_filter ] --START--
INFO: Run Behavior\WriteHtmlCacheBehavior [ RunTime:0.000169s ]
INFO: [ view_filter ] --END-- [ RunTime:0.000231s ]
INFO: [ app_end ] --START--
INFO: Run Behavior\ShowPageTraceBehavior [ RunTime:0.000604s ]
INFO: [ app_end ] --END-- [ RunTime:0.000677s ]

[ 2014-04-16T00:20:55+08:00 ] ::1 /jiayi/index.php/Home/User/message/type/receivebox
INFO: [ app_init ] --START--
INFO: Run Behavior\BuildLiteBehavior [ RunTime:0.000032s ]
INFO: [ app_init ] --END-- [ RunTime:0.000677s ]
INFO: [ app_begin ] --START--
INFO: Run Behavior\ReadHtmlCacheBehavior [ RunTime:0.000927s ]
INFO: [ app_begin ] --END-- [ RunTime:0.001131s ]
NOTIC: [8192] mysql_connect(): The mysql extension is deprecated and will be removed in the future: use mysqli or PDO instead /Applications/MAMP/htdocs/jiayi/ThinkPHP/Library/Think/Db/Driver/Mysql.class.php 第 52 行.
SQL: SHOW COLUMNS FROM `user` [ RunTime:0.001268s ]
SQL: SELECT `realname` FROM `user` WHERE ( userclass=1 )  [ RunTime:0.000220s ]
SQL: SHOW COLUMNS FROM `message` [ RunTime:0.001029s ]
SQL: SELECT * FROM `message` WHERE ( fromname='511912708@qq.com' and fromdel=0 )  [ RunTime:0.000259s ]
SQL: SELECT `realname` FROM `user` WHERE ( username='924581160@qq.com' ) LIMIT 1   [ RunTime:0.000156s ]
SQL: SELECT `realname` FROM `user` WHERE ( username='924581160@qq.com' ) LIMIT 1   [ RunTime:0.000142s ]
SQL: SELECT * FROM `message` WHERE ( toname='511912708@qq.com' and todel=0 )  [ RunTime:0.000186s ]
SQL: SELECT `realname` FROM `user` WHERE ( username='924581160@qq.com' ) LIMIT 1   [ RunTime:0.000183s ]
INFO: [ view_parse ] --START--
INFO: [ template_filter ] --START--
INFO: Run Behavior\ContentReplaceBehavior [ RunTime:0.000127s ]
INFO: [ template_filter ] --END-- [ RunTime:0.000296s ]
INFO: Run Behavior\ParseTemplateBehavior [ RunTime:0.018411s ]
INFO: [ view_parse ] --END-- [ RunTime:0.018507s ]
INFO: [ view_filter ] --START--
INFO: Run Behavior\WriteHtmlCacheBehavior [ RunTime:0.000192s ]
INFO: [ view_filter ] --END-- [ RunTime:0.000253s ]
INFO: [ app_end ] --START--
INFO: Run Behavior\ShowPageTraceBehavior [ RunTime:0.000711s ]
INFO: [ app_end ] --END-- [ RunTime:0.000787s ]

[ 2014-04-16T00:20:56+08:00 ] ::1 /jiayi/index.php/Home/User/message/type/sendbox
INFO: [ app_init ] --START--
INFO: Run Behavior\BuildLiteBehavior [ RunTime:0.000019s ]
INFO: [ app_init ] --END-- [ RunTime:0.000387s ]
INFO: [ app_begin ] --START--
INFO: Run Behavior\ReadHtmlCacheBehavior [ RunTime:0.000578s ]
INFO: [ app_begin ] --END-- [ RunTime:0.000656s ]
NOTIC: [8192] mysql_connect(): The mysql extension is deprecated and will be removed in the future: use mysqli or PDO instead /Applications/MAMP/htdocs/jiayi/ThinkPHP/Library/Think/Db/Driver/Mysql.class.php 第 52 行.
SQL: SHOW COLUMNS FROM `user` [ RunTime:0.010063s ]
SQL: SELECT `realname` FROM `user` WHERE ( userclass=1 )  [ RunTime:0.000460s ]
SQL: SHOW COLUMNS FROM `message` [ RunTime:0.001232s ]
SQL: SELECT * FROM `message` WHERE ( fromname='511912708@qq.com' and fromdel=0 )  [ RunTime:0.000275s ]
SQL: SELECT `realname` FROM `user` WHERE ( username='924581160@qq.com' ) LIMIT 1   [ RunTime:0.000158s ]
SQL: SELECT `realname` FROM `user` WHERE ( username='924581160@qq.com' ) LIMIT 1   [ RunTime:0.000144s ]
SQL: SELECT * FROM `message` WHERE ( toname='511912708@qq.com' and todel=0 )  [ RunTime:0.000186s ]
SQL: SELECT `realname` FROM `user` WHERE ( username='924581160@qq.com' ) LIMIT 1   [ RunTime:0.000143s ]
INFO: [ view_parse ] --START--
INFO: [ template_filter ] --START--
INFO: Run Behavior\ContentReplaceBehavior [ RunTime:0.000077s ]
INFO: [ template_filter ] --END-- [ RunTime:0.000161s ]
INFO: Run Behavior\ParseTemplateBehavior [ RunTime:0.014729s ]
INFO: [ view_parse ] --END-- [ RunTime:0.014804s ]
INFO: [ view_filter ] --START--
INFO: Run Behavior\WriteHtmlCacheBehavior [ RunTime:0.000144s ]
INFO: [ view_filter ] --END-- [ RunTime:0.000199s ]
INFO: [ app_end ] --START--
INFO: Run Behavior\ShowPageTraceBehavior [ RunTime:0.000529s ]
INFO: [ app_end ] --END-- [ RunTime:0.000586s ]

[ 2014-04-16T21:24:13+08:00 ] ::1 /jiayi/Home/user/
INFO: [ app_init ] --START--
INFO: Run Behavior\BuildLiteBehavior [ RunTime:0.000068s ]
INFO: [ app_init ] --END-- [ RunTime:0.001610s ]
INFO: [ app_begin ] --START--
INFO: Run Behavior\ReadHtmlCacheBehavior [ RunTime:0.001597s ]
INFO: [ app_begin ] --END-- [ RunTime:0.001754s ]
INFO: [ app_end ] --START--
INFO: Run Behavior\ShowPageTraceBehavior [ RunTime:0.003146s ]
INFO: [ app_end ] --END-- [ RunTime:0.003387s ]

[ 2014-04-16T21:24:17+08:00 ] ::1 /jiayi/Home/user/login
INFO: [ app_init ] --START--
INFO: Run Behavior\BuildLiteBehavior [ RunTime:0.000018s ]
INFO: [ app_init ] --END-- [ RunTime:0.000430s ]
INFO: [ app_begin ] --START--
INFO: Run Behavior\ReadHtmlCacheBehavior [ RunTime:0.000543s ]
INFO: [ app_begin ] --END-- [ RunTime:0.000622s ]
INFO: [ view_parse ] --START--
INFO: [ template_filter ] --START--
INFO: Run Behavior\ContentReplaceBehavior [ RunTime:0.000201s ]
INFO: [ template_filter ] --END-- [ RunTime:0.000464s ]
INFO: Run Behavior\ParseTemplateBehavior [ RunTime:0.019914s ]
INFO: [ view_parse ] --END-- [ RunTime:0.020247s ]
INFO: [ view_filter ] --START--
INFO: Run Behavior\WriteHtmlCacheBehavior [ RunTime:0.001182s ]
INFO: [ view_filter ] --END-- [ RunTime:0.001455s ]
INFO: [ app_end ] --START--
INFO: Run Behavior\ShowPageTraceBehavior [ RunTime:0.001672s ]
INFO: [ app_end ] --END-- [ RunTime:0.001916s ]

[ 2014-04-16T21:24:17+08:00 ] ::1 /jiayi/index.php/Home/verify/verify
INFO: [ app_init ] --START--
INFO: Run Behavior\BuildLiteBehavior [ RunTime:0.000020s ]
INFO: [ app_init ] --END-- [ RunTime:0.000535s ]
INFO: [ app_begin ] --START--
INFO: Run Behavior\ReadHtmlCacheBehavior [ RunTime:0.000569s ]
INFO: [ app_begin ] --END-- [ RunTime:0.000655s ]
INFO: [ app_end ] --START--
INFO: Run Behavior\ShowPageTraceBehavior [ RunTime:0.000848s ]
INFO: [ app_end ] --END-- [ RunTime:0.000988s ]

[ 2014-04-16T21:24:31+08:00 ] ::1 /jiayi/index.php/Home/verify/verify/1397654671789
INFO: [ app_init ] --START--
INFO: Run Behavior\BuildLiteBehavior [ RunTime:0.000029s ]
INFO: [ app_init ] --END-- [ RunTime:0.000732s ]
INFO: [ app_begin ] --START--
INFO: Run Behavior\ReadHtmlCacheBehavior [ RunTime:0.000985s ]
INFO: [ app_begin ] --END-- [ RunTime:0.001096s ]
INFO: [ app_end ] --START--
INFO: Run Behavior\ShowPageTraceBehavior [ RunTime:0.001615s ]
INFO: [ app_end ] --END-- [ RunTime:0.001899s ]

[ 2014-04-16T21:24:32+08:00 ] ::1 /jiayi/index.php/Home/verify/verify/1397654672937
INFO: [ app_init ] --START--
INFO: Run Behavior\BuildLiteBehavior [ RunTime:0.000019s ]
INFO: [ app_init ] --END-- [ RunTime:0.000449s ]
INFO: [ app_begin ] --START--
INFO: Run Behavior\ReadHtmlCacheBehavior [ RunTime:0.000490s ]
INFO: [ app_begin ] --END-- [ RunTime:0.000556s ]
INFO: [ app_end ] --START--
INFO: Run Behavior\ShowPageTraceBehavior [ RunTime:0.000801s ]
INFO: [ app_end ] --END-- [ RunTime:0.000915s ]

[ 2014-04-16T21:24:34+08:00 ] ::1 /jiayi/index.php/Home/verify/verify/1397654674365
INFO: [ app_init ] --START--
INFO: Run Behavior\BuildLiteBehavior [ RunTime:0.000018s ]
INFO: [ app_init ] --END-- [ RunTime:0.000374s ]
INFO: [ app_begin ] --START--
INFO: Run Behavior\ReadHtmlCacheBehavior [ RunTime:0.000480s ]
INFO: [ app_begin ] --END-- [ RunTime:0.000546s ]
INFO: [ app_end ] --START--
INFO: Run Behavior\ShowPageTraceBehavior [ RunTime:0.000682s ]
INFO: [ app_end ] --END-- [ RunTime:0.000785s ]

[ 2014-04-16T21:24:39+08:00 ] ::1 /jiayi/index.php/Home/User/userlogin
INFO: [ app_init ] --START--
INFO: Run Behavior\BuildLiteBehavior [ RunTime:0.000018s ]
INFO: [ app_init ] --END-- [ RunTime:0.000396s ]
INFO: [ app_begin ] --START--
INFO: Run Behavior\ReadHtmlCacheBehavior [ RunTime:0.000512s ]
INFO: [ app_begin ] --END-- [ RunTime:0.000575s ]
NOTIC: [8192] mysql_connect(): The mysql extension is deprecated and will be removed in the future: use mysqli or PDO instead /Applications/MAMP/htdocs/jiayi/ThinkPHP/Library/Think/Db/Driver/Mysql.class.php 第 52 行.
SQL: SHOW COLUMNS FROM `user` [ RunTime:0.002652s ]
SQL: SELECT * FROM `user` WHERE ( username='511912708@qq.com' and password='85bf5831e593431e882887e077400b7f' ) LIMIT 1   [ RunTime:0.001170s ]
INFO: [ app_end ] --START--
INFO: Run Behavior\ShowPageTraceBehavior [ RunTime:0.001284s ]
INFO: [ app_end ] --END-- [ RunTime:0.001437s ]

[ 2014-04-16T21:24:39+08:00 ] ::1 /jiayi/index.php/Home/User/index
INFO: [ app_init ] --START--
INFO: Run Behavior\BuildLiteBehavior [ RunTime:0.000034s ]
INFO: [ app_init ] --END-- [ RunTime:0.000954s ]
INFO: [ app_begin ] --START--
INFO: Run Behavior\ReadHtmlCacheBehavior [ RunTime:0.000828s ]
INFO: [ app_begin ] --END-- [ RunTime:0.000919s ]
NOTIC: [8192] mysql_connect(): The mysql extension is deprecated and will be removed in the future: use mysqli or PDO instead /Applications/MAMP/htdocs/jiayi/ThinkPHP/Library/Think/Db/Driver/Mysql.class.php 第 52 行.
SQL: SHOW COLUMNS FROM `achievementlist` [ RunTime:0.001386s ]
SQL: SELECT * FROM `achievementlist` WHERE ( username='511912708@qq.com' )  [ RunTime:0.000321s ]
INFO: [ view_parse ] --START--
INFO: [ template_filter ] --START--
INFO: Run Behavior\ContentReplaceBehavior [ RunTime:0.000090s ]
INFO: [ template_filter ] --END-- [ RunTime:0.000185s ]
INFO: Run Behavior\ParseTemplateBehavior [ RunTime:0.024551s ]
INFO: [ view_parse ] --END-- [ RunTime:0.024669s ]
INFO: [ view_filter ] --START--
INFO: Run Behavior\WriteHtmlCacheBehavior [ RunTime:0.000194s ]
INFO: [ view_filter ] --END-- [ RunTime:0.000267s ]
INFO: [ app_end ] --START--
INFO: Run Behavior\ShowPageTraceBehavior [ RunTime:0.000694s ]
INFO: [ app_end ] --END-- [ RunTime:0.000782s ]

[ 2014-04-16T21:24:41+08:00 ] ::1 /jiayi/index.php/Home/User/message
INFO: [ app_init ] --START--
INFO: Run Behavior\BuildLiteBehavior [ RunTime:0.000049s ]
INFO: [ app_init ] --END-- [ RunTime:0.000639s ]
INFO: [ app_begin ] --START--
INFO: Run Behavior\ReadHtmlCacheBehavior [ RunTime:0.000596s ]
INFO: [ app_begin ] --END-- [ RunTime:0.000686s ]
NOTIC: [8192] mysql_connect(): The mysql extension is deprecated and will be removed in the future: use mysqli or PDO instead /Applications/MAMP/htdocs/jiayi/ThinkPHP/Library/Think/Db/Driver/Mysql.class.php 第 52 行.
SQL: SHOW COLUMNS FROM `user` [ RunTime:0.001815s ]
SQL: SELECT `realname` FROM `user` WHERE ( userclass=1 )  [ RunTime:0.001426s ]
SQL: SHOW COLUMNS FROM `message` [ RunTime:0.001287s ]
SQL: SELECT * FROM `message` WHERE ( fromname='511912708@qq.com' and fromdel=0 )  [ RunTime:0.003502s ]
SQL: SELECT `realname` FROM `user` WHERE ( username='924581160@qq.com' ) LIMIT 1   [ RunTime:0.000235s ]
SQL: SELECT `realname` FROM `user` WHERE ( username='924581160@qq.com' ) LIMIT 1   [ RunTime:0.000158s ]
SQL: SELECT * FROM `message` WHERE ( toname='511912708@qq.com' and todel=0 )  [ RunTime:0.000225s ]
SQL: SELECT `realname` FROM `user` WHERE ( username='924581160@qq.com' ) LIMIT 1   [ RunTime:0.000157s ]
INFO: [ view_parse ] --START--
INFO: [ template_filter ] --START--
INFO: Run Behavior\ContentReplaceBehavior [ RunTime:0.000082s ]
INFO: [ template_filter ] --END-- [ RunTime:0.000168s ]
INFO: Run Behavior\ParseTemplateBehavior [ RunTime:0.022071s ]
INFO: [ view_parse ] --END-- [ RunTime:0.022240s ]
INFO: [ view_filter ] --START--
INFO: Run Behavior\WriteHtmlCacheBehavior [ RunTime:0.000509s ]
INFO: [ view_filter ] --END-- [ RunTime:0.000663s ]
INFO: [ app_end ] --START--
INFO: Run Behavior\ShowPageTraceBehavior [ RunTime:0.000936s ]
INFO: [ app_end ] --END-- [ RunTime:0.001063s ]

[ 2014-04-16T21:24:43+08:00 ] ::1 /jiayi/index.php/Home/User/message/type/receivebox
INFO: [ app_init ] --START--
INFO: Run Behavior\BuildLiteBehavior [ RunTime:0.000021s ]
INFO: [ app_init ] --END-- [ RunTime:0.000458s ]
INFO: [ app_begin ] --START--
INFO: Run Behavior\ReadHtmlCacheBehavior [ RunTime:0.000555s ]
INFO: [ app_begin ] --END-- [ RunTime:0.000633s ]
NOTIC: [8192] mysql_connect(): The mysql extension is deprecated and will be removed in the future: use mysqli or PDO instead /Applications/MAMP/htdocs/jiayi/ThinkPHP/Library/Think/Db/Driver/Mysql.class.php 第 52 行.
SQL: SHOW COLUMNS FROM `user` [ RunTime:0.001399s ]
SQL: SELECT `realname` FROM `user` WHERE ( userclass=1 )  [ RunTime:0.000228s ]
SQL: SHOW COLUMNS FROM `message` [ RunTime:0.000987s ]
SQL: SELECT * FROM `message` WHERE ( fromname='511912708@qq.com' and fromdel=0 )  [ RunTime:0.004061s ]
SQL: SELECT `realname` FROM `user` WHERE ( username='924581160@qq.com' ) LIMIT 1   [ RunTime:0.000302s ]
SQL: SELECT `realname` FROM `user` WHERE ( username='924581160@qq.com' ) LIMIT 1   [ RunTime:0.000156s ]
SQL: SELECT * FROM `message` WHERE ( toname='511912708@qq.com' and todel=0 )  [ RunTime:0.000226s ]
SQL: SELECT `realname` FROM `user` WHERE ( username='924581160@qq.com' ) LIMIT 1   [ RunTime:0.000161s ]
INFO: [ view_parse ] --START--
INFO: [ template_filter ] --START--
INFO: Run Behavior\ContentReplaceBehavior [ RunTime:0.000089s ]
INFO: [ template_filter ] --END-- [ RunTime:0.000188s ]
INFO: Run Behavior\ParseTemplateBehavior [ RunTime:0.016202s ]
INFO: [ view_parse ] --END-- [ RunTime:0.016351s ]
INFO: [ view_filter ] --START--
INFO: Run Behavior\WriteHtmlCacheBehavior [ RunTime:0.000326s ]
INFO: [ view_filter ] --END-- [ RunTime:0.000397s ]
INFO: [ app_end ] --START--
INFO: Run Behavior\ShowPageTraceBehavior [ RunTime:0.001271s ]
INFO: [ app_end ] --END-- [ RunTime:0.001424s ]

[ 2014-04-16T21:24:45+08:00 ] ::1 /jiayi/index.php/Home/User/readmsg
INFO: [ app_init ] --START--
INFO: Run Behavior\BuildLiteBehavior [ RunTime:0.000022s ]
INFO: [ app_init ] --END-- [ RunTime:0.000444s ]
INFO: [ app_begin ] --START--
INFO: Run Behavior\ReadHtmlCacheBehavior [ RunTime:0.000588s ]
INFO: [ app_begin ] --END-- [ RunTime:0.000663s ]
NOTIC: [8192] mysql_connect(): The mysql extension is deprecated and will be removed in the future: use mysqli or PDO instead /Applications/MAMP/htdocs/jiayi/ThinkPHP/Library/Think/Db/Driver/Mysql.class.php 第 52 行.
SQL: SHOW COLUMNS FROM `message` [ RunTime:0.001068s ]
SQL: SELECT * FROM `message` WHERE ( msgid='1000002' ) LIMIT 1   [ RunTime:0.000984s ]
INFO: [ app_end ] --START--
INFO: Run Behavior\ShowPageTraceBehavior [ RunTime:0.001046s ]
INFO: [ app_end ] --END-- [ RunTime:0.001148s ]

[ 2014-04-16T21:24:48+08:00 ] ::1 /jiayi/index.php/Home/User/message/type/sendbox
INFO: [ app_init ] --START--
INFO: Run Behavior\BuildLiteBehavior [ RunTime:0.000018s ]
INFO: [ app_init ] --END-- [ RunTime:0.000410s ]
INFO: [ app_begin ] --START--
INFO: Run Behavior\ReadHtmlCacheBehavior [ RunTime:0.000530s ]
INFO: [ app_begin ] --END-- [ RunTime:0.000594s ]
NOTIC: [8192] mysql_connect(): The mysql extension is deprecated and will be removed in the future: use mysqli or PDO instead /Applications/MAMP/htdocs/jiayi/ThinkPHP/Library/Think/Db/Driver/Mysql.class.php 第 52 行.
SQL: SHOW COLUMNS FROM `user` [ RunTime:0.001556s ]
SQL: SELECT `realname` FROM `user` WHERE ( userclass=1 )  [ RunTime:0.000250s ]
SQL: SHOW COLUMNS FROM `message` [ RunTime:0.001397s ]
SQL: SELECT * FROM `message` WHERE ( fromname='511912708@qq.com' and fromdel=0 )  [ RunTime:0.000343s ]
SQL: SELECT `realname` FROM `user` WHERE ( username='924581160@qq.com' ) LIMIT 1   [ RunTime:0.000163s ]
SQL: SELECT `realname` FROM `user` WHERE ( username='924581160@qq.com' ) LIMIT 1   [ RunTime:0.000144s ]
SQL: SELECT * FROM `message` WHERE ( toname='511912708@qq.com' and todel=0 )  [ RunTime:0.000254s ]
SQL: SELECT `realname` FROM `user` WHERE ( username='924581160@qq.com' ) LIMIT 1   [ RunTime:0.000139s ]
INFO: [ view_parse ] --START--
INFO: [ template_filter ] --START--
INFO: Run Behavior\ContentReplaceBehavior [ RunTime:0.000113s ]
INFO: [ template_filter ] --END-- [ RunTime:0.000245s ]
INFO: Run Behavior\ParseTemplateBehavior [ RunTime:0.021522s ]
INFO: [ view_parse ] --END-- [ RunTime:0.021613s ]
INFO: [ view_filter ] --START--
INFO: Run Behavior\WriteHtmlCacheBehavior [ RunTime:0.000202s ]
INFO: [ view_filter ] --END-- [ RunTime:0.000275s ]
INFO: [ app_end ] --START--
INFO: Run Behavior\ShowPageTraceBehavior [ RunTime:0.000863s ]
INFO: [ app_end ] --END-- [ RunTime:0.000959s ]

[ 2014-04-16T21:24:49+08:00 ] ::1 /jiayi/index.php/Home/User/readmsg
INFO: [ app_init ] --START--
INFO: Run Behavior\BuildLiteBehavior [ RunTime:0.000030s ]
INFO: [ app_init ] --END-- [ RunTime:0.000570s ]
INFO: [ app_begin ] --START--
INFO: Run Behavior\ReadHtmlCacheBehavior [ RunTime:0.000562s ]
INFO: [ app_begin ] --END-- [ RunTime:0.000643s ]
NOTIC: [8192] mysql_connect(): The mysql extension is deprecated and will be removed in the future: use mysqli or PDO instead /Applications/MAMP/htdocs/jiayi/ThinkPHP/Library/Think/Db/Driver/Mysql.class.php 第 52 行.
SQL: SHOW COLUMNS FROM `message` [ RunTime:0.008596s ]
SQL: SELECT * FROM `message` WHERE ( msgid='1000000' ) LIMIT 1   [ RunTime:0.000326s ]
INFO: [ app_end ] --START--
INFO: Run Behavior\ShowPageTraceBehavior [ RunTime:0.001123s ]
INFO: [ app_end ] --END-- [ RunTime:0.001241s ]

[ 2014-04-16T21:24:52+08:00 ] ::1 /jiayi/index.php/Home/User/message/type/sendbox
INFO: [ app_init ] --START--
INFO: Run Behavior\BuildLiteBehavior [ RunTime:0.000021s ]
INFO: [ app_init ] --END-- [ RunTime:0.000449s ]
INFO: [ app_begin ] --START--
INFO: Run Behavior\ReadHtmlCacheBehavior [ RunTime:0.000569s ]
INFO: [ app_begin ] --END-- [ RunTime:0.000644s ]
NOTIC: [8192] mysql_connect(): The mysql extension is deprecated and will be removed in the future: use mysqli or PDO instead /Applications/MAMP/htdocs/jiayi/ThinkPHP/Library/Think/Db/Driver/Mysql.class.php 第 52 行.
SQL: SHOW COLUMNS FROM `user` [ RunTime:0.008820s ]
SQL: SELECT `realname` FROM `user` WHERE ( userclass=1 )  [ RunTime:0.000205s ]
SQL: SHOW COLUMNS FROM `message` [ RunTime:0.000928s ]
SQL: SELECT * FROM `message` WHERE ( fromname='511912708@qq.com' and fromdel=0 )  [ RunTime:0.000383s ]
SQL: SELECT `realname` FROM `user` WHERE ( username='924581160@qq.com' ) LIMIT 1   [ RunTime:0.000177s ]
SQL: SELECT `realname` FROM `user` WHERE ( username='924581160@qq.com' ) LIMIT 1   [ RunTime:0.000148s ]
SQL: SELECT * FROM `message` WHERE ( toname='511912708@qq.com' and todel=0 )  [ RunTime:0.000202s ]
SQL: SELECT `realname` FROM `user` WHERE ( username='924581160@qq.com' ) LIMIT 1   [ RunTime:0.000182s ]
INFO: [ view_parse ] --START--
INFO: [ template_filter ] --START--
INFO: Run Behavior\ContentReplaceBehavior [ RunTime:0.000071s ]
INFO: [ template_filter ] --END-- [ RunTime:0.000153s ]
INFO: Run Behavior\ParseTemplateBehavior [ RunTime:0.015090s ]
INFO: [ view_parse ] --END-- [ RunTime:0.015161s ]
INFO: [ view_filter ] --START--
INFO: Run Behavior\WriteHtmlCacheBehavior [ RunTime:0.000148s ]
INFO: [ view_filter ] --END-- [ RunTime:0.000216s ]
INFO: [ app_end ] --START--
INFO: Run Behavior\ShowPageTraceBehavior [ RunTime:0.000620s ]
INFO: [ app_end ] --END-- [ RunTime:0.000697s ]

[ 2014-04-16T21:24:53+08:00 ] ::1 /jiayi/index.php/Home/User/readmsg
INFO: [ app_init ] --START--
INFO: Run Behavior\BuildLiteBehavior [ RunTime:0.000019s ]
INFO: [ app_init ] --END-- [ RunTime:0.000462s ]
INFO: [ app_begin ] --START--
INFO: Run Behavior\ReadHtmlCacheBehavior [ RunTime:0.000673s ]
INFO: [ app_begin ] --END-- [ RunTime:0.000755s ]
NOTIC: [8192] mysql_connect(): The mysql extension is deprecated and will be removed in the future: use mysqli or PDO instead /Applications/MAMP/htdocs/jiayi/ThinkPHP/Library/Think/Db/Driver/Mysql.class.php 第 52 行.
SQL: SHOW COLUMNS FROM `message` [ RunTime:0.001607s ]
SQL: SELECT * FROM `message` WHERE ( msgid='1000001' ) LIMIT 1   [ RunTime:0.000230s ]
INFO: [ app_end ] --START--
INFO: Run Behavior\ShowPageTraceBehavior [ RunTime:0.000716s ]
INFO: [ app_end ] --END-- [ RunTime:0.000787s ]

[ 2014-04-16T21:24:57+08:00 ] ::1 /jiayi/index.php/Home/User/message/type/send/toname/%E9%99%88%E4%B8%80%E5%8F%B7
INFO: [ app_init ] --START--
INFO: Run Behavior\BuildLiteBehavior [ RunTime:0.000020s ]
INFO: [ app_init ] --END-- [ RunTime:0.000425s ]
INFO: [ app_begin ] --START--
INFO: Run Behavior\ReadHtmlCacheBehavior [ RunTime:0.000810s ]
INFO: [ app_begin ] --END-- [ RunTime:0.000953s ]
NOTIC: [8192] mysql_connect(): The mysql extension is deprecated and will be removed in the future: use mysqli or PDO instead /Applications/MAMP/htdocs/jiayi/ThinkPHP/Library/Think/Db/Driver/Mysql.class.php 第 52 行.
SQL: SHOW COLUMNS FROM `user` [ RunTime:0.001502s ]
SQL: SELECT `realname` FROM `user` WHERE ( userclass=1 )  [ RunTime:0.000354s ]
SQL: SHOW COLUMNS FROM `message` [ RunTime:0.001400s ]
SQL: SELECT * FROM `message` WHERE ( fromname='511912708@qq.com' and fromdel=0 )  [ RunTime:0.000341s ]
SQL: SELECT `realname` FROM `user` WHERE ( username='924581160@qq.com' ) LIMIT 1   [ RunTime:0.000232s ]
SQL: SELECT `realname` FROM `user` WHERE ( username='924581160@qq.com' ) LIMIT 1   [ RunTime:0.000223s ]
SQL: SELECT * FROM `message` WHERE ( toname='511912708@qq.com' and todel=0 )  [ RunTime:0.000396s ]
SQL: SELECT `realname` FROM `user` WHERE ( username='924581160@qq.com' ) LIMIT 1   [ RunTime:0.000230s ]
INFO: [ view_parse ] --START--
INFO: [ template_filter ] --START--
INFO: Run Behavior\ContentReplaceBehavior [ RunTime:0.000069s ]
INFO: [ template_filter ] --END-- [ RunTime:0.000149s ]
INFO: Run Behavior\ParseTemplateBehavior [ RunTime:0.019092s ]
INFO: [ view_parse ] --END-- [ RunTime:0.019179s ]
INFO: [ view_filter ] --START--
INFO: Run Behavior\WriteHtmlCacheBehavior [ RunTime:0.000174s ]
INFO: [ view_filter ] --END-- [ RunTime:0.000236s ]
INFO: [ app_end ] --START--
INFO: Run Behavior\ShowPageTraceBehavior [ RunTime:0.001057s ]
INFO: [ app_end ] --END-- [ RunTime:0.001170s ]

[ 2014-04-16T21:25:00+08:00 ] ::1 /jiayi/index.php/Home/User/message/type/receivebox
INFO: [ app_init ] --START--
INFO: Run Behavior\BuildLiteBehavior [ RunTime:0.000020s ]
INFO: [ app_init ] --END-- [ RunTime:0.000446s ]
INFO: [ app_begin ] --START--
INFO: Run Behavior\ReadHtmlCacheBehavior [ RunTime:0.000550s ]
INFO: [ app_begin ] --END-- [ RunTime:0.000630s ]
NOTIC: [8192] mysql_connect(): The mysql extension is deprecated and will be removed in the future: use mysqli or PDO instead /Applications/MAMP/htdocs/jiayi/ThinkPHP/Library/Think/Db/Driver/Mysql.class.php 第 52 行.
SQL: SHOW COLUMNS FROM `user` [ RunTime:0.001880s ]
SQL: SELECT `realname` FROM `user` WHERE ( userclass=1 )  [ RunTime:0.000559s ]
SQL: SHOW COLUMNS FROM `message` [ RunTime:0.001497s ]
SQL: SELECT * FROM `message` WHERE ( fromname='511912708@qq.com' and fromdel=0 )  [ RunTime:0.000263s ]
SQL: SELECT `realname` FROM `user` WHERE ( username='924581160@qq.com' ) LIMIT 1   [ RunTime:0.000181s ]
SQL: SELECT `realname` FROM `user` WHERE ( username='924581160@qq.com' ) LIMIT 1   [ RunTime:0.000165s ]
SQL: SELECT * FROM `message` WHERE ( toname='511912708@qq.com' and todel=0 )  [ RunTime:0.000219s ]
SQL: SELECT `realname` FROM `user` WHERE ( username='924581160@qq.com' ) LIMIT 1   [ RunTime:0.000195s ]
INFO: [ view_parse ] --START--
INFO: [ template_filter ] --START--
INFO: Run Behavior\ContentReplaceBehavior [ RunTime:0.000098s ]
INFO: [ template_filter ] --END-- [ RunTime:0.000204s ]
INFO: Run Behavior\ParseTemplateBehavior [ RunTime:0.020568s ]
INFO: [ view_parse ] --END-- [ RunTime:0.020663s ]
INFO: [ view_filter ] --START--
INFO: Run Behavior\WriteHtmlCacheBehavior [ RunTime:0.000166s ]
INFO: [ view_filter ] --END-- [ RunTime:0.000232s ]
INFO: [ app_end ] --START--
INFO: Run Behavior\ShowPageTraceBehavior [ RunTime:0.000636s ]
INFO: [ app_end ] --END-- [ RunTime:0.000713s ]

