[ 2014-03-30T13:52:34+08:00 ] ::1 /jiayi/index.php/Home/admin/articlelist.html
INFO: [ app_init ] --START--
INFO: Run Behavior\BuildLiteBehavior [ RunTime:0.000035s ]
INFO: [ app_init ] --END-- [ RunTime:0.003465s ]
INFO: [ app_begin ] --START--
INFO: Run Behavior\ReadHtmlCacheBehavior [ RunTime:0.001822s ]
INFO: [ app_begin ] --END-- [ RunTime:0.001992s ]
INFO: [ view_parse ] --START--
INFO: [ template_filter ] --START--
INFO: Run Behavior\ContentReplaceBehavior [ RunTime:0.000225s ]
INFO: [ template_filter ] --END-- [ RunTime:0.000433s ]
INFO: Run Behavior\ParseTemplateBehavior [ RunTime:0.020140s ]
INFO: [ view_parse ] --END-- [ RunTime:0.020317s ]
INFO: [ view_filter ] --START--
INFO: Run Behavior\WriteHtmlCacheBehavior [ RunTime:0.000607s ]
INFO: [ view_filter ] --END-- [ RunTime:0.000706s ]
INFO: [ app_end ] --START--
INFO: Run Behavior\ShowPageTraceBehavior [ RunTime:0.001615s ]
INFO: [ app_end ] --END-- [ RunTime:0.001802s ]

[ 2014-03-30T13:58:47+08:00 ] ::1 /jiayi/index.php/Home/admin/articlelist.html
INFO: [ app_init ] --START--
INFO: Run Behavior\BuildLiteBehavior [ RunTime:0.000033s ]
INFO: [ app_init ] --END-- [ RunTime:0.001107s ]
INFO: [ app_begin ] --START--
INFO: Run Behavior\ReadHtmlCacheBehavior [ RunTime:0.001298s ]
INFO: [ app_begin ] --END-- [ RunTime:0.001453s ]
NOTIC: [8192] mysql_connect(): The mysql extension is deprecated and will be removed in the future: use mysqli or PDO instead /Applications/MAMP/htdocs/jiayi/ThinkPHP/Library/Think/Db/Driver/Mysql.class.php 第 52 行.
SQL: SHOW COLUMNS FROM `articlelist` [ RunTime:0.004308s ]
NOTIC: [8] Undefined variable: Article /Applications/MAMP/htdocs/jiayi/Application/Home/Controller/AdminController.class.php 第 23 行.

[ 2014-03-30T13:59:40+08:00 ] ::1 /jiayi/index.php/Home/admin/articlelist.html
INFO: [ app_init ] --START--
INFO: Run Behavior\BuildLiteBehavior [ RunTime:0.000062s ]
INFO: [ app_init ] --END-- [ RunTime:0.001432s ]
INFO: [ app_begin ] --START--
INFO: Run Behavior\ReadHtmlCacheBehavior [ RunTime:0.001608s ]
INFO: [ app_begin ] --END-- [ RunTime:0.001768s ]
NOTIC: [8192] mysql_connect(): The mysql extension is deprecated and will be removed in the future: use mysqli or PDO instead /Applications/MAMP/htdocs/jiayi/ThinkPHP/Library/Think/Db/Driver/Mysql.class.php 第 52 行.
SQL: SHOW COLUMNS FROM `articlelist` [ RunTime:0.002637s ]
SQL: SELECT `id`,`title`,`type`,`time` FROM `articlelist` ORDER BY time  [ RunTime:0.002617s ]
INFO: [ view_parse ] --START--
INFO: [ template_filter ] --START--
INFO: Run Behavior\ContentReplaceBehavior [ RunTime:0.000088s ]
INFO: [ template_filter ] --END-- [ RunTime:0.000211s ]
INFO: Run Behavior\ParseTemplateBehavior [ RunTime:0.029620s ]
INFO: [ view_parse ] --END-- [ RunTime:0.029765s ]
INFO: [ view_filter ] --START--
INFO: Run Behavior\WriteHtmlCacheBehavior [ RunTime:0.000886s ]
INFO: [ view_filter ] --END-- [ RunTime:0.000994s ]
INFO: [ app_end ] --START--
INFO: Run Behavior\ShowPageTraceBehavior [ RunTime:0.001415s ]
INFO: [ app_end ] --END-- [ RunTime:0.001531s ]

[ 2014-03-30T14:02:11+08:00 ] ::1 /jiayi/index.php/Home/admin/articlelist.html
INFO: [ app_init ] --START--
INFO: Run Behavior\BuildLiteBehavior [ RunTime:0.000035s ]
INFO: [ app_init ] --END-- [ RunTime:0.001330s ]
INFO: [ app_begin ] --START--
INFO: Run Behavior\ReadHtmlCacheBehavior [ RunTime:0.001214s ]
INFO: [ app_begin ] --END-- [ RunTime:0.001332s ]
NOTIC: [8192] mysql_connect(): The mysql extension is deprecated and will be removed in the future: use mysqli or PDO instead /Applications/MAMP/htdocs/jiayi/ThinkPHP/Library/Think/Db/Driver/Mysql.class.php 第 52 行.
SQL: SHOW COLUMNS FROM `articlelist` [ RunTime:0.002938s ]
SQL: SELECT `id`,`title`,`type`,`time` FROM `articlelist` ORDER BY time  [ RunTime:0.000306s ]
INFO: [ view_parse ] --START--
INFO: [ template_filter ] --START--
INFO: Run Behavior\ContentReplaceBehavior [ RunTime:0.000098s ]
INFO: [ template_filter ] --END-- [ RunTime:0.000218s ]
INFO: Run Behavior\ParseTemplateBehavior [ RunTime:0.017941s ]
INFO: [ view_parse ] --END-- [ RunTime:0.018097s ]
INFO: [ view_filter ] --START--
INFO: Run Behavior\WriteHtmlCacheBehavior [ RunTime:0.000578s ]
INFO: [ view_filter ] --END-- [ RunTime:0.000701s ]
INFO: [ app_end ] --START--
INFO: Run Behavior\ShowPageTraceBehavior [ RunTime:0.001359s ]
INFO: [ app_end ] --END-- [ RunTime:0.001489s ]

[ 2014-03-30T14:04:49+08:00 ] ::1 /jiayi/index.php/Home/admin/articlelist.html
INFO: [ app_init ] --START--
INFO: Run Behavior\BuildLiteBehavior [ RunTime:0.000045s ]
INFO: [ app_init ] --END-- [ RunTime:0.001477s ]
INFO: [ app_begin ] --START--
INFO: Run Behavior\ReadHtmlCacheBehavior [ RunTime:0.001558s ]
INFO: [ app_begin ] --END-- [ RunTime:0.001730s ]
NOTIC: [8192] mysql_connect(): The mysql extension is deprecated and will be removed in the future: use mysqli or PDO instead /Applications/MAMP/htdocs/jiayi/ThinkPHP/Library/Think/Db/Driver/Mysql.class.php 第 52 行.
SQL: SHOW COLUMNS FROM `articlelist` [ RunTime:0.003083s ]
SQL: SELECT `id`,`title`,`type`,`time` FROM `articlelist` ORDER BY time  [ RunTime:0.000358s ]
INFO: [ view_parse ] --START--
INFO: [ template_filter ] --START--
INFO: Run Behavior\ContentReplaceBehavior [ RunTime:0.000068s ]
INFO: [ template_filter ] --END-- [ RunTime:0.000165s ]
INFO: Run Behavior\ParseTemplateBehavior [ RunTime:0.014466s ]
INFO: [ view_parse ] --END-- [ RunTime:0.014597s ]
INFO: [ view_filter ] --START--
INFO: Run Behavior\WriteHtmlCacheBehavior [ RunTime:0.000391s ]
INFO: [ view_filter ] --END-- [ RunTime:0.000468s ]
INFO: [ app_end ] --START--
INFO: Run Behavior\ShowPageTraceBehavior [ RunTime:0.001485s ]
INFO: [ app_end ] --END-- [ RunTime:0.001651s ]

[ 2014-03-30T14:09:13+08:00 ] ::1 /jiayi/Home/admin/article
INFO: [ app_init ] --START--
INFO: Run Behavior\BuildLiteBehavior [ RunTime:0.000033s ]
INFO: [ app_init ] --END-- [ RunTime:0.001244s ]
INFO: [ app_begin ] --START--
INFO: Run Behavior\ReadHtmlCacheBehavior [ RunTime:0.001458s ]
INFO: [ app_begin ] --END-- [ RunTime:0.001610s ]
NOTIC: [8192] mysql_connect(): The mysql extension is deprecated and will be removed in the future: use mysqli or PDO instead /Applications/MAMP/htdocs/jiayi/ThinkPHP/Library/Think/Db/Driver/Mysql.class.php 第 52 行.
SQL: SHOW COLUMNS FROM `articlelist` [ RunTime:0.001532s ]
SQL: SELECT * FROM `articlelist` WHERE ( id='' ) LIMIT 1   [ RunTime:0.002632s ]
INFO: [ view_parse ] --START--
INFO: [ template_filter ] --START--
INFO: Run Behavior\ContentReplaceBehavior [ RunTime:0.000081s ]
INFO: [ template_filter ] --END-- [ RunTime:0.000273s ]
NOTIC: [8] Undefined variable: type /Applications/MAMP/htdocs/jiayi/Application/Runtime/Cache/Home/4053fbe20704e789253330b79676b603.php 第 76 行.
INFO: Run Behavior\ParseTemplateBehavior [ RunTime:0.015827s ]
INFO: [ view_parse ] --END-- [ RunTime:0.015961s ]
INFO: [ view_filter ] --START--
INFO: Run Behavior\WriteHtmlCacheBehavior [ RunTime:0.000530s ]
INFO: [ view_filter ] --END-- [ RunTime:0.000619s ]
INFO: [ app_end ] --START--
INFO: Run Behavior\ShowPageTraceBehavior [ RunTime:0.001216s ]
INFO: [ app_end ] --END-- [ RunTime:0.001415s ]

[ 2014-03-30T15:35:18+08:00 ] ::1 /jiayi/Home/admin/article
INFO: [ app_init ] --START--
INFO: Run Behavior\BuildLiteBehavior [ RunTime:0.000033s ]
INFO: [ app_init ] --END-- [ RunTime:0.003750s ]
INFO: [ app_begin ] --START--
INFO: Run Behavior\ReadHtmlCacheBehavior [ RunTime:0.001318s ]
INFO: [ app_begin ] --END-- [ RunTime:0.001460s ]
NOTIC: [8] Use of undefined constant id - assumed 'id' /Applications/MAMP/htdocs/jiayi/Application/Home/Controller/AdminController.class.php 第 33 行.
NOTIC: [8192] mysql_connect(): The mysql extension is deprecated and will be removed in the future: use mysqli or PDO instead /Applications/MAMP/htdocs/jiayi/ThinkPHP/Library/Think/Db/Driver/Mysql.class.php 第 52 行.
SQL: SHOW COLUMNS FROM `articlelist` [ RunTime:0.012868s ]
SQL: SELECT * FROM `articlelist` WHERE ( id='' ) LIMIT 1   [ RunTime:0.012984s ]
INFO: [ view_parse ] --START--
INFO: [ template_filter ] --START--
INFO: Run Behavior\ContentReplaceBehavior [ RunTime:0.000083s ]
INFO: [ template_filter ] --END-- [ RunTime:0.000217s ]
NOTIC: [8] Undefined variable: type /Applications/MAMP/htdocs/jiayi/Application/Runtime/Cache/Home/4053fbe20704e789253330b79676b603.php 第 78 行.
INFO: Run Behavior\ParseTemplateBehavior [ RunTime:0.017151s ]
INFO: [ view_parse ] --END-- [ RunTime:0.017294s ]
INFO: [ view_filter ] --START--
INFO: Run Behavior\WriteHtmlCacheBehavior [ RunTime:0.000624s ]
INFO: [ view_filter ] --END-- [ RunTime:0.000720s ]
INFO: [ app_end ] --START--
INFO: Run Behavior\ShowPageTraceBehavior [ RunTime:0.001185s ]
INFO: [ app_end ] --END-- [ RunTime:0.001312s ]

[ 2014-03-30T15:35:20+08:00 ] ::1 /jiayi/Home/admin/article
INFO: [ app_init ] --START--
INFO: Run Behavior\BuildLiteBehavior [ RunTime:0.000026s ]
INFO: [ app_init ] --END-- [ RunTime:0.000612s ]
INFO: [ app_begin ] --START--
INFO: Run Behavior\ReadHtmlCacheBehavior [ RunTime:0.000569s ]
INFO: [ app_begin ] --END-- [ RunTime:0.000657s ]
NOTIC: [8] Use of undefined constant id - assumed 'id' /Applications/MAMP/htdocs/jiayi/Application/Home/Controller/AdminController.class.php 第 33 行.
NOTIC: [8192] mysql_connect(): The mysql extension is deprecated and will be removed in the future: use mysqli or PDO instead /Applications/MAMP/htdocs/jiayi/ThinkPHP/Library/Think/Db/Driver/Mysql.class.php 第 52 行.
SQL: SHOW COLUMNS FROM `articlelist` [ RunTime:0.011421s ]
SQL: SELECT * FROM `articlelist` WHERE ( id='' ) LIMIT 1   [ RunTime:0.000728s ]
INFO: [ view_parse ] --START--
INFO: [ template_filter ] --START--
INFO: Run Behavior\ContentReplaceBehavior [ RunTime:0.000080s ]
INFO: [ template_filter ] --END-- [ RunTime:0.000202s ]
NOTIC: [8] Undefined variable: type /Applications/MAMP/htdocs/jiayi/Application/Runtime/Cache/Home/4053fbe20704e789253330b79676b603.php 第 78 行.
INFO: Run Behavior\ParseTemplateBehavior [ RunTime:0.010846s ]
INFO: [ view_parse ] --END-- [ RunTime:0.010963s ]
INFO: [ view_filter ] --START--
INFO: Run Behavior\WriteHtmlCacheBehavior [ RunTime:0.000249s ]
INFO: [ view_filter ] --END-- [ RunTime:0.000437s ]
INFO: [ app_end ] --START--
INFO: Run Behavior\ShowPageTraceBehavior [ RunTime:0.001188s ]
INFO: [ app_end ] --END-- [ RunTime:0.001334s ]

[ 2014-03-30T15:35:45+08:00 ] ::1 /jiayi/Home/admin/article/id/
INFO: [ app_init ] --START--
INFO: Run Behavior\BuildLiteBehavior [ RunTime:0.000036s ]
INFO: [ app_init ] --END-- [ RunTime:0.000995s ]
INFO: [ app_begin ] --START--
INFO: Run Behavior\ReadHtmlCacheBehavior [ RunTime:0.000790s ]
INFO: [ app_begin ] --END-- [ RunTime:0.000909s ]
NOTIC: [8] Use of undefined constant id - assumed 'id' /Applications/MAMP/htdocs/jiayi/Application/Home/Controller/AdminController.class.php 第 33 行.
NOTIC: [8192] mysql_connect(): The mysql extension is deprecated and will be removed in the future: use mysqli or PDO instead /Applications/MAMP/htdocs/jiayi/ThinkPHP/Library/Think/Db/Driver/Mysql.class.php 第 52 行.
SQL: SHOW COLUMNS FROM `articlelist` [ RunTime:0.001992s ]
SQL: SELECT * FROM `articlelist` WHERE ( id='' ) LIMIT 1   [ RunTime:0.000290s ]
INFO: [ view_parse ] --START--
INFO: [ template_filter ] --START--
INFO: Run Behavior\ContentReplaceBehavior [ RunTime:0.000086s ]
INFO: [ template_filter ] --END-- [ RunTime:0.000248s ]
NOTIC: [8] Undefined variable: type /Applications/MAMP/htdocs/jiayi/Application/Runtime/Cache/Home/4053fbe20704e789253330b79676b603.php 第 78 行.
INFO: Run Behavior\ParseTemplateBehavior [ RunTime:0.011495s ]
INFO: [ view_parse ] --END-- [ RunTime:0.011636s ]
INFO: [ view_filter ] --START--
INFO: Run Behavior\WriteHtmlCacheBehavior [ RunTime:0.000306s ]
INFO: [ view_filter ] --END-- [ RunTime:0.000412s ]
INFO: [ app_end ] --START--
INFO: Run Behavior\ShowPageTraceBehavior [ RunTime:0.000966s ]
INFO: [ app_end ] --END-- [ RunTime:0.001063s ]

[ 2014-03-30T15:35:50+08:00 ] ::1 /jiayi/Home/admin/article
INFO: [ app_init ] --START--
INFO: Run Behavior\BuildLiteBehavior [ RunTime:0.000040s ]
INFO: [ app_init ] --END-- [ RunTime:0.000822s ]
INFO: [ app_begin ] --START--
INFO: Run Behavior\ReadHtmlCacheBehavior [ RunTime:0.000970s ]
INFO: [ app_begin ] --END-- [ RunTime:0.001184s ]
NOTIC: [8] Use of undefined constant id - assumed 'id' /Applications/MAMP/htdocs/jiayi/Application/Home/Controller/AdminController.class.php 第 33 行.
NOTIC: [8192] mysql_connect(): The mysql extension is deprecated and will be removed in the future: use mysqli or PDO instead /Applications/MAMP/htdocs/jiayi/ThinkPHP/Library/Think/Db/Driver/Mysql.class.php 第 52 行.
SQL: SHOW COLUMNS FROM `articlelist` [ RunTime:0.003460s ]
SQL: SELECT * FROM `articlelist` WHERE ( id='' ) LIMIT 1   [ RunTime:0.002697s ]
INFO: [ view_parse ] --START--
INFO: [ template_filter ] --START--
INFO: Run Behavior\ContentReplaceBehavior [ RunTime:0.000057s ]
INFO: [ template_filter ] --END-- [ RunTime:0.000216s ]
NOTIC: [8] Undefined variable: type /Applications/MAMP/htdocs/jiayi/Application/Runtime/Cache/Home/4053fbe20704e789253330b79676b603.php 第 78 行.
INFO: Run Behavior\ParseTemplateBehavior [ RunTime:0.011797s ]
INFO: [ view_parse ] --END-- [ RunTime:0.011905s ]
INFO: [ view_filter ] --START--
INFO: Run Behavior\WriteHtmlCacheBehavior [ RunTime:0.000211s ]
INFO: [ view_filter ] --END-- [ RunTime:0.000289s ]
INFO: [ app_end ] --START--
INFO: Run Behavior\ShowPageTraceBehavior [ RunTime:0.001051s ]
INFO: [ app_end ] --END-- [ RunTime:0.001588s ]

[ 2014-03-30T15:36:50+08:00 ] ::1 /jiayi/Home/admin/article
INFO: [ app_init ] --START--
INFO: Run Behavior\BuildLiteBehavior [ RunTime:0.000033s ]
INFO: [ app_init ] --END-- [ RunTime:0.001227s ]
INFO: [ app_begin ] --START--
INFO: Run Behavior\ReadHtmlCacheBehavior [ RunTime:0.001572s ]
INFO: [ app_begin ] --END-- [ RunTime:0.001739s ]
NOTIC: [8] Use of undefined constant id - assumed 'id' /Applications/MAMP/htdocs/jiayi/Application/Home/Controller/AdminController.class.php 第 33 行.
INFO: [ app_end ] --START--
INFO: Run Behavior\ShowPageTraceBehavior [ RunTime:0.002841s ]
INFO: [ app_end ] --END-- [ RunTime:0.002983s ]

[ 2014-03-30T15:37:06+08:00 ] ::1 /jiayi/Home/admin/article/id/1000010
INFO: [ app_init ] --START--
INFO: Run Behavior\BuildLiteBehavior [ RunTime:0.000031s ]
INFO: [ app_init ] --END-- [ RunTime:0.000726s ]
INFO: [ app_begin ] --START--
INFO: Run Behavior\ReadHtmlCacheBehavior [ RunTime:0.000949s ]
INFO: [ app_begin ] --END-- [ RunTime:0.001106s ]
NOTIC: [8] Use of undefined constant id - assumed 'id' /Applications/MAMP/htdocs/jiayi/Application/Home/Controller/AdminController.class.php 第 33 行.
INFO: [ app_end ] --START--
INFO: Run Behavior\ShowPageTraceBehavior [ RunTime:0.000996s ]
INFO: [ app_end ] --END-- [ RunTime:0.001124s ]

[ 2014-03-30T15:37:19+08:00 ] ::1 /jiayi/Home/admin/article/id/1000010
INFO: [ app_init ] --START--
INFO: Run Behavior\BuildLiteBehavior [ RunTime:0.000028s ]
INFO: [ app_init ] --END-- [ RunTime:0.000701s ]
INFO: [ app_begin ] --START--
INFO: Run Behavior\ReadHtmlCacheBehavior [ RunTime:0.000795s ]
INFO: [ app_begin ] --END-- [ RunTime:0.000935s ]
NOTIC: [8] Use of undefined constant id - assumed 'id' /Applications/MAMP/htdocs/jiayi/Application/Home/Controller/AdminController.class.php 第 33 行.
INFO: [ app_end ] --START--
INFO: Run Behavior\ShowPageTraceBehavior [ RunTime:0.001016s ]
INFO: [ app_end ] --END-- [ RunTime:0.001164s ]

[ 2014-03-30T15:37:48+08:00 ] ::1 /jiayi/Home/admin/article/id/1000010
INFO: [ app_init ] --START--
INFO: Run Behavior\BuildLiteBehavior [ RunTime:0.000036s ]
INFO: [ app_init ] --END-- [ RunTime:0.001204s ]
INFO: [ app_begin ] --START--
INFO: Run Behavior\ReadHtmlCacheBehavior [ RunTime:0.001840s ]
INFO: [ app_begin ] --END-- [ RunTime:0.002059s ]
NOTIC: [8] Use of undefined constant id - assumed 'id' /Applications/MAMP/htdocs/jiayi/Application/Home/Controller/AdminController.class.php 第 33 行.
INFO: [ app_end ] --START--
INFO: Run Behavior\ShowPageTraceBehavior [ RunTime:0.001283s ]
INFO: [ app_end ] --END-- [ RunTime:0.001446s ]

[ 2014-03-30T15:38:13+08:00 ] ::1 /jiayi/Home/admin/article/id/1000010
INFO: [ app_init ] --START--
INFO: Run Behavior\BuildLiteBehavior [ RunTime:0.000033s ]
INFO: [ app_init ] --END-- [ RunTime:0.001262s ]
INFO: [ app_begin ] --START--
INFO: Run Behavior\ReadHtmlCacheBehavior [ RunTime:0.001897s ]
INFO: [ app_begin ] --END-- [ RunTime:0.002073s ]
NOTIC: [8] Use of undefined constant id - assumed 'id' /Applications/MAMP/htdocs/jiayi/Application/Home/Controller/AdminController.class.php 第 33 行.
INFO: [ app_end ] --START--
INFO: Run Behavior\ShowPageTraceBehavior [ RunTime:0.001333s ]
INFO: [ app_end ] --END-- [ RunTime:0.001456s ]

[ 2014-03-30T15:38:23+08:00 ] ::1 /jiayi/Home/admin/article/id/1000010
INFO: [ app_init ] --START--
INFO: Run Behavior\BuildLiteBehavior [ RunTime:0.000024s ]
INFO: [ app_init ] --END-- [ RunTime:0.000638s ]
INFO: [ app_begin ] --START--
INFO: Run Behavior\ReadHtmlCacheBehavior [ RunTime:0.001183s ]
INFO: [ app_begin ] --END-- [ RunTime:0.001295s ]
NOTIC: [8192] mysql_connect(): The mysql extension is deprecated and will be removed in the future: use mysqli or PDO instead /Applications/MAMP/htdocs/jiayi/ThinkPHP/Library/Think/Db/Driver/Mysql.class.php 第 52 行.
SQL: SHOW COLUMNS FROM `articlelist` [ RunTime:0.002467s ]
SQL: SELECT * FROM `articlelist` WHERE ( id='1000010' ) LIMIT 1   [ RunTime:0.002889s ]
INFO: [ view_parse ] --START--
INFO: [ template_filter ] --START--
INFO: Run Behavior\ContentReplaceBehavior [ RunTime:0.000078s ]
INFO: [ template_filter ] --END-- [ RunTime:0.000188s ]
NOTIC: [8] Undefined variable: type /Applications/MAMP/htdocs/jiayi/Application/Runtime/Cache/Home/4053fbe20704e789253330b79676b603.php 第 78 行.
INFO: Run Behavior\ParseTemplateBehavior [ RunTime:0.017030s ]
INFO: [ view_parse ] --END-- [ RunTime:0.017189s ]
INFO: [ view_filter ] --START--
INFO: Run Behavior\WriteHtmlCacheBehavior [ RunTime:0.000622s ]
INFO: [ view_filter ] --END-- [ RunTime:0.000747s ]
INFO: [ app_end ] --START--
INFO: Run Behavior\ShowPageTraceBehavior [ RunTime:0.001672s ]
INFO: [ app_end ] --END-- [ RunTime:0.001877s ]

[ 2014-03-30T15:39:32+08:00 ] ::1 /jiayi/Home/admin/article/id/1000010
INFO: [ app_init ] --START--
INFO: Run Behavior\BuildLiteBehavior [ RunTime:0.000033s ]
INFO: [ app_init ] --END-- [ RunTime:0.001284s ]
INFO: [ app_begin ] --START--
INFO: Run Behavior\ReadHtmlCacheBehavior [ RunTime:0.001720s ]
INFO: [ app_begin ] --END-- [ RunTime:0.001886s ]
NOTIC: [8192] mysql_connect(): The mysql extension is deprecated and will be removed in the future: use mysqli or PDO instead /Applications/MAMP/htdocs/jiayi/ThinkPHP/Library/Think/Db/Driver/Mysql.class.php 第 52 行.
SQL: SHOW COLUMNS FROM `articlelist` [ RunTime:0.002719s ]
SQL: SELECT * FROM `articlelist` WHERE ( id='1000010' ) LIMIT 1   [ RunTime:0.000458s ]
INFO: [ view_parse ] --START--
INFO: [ template_filter ] --START--
INFO: Run Behavior\ContentReplaceBehavior [ RunTime:0.000110s ]
INFO: [ template_filter ] --END-- [ RunTime:0.000280s ]
NOTIC: [8] Undefined variable: type /Applications/MAMP/htdocs/jiayi/Application/Runtime/Cache/Home/4053fbe20704e789253330b79676b603.php 第 78 行.
INFO: Run Behavior\ParseTemplateBehavior [ RunTime:0.015965s ]
INFO: [ view_parse ] --END-- [ RunTime:0.016101s ]
INFO: [ view_filter ] --START--
INFO: Run Behavior\WriteHtmlCacheBehavior [ RunTime:0.000428s ]
INFO: [ view_filter ] --END-- [ RunTime:0.000508s ]
INFO: [ app_end ] --START--
INFO: Run Behavior\ShowPageTraceBehavior [ RunTime:0.001030s ]
INFO: [ app_end ] --END-- [ RunTime:0.001167s ]

[ 2014-03-30T15:40:37+08:00 ] ::1 /jiayi/Home/admin/article/id/1000010
INFO: [ app_init ] --START--
INFO: Run Behavior\BuildLiteBehavior [ RunTime:0.000044s ]
INFO: [ app_init ] --END-- [ RunTime:0.002035s ]
INFO: [ app_begin ] --START--
INFO: Run Behavior\ReadHtmlCacheBehavior [ RunTime:0.002659s ]
INFO: [ app_begin ] --END-- [ RunTime:0.002808s ]
NOTIC: [8192] mysql_connect(): The mysql extension is deprecated and will be removed in the future: use mysqli or PDO instead /Applications/MAMP/htdocs/jiayi/ThinkPHP/Library/Think/Db/Driver/Mysql.class.php 第 52 行.
SQL: SHOW COLUMNS FROM `articlelist` [ RunTime:0.002144s ]
SQL: SELECT * FROM `articlelist` WHERE ( id='1000010' ) LIMIT 1   [ RunTime:0.000477s ]
INFO: [ view_parse ] --START--
INFO: [ template_filter ] --START--
INFO: Run Behavior\ContentReplaceBehavior [ RunTime:0.000100s ]
INFO: [ template_filter ] --END-- [ RunTime:0.000265s ]
NOTIC: [8] Undefined variable: type /Applications/MAMP/htdocs/jiayi/Application/Runtime/Cache/Home/4053fbe20704e789253330b79676b603.php 第 78 行.
INFO: Run Behavior\ParseTemplateBehavior [ RunTime:0.016932s ]
INFO: [ view_parse ] --END-- [ RunTime:0.017054s ]
INFO: [ view_filter ] --START--
INFO: Run Behavior\WriteHtmlCacheBehavior [ RunTime:0.000547s ]
INFO: [ view_filter ] --END-- [ RunTime:0.000663s ]
INFO: [ app_end ] --START--
INFO: Run Behavior\ShowPageTraceBehavior [ RunTime:0.001277s ]
INFO: [ app_end ] --END-- [ RunTime:0.001407s ]

[ 2014-03-30T15:40:40+08:00 ] ::1 /jiayi/Home/admin/article/id/1000010
INFO: [ app_init ] --START--
INFO: Run Behavior\BuildLiteBehavior [ RunTime:0.000022s ]
INFO: [ app_init ] --END-- [ RunTime:0.000490s ]
INFO: [ app_begin ] --START--
INFO: Run Behavior\ReadHtmlCacheBehavior [ RunTime:0.000609s ]
INFO: [ app_begin ] --END-- [ RunTime:0.000699s ]
NOTIC: [8192] mysql_connect(): The mysql extension is deprecated and will be removed in the future: use mysqli or PDO instead /Applications/MAMP/htdocs/jiayi/ThinkPHP/Library/Think/Db/Driver/Mysql.class.php 第 52 行.
SQL: SHOW COLUMNS FROM `articlelist` [ RunTime:0.001426s ]
SQL: SELECT * FROM `articlelist` WHERE ( id='1000010' ) LIMIT 1   [ RunTime:0.000397s ]
INFO: [ view_parse ] --START--
INFO: [ template_filter ] --START--
INFO: Run Behavior\ContentReplaceBehavior [ RunTime:0.000065s ]
INFO: [ template_filter ] --END-- [ RunTime:0.000169s ]
NOTIC: [8] Undefined variable: type /Applications/MAMP/htdocs/jiayi/Application/Runtime/Cache/Home/4053fbe20704e789253330b79676b603.php 第 78 行.
INFO: Run Behavior\ParseTemplateBehavior [ RunTime:0.009922s ]
INFO: [ view_parse ] --END-- [ RunTime:0.009996s ]
INFO: [ view_filter ] --START--
INFO: Run Behavior\WriteHtmlCacheBehavior [ RunTime:0.000140s ]
INFO: [ view_filter ] --END-- [ RunTime:0.000210s ]
INFO: [ app_end ] --START--
INFO: Run Behavior\ShowPageTraceBehavior [ RunTime:0.000594s ]
INFO: [ app_end ] --END-- [ RunTime:0.000654s ]

[ 2014-03-30T15:40:58+08:00 ] ::1 /jiayi/Home/admin/article/id/1000010
INFO: [ app_init ] --START--
INFO: Run Behavior\BuildLiteBehavior [ RunTime:0.000021s ]
INFO: [ app_init ] --END-- [ RunTime:0.000505s ]
INFO: [ app_begin ] --START--
INFO: Run Behavior\ReadHtmlCacheBehavior [ RunTime:0.000591s ]
INFO: [ app_begin ] --END-- [ RunTime:0.000668s ]
NOTIC: [8192] mysql_connect(): The mysql extension is deprecated and will be removed in the future: use mysqli or PDO instead /Applications/MAMP/htdocs/jiayi/ThinkPHP/Library/Think/Db/Driver/Mysql.class.php 第 52 行.
SQL: SHOW COLUMNS FROM `articlelist` [ RunTime:0.001406s ]
SQL: SELECT * FROM `articlelist` WHERE ( id='1000010' ) LIMIT 1   [ RunTime:0.000349s ]
INFO: [ view_parse ] --START--
INFO: [ template_filter ] --START--
INFO: Run Behavior\ContentReplaceBehavior [ RunTime:0.000120s ]
INFO: [ template_filter ] --END-- [ RunTime:0.000262s ]
NOTIC: [8] Undefined variable: type /Applications/MAMP/htdocs/jiayi/Application/Runtime/Cache/Home/4053fbe20704e789253330b79676b603.php 第 78 行.
INFO: Run Behavior\ParseTemplateBehavior [ RunTime:0.012940s ]
INFO: [ view_parse ] --END-- [ RunTime:0.013067s ]
INFO: [ view_filter ] --START--
INFO: Run Behavior\WriteHtmlCacheBehavior [ RunTime:0.000205s ]
INFO: [ view_filter ] --END-- [ RunTime:0.000281s ]
INFO: [ app_end ] --START--
INFO: Run Behavior\ShowPageTraceBehavior [ RunTime:0.000688s ]
INFO: [ app_end ] --END-- [ RunTime:0.000771s ]

[ 2014-03-30T15:41:48+08:00 ] ::1 /jiayi/Home/admin/article/id/1000010
INFO: [ app_init ] --START--
INFO: Run Behavior\BuildLiteBehavior [ RunTime:0.000027s ]
INFO: [ app_init ] --END-- [ RunTime:0.001194s ]
INFO: [ app_begin ] --START--
INFO: Run Behavior\ReadHtmlCacheBehavior [ RunTime:0.001535s ]
INFO: [ app_begin ] --END-- [ RunTime:0.001702s ]
NOTIC: [8192] mysql_connect(): The mysql extension is deprecated and will be removed in the future: use mysqli or PDO instead /Applications/MAMP/htdocs/jiayi/ThinkPHP/Library/Think/Db/Driver/Mysql.class.php 第 52 行.
SQL: SHOW COLUMNS FROM `articlelist` [ RunTime:0.002558s ]
SQL: SELECT * FROM `articlelist` WHERE ( id='1000010' ) LIMIT 1   [ RunTime:0.000625s ]
INFO: [ view_parse ] --START--
INFO: [ template_filter ] --START--
INFO: Run Behavior\ContentReplaceBehavior [ RunTime:0.000086s ]
INFO: [ template_filter ] --END-- [ RunTime:0.000208s ]
NOTIC: [8] Undefined variable: type /Applications/MAMP/htdocs/jiayi/Application/Runtime/Cache/Home/4053fbe20704e789253330b79676b603.php 第 78 行.
INFO: Run Behavior\ParseTemplateBehavior [ RunTime:0.016093s ]
INFO: [ view_parse ] --END-- [ RunTime:0.016243s ]
INFO: [ view_filter ] --START--
INFO: Run Behavior\WriteHtmlCacheBehavior [ RunTime:0.000502s ]
INFO: [ view_filter ] --END-- [ RunTime:0.000609s ]
INFO: [ app_end ] --START--
INFO: Run Behavior\ShowPageTraceBehavior [ RunTime:0.001612s ]
INFO: [ app_end ] --END-- [ RunTime:0.001748s ]

[ 2014-03-30T15:58:15+08:00 ] ::1 /jiayi/Home/admin/article/id/1000010
INFO: [ app_init ] --START--
INFO: Run Behavior\BuildLiteBehavior [ RunTime:0.000046s ]
INFO: [ app_init ] --END-- [ RunTime:0.001860s ]
INFO: [ app_begin ] --START--
INFO: Run Behavior\ReadHtmlCacheBehavior [ RunTime:0.001301s ]
INFO: [ app_begin ] --END-- [ RunTime:0.001433s ]
NOTIC: [8192] mysql_connect(): The mysql extension is deprecated and will be removed in the future: use mysqli or PDO instead /Applications/MAMP/htdocs/jiayi/ThinkPHP/Library/Think/Db/Driver/Mysql.class.php 第 52 行.
SQL: SHOW COLUMNS FROM `articlelist` [ RunTime:0.004671s ]
SQL: SELECT * FROM `articlelist` WHERE ( id='1000010' ) LIMIT 1   [ RunTime:0.001377s ]
INFO: [ view_parse ] --START--
INFO: [ template_filter ] --START--
INFO: Run Behavior\ContentReplaceBehavior [ RunTime:0.000099s ]
INFO: [ template_filter ] --END-- [ RunTime:0.000216s ]
NOTIC: [8] Undefined variable: type /Applications/MAMP/htdocs/jiayi/Application/Runtime/Cache/Home/4053fbe20704e789253330b79676b603.php 第 78 行.
INFO: Run Behavior\ParseTemplateBehavior [ RunTime:0.017048s ]
INFO: [ view_parse ] --END-- [ RunTime:0.017167s ]
INFO: [ view_filter ] --START--
INFO: Run Behavior\WriteHtmlCacheBehavior [ RunTime:0.000456s ]
INFO: [ view_filter ] --END-- [ RunTime:0.000539s ]
INFO: [ app_end ] --START--
INFO: Run Behavior\ShowPageTraceBehavior [ RunTime:0.001024s ]
INFO: [ app_end ] --END-- [ RunTime:0.001110s ]

[ 2014-03-30T16:05:49+08:00 ] ::1 /jiayi/Home/admin/article/id/1000010
INFO: [ app_init ] --START--
INFO: Run Behavior\BuildLiteBehavior [ RunTime:0.000037s ]
INFO: [ app_init ] --END-- [ RunTime:0.001222s ]
INFO: [ app_begin ] --START--
INFO: Run Behavior\ReadHtmlCacheBehavior [ RunTime:0.001343s ]
INFO: [ app_begin ] --END-- [ RunTime:0.001482s ]
NOTIC: [8192] mysql_connect(): The mysql extension is deprecated and will be removed in the future: use mysqli or PDO instead /Applications/MAMP/htdocs/jiayi/ThinkPHP/Library/Think/Db/Driver/Mysql.class.php 第 52 行.
SQL: SHOW COLUMNS FROM `articlelist` [ RunTime:0.003952s ]
SQL: SELECT * FROM `articlelist` WHERE ( id='1000010' ) LIMIT 1   [ RunTime:0.000969s ]
INFO: [ view_parse ] --START--
INFO: [ template_filter ] --START--
INFO: Run Behavior\ContentReplaceBehavior [ RunTime:0.000103s ]
INFO: [ template_filter ] --END-- [ RunTime:0.000241s ]
INFO: Run Behavior\ParseTemplateBehavior [ RunTime:0.014825s ]
INFO: [ view_parse ] --END-- [ RunTime:0.015074s ]
INFO: [ view_filter ] --START--
INFO: Run Behavior\WriteHtmlCacheBehavior [ RunTime:0.000575s ]
INFO: [ view_filter ] --END-- [ RunTime:0.000676s ]
INFO: [ app_end ] --START--
INFO: Run Behavior\ShowPageTraceBehavior [ RunTime:0.001512s ]
INFO: [ app_end ] --END-- [ RunTime:0.001645s ]

[ 2014-03-30T16:06:00+08:00 ] ::1 /jiayi/Home/admin/article/id/1000010
INFO: [ app_init ] --START--
INFO: Run Behavior\BuildLiteBehavior [ RunTime:0.000019s ]
INFO: [ app_init ] --END-- [ RunTime:0.000594s ]
INFO: [ app_begin ] --START--
INFO: Run Behavior\ReadHtmlCacheBehavior [ RunTime:0.000865s ]
INFO: [ app_begin ] --END-- [ RunTime:0.001008s ]
NOTIC: [8192] mysql_connect(): The mysql extension is deprecated and will be removed in the future: use mysqli or PDO instead /Applications/MAMP/htdocs/jiayi/ThinkPHP/Library/Think/Db/Driver/Mysql.class.php 第 52 行.
SQL: SHOW COLUMNS FROM `articlelist` [ RunTime:0.009442s ]
SQL: SELECT * FROM `articlelist` WHERE ( id='1000010' ) LIMIT 1   [ RunTime:0.000422s ]
INFO: [ view_parse ] --START--
INFO: [ template_filter ] --START--
INFO: Run Behavior\ContentReplaceBehavior [ RunTime:0.000102s ]
INFO: [ template_filter ] --END-- [ RunTime:0.000269s ]
INFO: Run Behavior\ParseTemplateBehavior [ RunTime:0.012502s ]
INFO: [ view_parse ] --END-- [ RunTime:0.012692s ]
INFO: [ view_filter ] --START--
INFO: Run Behavior\WriteHtmlCacheBehavior [ RunTime:0.000226s ]
INFO: [ view_filter ] --END-- [ RunTime:0.000315s ]
INFO: [ app_end ] --START--
INFO: Run Behavior\ShowPageTraceBehavior [ RunTime:0.000945s ]
INFO: [ app_end ] --END-- [ RunTime:0.001133s ]

[ 2014-03-30T16:06:20+08:00 ] ::1 /jiayi/Home/admin/article/id/1000010
INFO: [ app_init ] --START--
INFO: Run Behavior\BuildLiteBehavior [ RunTime:0.000042s ]
INFO: [ app_init ] --END-- [ RunTime:0.001226s ]
INFO: [ app_begin ] --START--
INFO: Run Behavior\ReadHtmlCacheBehavior [ RunTime:0.000933s ]
INFO: [ app_begin ] --END-- [ RunTime:0.001040s ]
NOTIC: [8192] mysql_connect(): The mysql extension is deprecated and will be removed in the future: use mysqli or PDO instead /Applications/MAMP/htdocs/jiayi/ThinkPHP/Library/Think/Db/Driver/Mysql.class.php 第 52 行.
SQL: SHOW COLUMNS FROM `articlelist` [ RunTime:0.001889s ]
SQL: SELECT * FROM `articlelist` WHERE ( id='1000010' ) LIMIT 1   [ RunTime:0.000357s ]
INFO: [ view_parse ] --START--
INFO: [ template_filter ] --START--
INFO: Run Behavior\ContentReplaceBehavior [ RunTime:0.000075s ]
INFO: [ template_filter ] --END-- [ RunTime:0.000187s ]
INFO: Run Behavior\ParseTemplateBehavior [ RunTime:0.014668s ]
INFO: [ view_parse ] --END-- [ RunTime:0.014779s ]
INFO: [ view_filter ] --START--
INFO: Run Behavior\WriteHtmlCacheBehavior [ RunTime:0.000420s ]
INFO: [ view_filter ] --END-- [ RunTime:0.000494s ]
INFO: [ app_end ] --START--
INFO: Run Behavior\ShowPageTraceBehavior [ RunTime:0.000989s ]
INFO: [ app_end ] --END-- [ RunTime:0.001097s ]

[ 2014-03-30T16:06:23+08:00 ] ::1 /jiayi/Home/admin/article/id/1000010
INFO: [ app_init ] --START--
INFO: Run Behavior\BuildLiteBehavior [ RunTime:0.000022s ]
INFO: [ app_init ] --END-- [ RunTime:0.000538s ]
INFO: [ app_begin ] --START--
INFO: Run Behavior\ReadHtmlCacheBehavior [ RunTime:0.000785s ]
INFO: [ app_begin ] --END-- [ RunTime:0.000867s ]
NOTIC: [8192] mysql_connect(): The mysql extension is deprecated and will be removed in the future: use mysqli or PDO instead /Applications/MAMP/htdocs/jiayi/ThinkPHP/Library/Think/Db/Driver/Mysql.class.php 第 52 行.
SQL: SHOW COLUMNS FROM `articlelist` [ RunTime:0.001106s ]
SQL: SELECT * FROM `articlelist` WHERE ( id='1000010' ) LIMIT 1   [ RunTime:0.001918s ]
INFO: [ view_parse ] --START--
INFO: [ template_filter ] --START--
INFO: Run Behavior\ContentReplaceBehavior [ RunTime:0.000066s ]
INFO: [ template_filter ] --END-- [ RunTime:0.000210s ]
INFO: Run Behavior\ParseTemplateBehavior [ RunTime:0.010600s ]
INFO: [ view_parse ] --END-- [ RunTime:0.010700s ]
INFO: [ view_filter ] --START--
INFO: Run Behavior\WriteHtmlCacheBehavior [ RunTime:0.000162s ]
INFO: [ view_filter ] --END-- [ RunTime:0.000222s ]
INFO: [ app_end ] --START--
INFO: Run Behavior\ShowPageTraceBehavior [ RunTime:0.000894s ]
INFO: [ app_end ] --END-- [ RunTime:0.000990s ]

[ 2014-03-30T16:06:27+08:00 ] ::1 /jiayi/index.php/Home/Admin/articleedit
INFO: [ app_init ] --START--
INFO: Run Behavior\BuildLiteBehavior [ RunTime:0.000019s ]
INFO: [ app_init ] --END-- [ RunTime:0.000482s ]
INFO: [ app_begin ] --START--
INFO: Run Behavior\ReadHtmlCacheBehavior [ RunTime:0.000664s ]
INFO: [ app_begin ] --END-- [ RunTime:0.000743s ]
NOTIC: [8192] mysql_connect(): The mysql extension is deprecated and will be removed in the future: use mysqli or PDO instead /Applications/MAMP/htdocs/jiayi/ThinkPHP/Library/Think/Db/Driver/Mysql.class.php 第 52 行.
SQL: SHOW COLUMNS FROM `articlelist` [ RunTime:0.001094s ]
SQL: UPDATE `articlelist` SET `id`='1000010',`content`='&lt;p&gt;正文ASDFASDdasd&lt;/p&gt;' WHERE ( id='1000010' ) [ RunTime:0.016147s ]
INFO: [ app_end ] --START--
INFO: Run Behavior\ShowPageTraceBehavior [ RunTime:0.001045s ]
INFO: [ app_end ] --END-- [ RunTime:0.001196s ]

[ 2014-03-30T16:06:32+08:00 ] ::1 /jiayi/Home/admin/article/id/1000010
INFO: [ app_init ] --START--
INFO: Run Behavior\BuildLiteBehavior [ RunTime:0.000030s ]
INFO: [ app_init ] --END-- [ RunTime:0.000675s ]
INFO: [ app_begin ] --START--
INFO: Run Behavior\ReadHtmlCacheBehavior [ RunTime:0.001184s ]
INFO: [ app_begin ] --END-- [ RunTime:0.001432s ]
NOTIC: [8192] mysql_connect(): The mysql extension is deprecated and will be removed in the future: use mysqli or PDO instead /Applications/MAMP/htdocs/jiayi/ThinkPHP/Library/Think/Db/Driver/Mysql.class.php 第 52 行.
SQL: SHOW COLUMNS FROM `articlelist` [ RunTime:0.009391s ]
SQL: SELECT * FROM `articlelist` WHERE ( id='1000010' ) LIMIT 1   [ RunTime:0.000266s ]
INFO: [ view_parse ] --START--
INFO: [ template_filter ] --START--
INFO: Run Behavior\ContentReplaceBehavior [ RunTime:0.000059s ]
INFO: [ template_filter ] --END-- [ RunTime:0.000146s ]
INFO: Run Behavior\ParseTemplateBehavior [ RunTime:0.009853s ]
INFO: [ view_parse ] --END-- [ RunTime:0.009938s ]
INFO: [ view_filter ] --START--
INFO: Run Behavior\WriteHtmlCacheBehavior [ RunTime:0.000212s ]
INFO: [ view_filter ] --END-- [ RunTime:0.000289s ]
INFO: [ app_end ] --START--
INFO: Run Behavior\ShowPageTraceBehavior [ RunTime:0.000607s ]
INFO: [ app_end ] --END-- [ RunTime:0.000672s ]

[ 2014-03-30T22:22:51+08:00 ] ::1 /jiayi/index.php/Home/admin/articlelist.html
INFO: [ app_init ] --START--
INFO: Run Behavior\BuildLiteBehavior [ RunTime:0.000048s ]
INFO: [ app_init ] --END-- [ RunTime:0.003692s ]
INFO: [ app_begin ] --START--
INFO: Run Behavior\ReadHtmlCacheBehavior [ RunTime:0.001805s ]
INFO: [ app_begin ] --END-- [ RunTime:0.002018s ]
NOTIC: [8192] mysql_connect(): The mysql extension is deprecated and will be removed in the future: use mysqli or PDO instead /Applications/MAMP/htdocs/jiayi/ThinkPHP/Library/Think/Db/Driver/Mysql.class.php 第 52 行.
SQL: SHOW COLUMNS FROM `articlelist` [ RunTime:0.025545s ]
SQL: SELECT `id`,`title`,`type`,`time` FROM `articlelist` ORDER BY time  [ RunTime:0.015366s ]
NOTIC: [8] Undefined index: content /Applications/MAMP/htdocs/jiayi/Application/Home/Controller/AdminController.class.php 第 24 行.
INFO: [ view_parse ] --START--
INFO: [ template_filter ] --START--
INFO: Run Behavior\ContentReplaceBehavior [ RunTime:0.000155s ]
INFO: [ template_filter ] --END-- [ RunTime:0.000340s ]
NOTIC: [2] Illegal string offset 'id' /Applications/MAMP/htdocs/jiayi/Application/Runtime/Cache/Home/3d94c45611784ff755f5e4678bd2a1e2.php 第 55 行.
NOTIC: [8] Uninitialized string offset: 0 /Applications/MAMP/htdocs/jiayi/Application/Runtime/Cache/Home/3d94c45611784ff755f5e4678bd2a1e2.php 第 55 行.
NOTIC: [2] Illegal string offset 'title' /Applications/MAMP/htdocs/jiayi/Application/Runtime/Cache/Home/3d94c45611784ff755f5e4678bd2a1e2.php 第 56 行.
NOTIC: [8] Uninitialized string offset: 0 /Applications/MAMP/htdocs/jiayi/Application/Runtime/Cache/Home/3d94c45611784ff755f5e4678bd2a1e2.php 第 56 行.
NOTIC: [2] Illegal string offset 'type' /Applications/MAMP/htdocs/jiayi/Application/Runtime/Cache/Home/3d94c45611784ff755f5e4678bd2a1e2.php 第 57 行.
NOTIC: [8] Uninitialized string offset: 0 /Applications/MAMP/htdocs/jiayi/Application/Runtime/Cache/Home/3d94c45611784ff755f5e4678bd2a1e2.php 第 57 行.
NOTIC: [2] Illegal string offset 'time' /Applications/MAMP/htdocs/jiayi/Application/Runtime/Cache/Home/3d94c45611784ff755f5e4678bd2a1e2.php 第 58 行.
NOTIC: [8] Uninitialized string offset: 0 /Applications/MAMP/htdocs/jiayi/Application/Runtime/Cache/Home/3d94c45611784ff755f5e4678bd2a1e2.php 第 58 行.
NOTIC: [2] date() expects parameter 2 to be long, string given /Applications/MAMP/htdocs/jiayi/Application/Runtime/Cache/Home/3d94c45611784ff755f5e4678bd2a1e2.php 第 58 行.
NOTIC: [2] Illegal string offset 'id' /Applications/MAMP/htdocs/jiayi/Application/Runtime/Cache/Home/3d94c45611784ff755f5e4678bd2a1e2.php 第 60 行.
NOTIC: [8] Uninitialized string offset: 0 /Applications/MAMP/htdocs/jiayi/Application/Runtime/Cache/Home/3d94c45611784ff755f5e4678bd2a1e2.php 第 60 行.
INFO: Run Behavior\ParseTemplateBehavior [ RunTime:0.041126s ]
INFO: [ view_parse ] --END-- [ RunTime:0.041284s ]
INFO: [ view_filter ] --START--
INFO: Run Behavior\WriteHtmlCacheBehavior [ RunTime:0.000798s ]
INFO: [ view_filter ] --END-- [ RunTime:0.000913s ]
INFO: [ app_end ] --START--
INFO: Run Behavior\ShowPageTraceBehavior [ RunTime:0.003314s ]
INFO: [ app_end ] --END-- [ RunTime:0.003479s ]

[ 2014-03-30T22:22:54+08:00 ] ::1 /jiayi/index.php/Home/Admin/article/id/1000010
INFO: [ app_init ] --START--
INFO: Run Behavior\BuildLiteBehavior [ RunTime:0.000040s ]
INFO: [ app_init ] --END-- [ RunTime:0.000757s ]
INFO: [ app_begin ] --START--
INFO: Run Behavior\ReadHtmlCacheBehavior [ RunTime:0.000771s ]
INFO: [ app_begin ] --END-- [ RunTime:0.000909s ]
NOTIC: [8192] mysql_connect(): The mysql extension is deprecated and will be removed in the future: use mysqli or PDO instead /Applications/MAMP/htdocs/jiayi/ThinkPHP/Library/Think/Db/Driver/Mysql.class.php 第 52 行.
SQL: SHOW COLUMNS FROM `articlelist` [ RunTime:0.003567s ]
SQL: SELECT * FROM `articlelist` WHERE ( id='1000010' ) LIMIT 1   [ RunTime:0.007254s ]
INFO: [ view_parse ] --START--
INFO: [ template_filter ] --START--
INFO: Run Behavior\ContentReplaceBehavior [ RunTime:0.000058s ]
INFO: [ template_filter ] --END-- [ RunTime:0.000168s ]
INFO: Run Behavior\ParseTemplateBehavior [ RunTime:0.012696s ]
INFO: [ view_parse ] --END-- [ RunTime:0.012811s ]
INFO: [ view_filter ] --START--
INFO: Run Behavior\WriteHtmlCacheBehavior [ RunTime:0.000160s ]
INFO: [ view_filter ] --END-- [ RunTime:0.000222s ]
INFO: [ app_end ] --START--
INFO: Run Behavior\ShowPageTraceBehavior [ RunTime:0.000650s ]
INFO: [ app_end ] --END-- [ RunTime:0.000735s ]

[ 2014-03-30T22:23:34+08:00 ] ::1 /jiayi/index.php/Home/admin/articlelist.html
INFO: [ app_init ] --START--
INFO: Run Behavior\BuildLiteBehavior [ RunTime:0.000049s ]
INFO: [ app_init ] --END-- [ RunTime:0.001535s ]
INFO: [ app_begin ] --START--
INFO: Run Behavior\ReadHtmlCacheBehavior [ RunTime:0.001764s ]
INFO: [ app_begin ] --END-- [ RunTime:0.002055s ]
NOTIC: [8192] mysql_connect(): The mysql extension is deprecated and will be removed in the future: use mysqli or PDO instead /Applications/MAMP/htdocs/jiayi/ThinkPHP/Library/Think/Db/Driver/Mysql.class.php 第 52 行.
SQL: SHOW COLUMNS FROM `articlelist` [ RunTime:0.001423s ]
SQL: SELECT `id`,`title`,`type`,`time` FROM `articlelist` ORDER BY time  [ RunTime:0.000414s ]
NOTIC: [8] Undefined index: content /Applications/MAMP/htdocs/jiayi/Application/Home/Controller/AdminController.class.php 第 24 行.
INFO: [ view_parse ] --START--
INFO: [ template_filter ] --START--
INFO: Run Behavior\ContentReplaceBehavior [ RunTime:0.000086s ]
INFO: [ template_filter ] --END-- [ RunTime:0.000187s ]
NOTIC: [2] Illegal string offset 'id' /Applications/MAMP/htdocs/jiayi/Application/Runtime/Cache/Home/3d94c45611784ff755f5e4678bd2a1e2.php 第 55 行.
NOTIC: [8] Uninitialized string offset: 0 /Applications/MAMP/htdocs/jiayi/Application/Runtime/Cache/Home/3d94c45611784ff755f5e4678bd2a1e2.php 第 55 行.
NOTIC: [2] Illegal string offset 'title' /Applications/MAMP/htdocs/jiayi/Application/Runtime/Cache/Home/3d94c45611784ff755f5e4678bd2a1e2.php 第 56 行.
NOTIC: [8] Uninitialized string offset: 0 /Applications/MAMP/htdocs/jiayi/Application/Runtime/Cache/Home/3d94c45611784ff755f5e4678bd2a1e2.php 第 56 行.
NOTIC: [2] Illegal string offset 'type' /Applications/MAMP/htdocs/jiayi/Application/Runtime/Cache/Home/3d94c45611784ff755f5e4678bd2a1e2.php 第 57 行.
NOTIC: [8] Uninitialized string offset: 0 /Applications/MAMP/htdocs/jiayi/Application/Runtime/Cache/Home/3d94c45611784ff755f5e4678bd2a1e2.php 第 57 行.
NOTIC: [2] Illegal string offset 'time' /Applications/MAMP/htdocs/jiayi/Application/Runtime/Cache/Home/3d94c45611784ff755f5e4678bd2a1e2.php 第 58 行.
NOTIC: [8] Uninitialized string offset: 0 /Applications/MAMP/htdocs/jiayi/Application/Runtime/Cache/Home/3d94c45611784ff755f5e4678bd2a1e2.php 第 58 行.
NOTIC: [2] date() expects parameter 2 to be long, string given /Applications/MAMP/htdocs/jiayi/Application/Runtime/Cache/Home/3d94c45611784ff755f5e4678bd2a1e2.php 第 58 行.
NOTIC: [2] Illegal string offset 'id' /Applications/MAMP/htdocs/jiayi/Application/Runtime/Cache/Home/3d94c45611784ff755f5e4678bd2a1e2.php 第 60 行.
NOTIC: [8] Uninitialized string offset: 0 /Applications/MAMP/htdocs/jiayi/Application/Runtime/Cache/Home/3d94c45611784ff755f5e4678bd2a1e2.php 第 60 行.
INFO: Run Behavior\ParseTemplateBehavior [ RunTime:0.018878s ]
INFO: [ view_parse ] --END-- [ RunTime:0.019016s ]
INFO: [ view_filter ] --START--
INFO: Run Behavior\WriteHtmlCacheBehavior [ RunTime:0.000645s ]
INFO: [ view_filter ] --END-- [ RunTime:0.000768s ]
INFO: [ app_end ] --START--
INFO: Run Behavior\ShowPageTraceBehavior [ RunTime:0.001332s ]
INFO: [ app_end ] --END-- [ RunTime:0.001503s ]

[ 2014-03-30T22:24:14+08:00 ] ::1 /jiayi/index.php/Home/admin/articlelist.html
INFO: [ app_init ] --START--
INFO: Run Behavior\BuildLiteBehavior [ RunTime:0.000044s ]
INFO: [ app_init ] --END-- [ RunTime:0.001446s ]
INFO: [ app_begin ] --START--
INFO: Run Behavior\ReadHtmlCacheBehavior [ RunTime:0.001340s ]
INFO: [ app_begin ] --END-- [ RunTime:0.001493s ]
NOTIC: [8192] mysql_connect(): The mysql extension is deprecated and will be removed in the future: use mysqli or PDO instead /Applications/MAMP/htdocs/jiayi/ThinkPHP/Library/Think/Db/Driver/Mysql.class.php 第 52 行.
SQL: SHOW COLUMNS FROM `articlelist` [ RunTime:0.001691s ]
SQL: SELECT `id`,`title`,`type`,`time` FROM `articlelist` ORDER BY time  [ RunTime:0.000595s ]
NOTIC: [8] Undefined index: content /Applications/MAMP/htdocs/jiayi/Application/Home/Controller/AdminController.class.php 第 24 行.
INFO: [ view_parse ] --START--
INFO: [ template_filter ] --START--
INFO: Run Behavior\ContentReplaceBehavior [ RunTime:0.000099s ]
INFO: [ template_filter ] --END-- [ RunTime:0.000212s ]
NOTIC: [2] Illegal string offset 'id' /Applications/MAMP/htdocs/jiayi/Application/Runtime/Cache/Home/3d94c45611784ff755f5e4678bd2a1e2.php 第 55 行.
NOTIC: [8] Uninitialized string offset: 0 /Applications/MAMP/htdocs/jiayi/Application/Runtime/Cache/Home/3d94c45611784ff755f5e4678bd2a1e2.php 第 55 行.
NOTIC: [2] Illegal string offset 'title' /Applications/MAMP/htdocs/jiayi/Application/Runtime/Cache/Home/3d94c45611784ff755f5e4678bd2a1e2.php 第 56 行.
NOTIC: [8] Uninitialized string offset: 0 /Applications/MAMP/htdocs/jiayi/Application/Runtime/Cache/Home/3d94c45611784ff755f5e4678bd2a1e2.php 第 56 行.
NOTIC: [2] Illegal string offset 'type' /Applications/MAMP/htdocs/jiayi/Application/Runtime/Cache/Home/3d94c45611784ff755f5e4678bd2a1e2.php 第 57 行.
NOTIC: [8] Uninitialized string offset: 0 /Applications/MAMP/htdocs/jiayi/Application/Runtime/Cache/Home/3d94c45611784ff755f5e4678bd2a1e2.php 第 57 行.
NOTIC: [2] Illegal string offset 'time' /Applications/MAMP/htdocs/jiayi/Application/Runtime/Cache/Home/3d94c45611784ff755f5e4678bd2a1e2.php 第 58 行.
NOTIC: [8] Uninitialized string offset: 0 /Applications/MAMP/htdocs/jiayi/Application/Runtime/Cache/Home/3d94c45611784ff755f5e4678bd2a1e2.php 第 58 行.
NOTIC: [2] date() expects parameter 2 to be long, string given /Applications/MAMP/htdocs/jiayi/Application/Runtime/Cache/Home/3d94c45611784ff755f5e4678bd2a1e2.php 第 58 行.
INFO: Run Behavior\ParseTemplateBehavior [ RunTime:0.016257s ]
INFO: [ view_parse ] --END-- [ RunTime:0.016350s ]
INFO: [ view_filter ] --START--
INFO: Run Behavior\WriteHtmlCacheBehavior [ RunTime:0.000454s ]
INFO: [ view_filter ] --END-- [ RunTime:0.000512s ]
INFO: [ app_end ] --START--
INFO: Run Behavior\ShowPageTraceBehavior [ RunTime:0.001161s ]
INFO: [ app_end ] --END-- [ RunTime:0.001266s ]

[ 2014-03-30T22:24:35+08:00 ] ::1 /jiayi/index.php/Home/admin/articlelist.html
INFO: [ app_init ] --START--
INFO: Run Behavior\BuildLiteBehavior [ RunTime:0.000028s ]
INFO: [ app_init ] --END-- [ RunTime:0.000624s ]
INFO: [ app_begin ] --START--
INFO: Run Behavior\ReadHtmlCacheBehavior [ RunTime:0.000645s ]
INFO: [ app_begin ] --END-- [ RunTime:0.000737s ]
NOTIC: [8192] mysql_connect(): The mysql extension is deprecated and will be removed in the future: use mysqli or PDO instead /Applications/MAMP/htdocs/jiayi/ThinkPHP/Library/Think/Db/Driver/Mysql.class.php 第 52 行.
SQL: SHOW COLUMNS FROM `articlelist` [ RunTime:0.001426s ]
SQL: SELECT `id`,`title`,`type`,`time` FROM `articlelist` ORDER BY time  [ RunTime:0.000336s ]
NOTIC: [8] Undefined index: content /Applications/MAMP/htdocs/jiayi/Application/Home/Controller/AdminController.class.php 第 24 行.
INFO: [ view_parse ] --START--
INFO: [ template_filter ] --START--
INFO: Run Behavior\ContentReplaceBehavior [ RunTime:0.000187s ]
INFO: [ template_filter ] --END-- [ RunTime:0.000354s ]
NOTIC: [2] Illegal string offset 'id' /Applications/MAMP/htdocs/jiayi/Application/Runtime/Cache/Home/3d94c45611784ff755f5e4678bd2a1e2.php 第 55 行.
NOTIC: [8] Uninitialized string offset: 0 /Applications/MAMP/htdocs/jiayi/Application/Runtime/Cache/Home/3d94c45611784ff755f5e4678bd2a1e2.php 第 55 行.
NOTIC: [2] Illegal string offset 'title' /Applications/MAMP/htdocs/jiayi/Application/Runtime/Cache/Home/3d94c45611784ff755f5e4678bd2a1e2.php 第 56 行.
NOTIC: [8] Uninitialized string offset: 0 /Applications/MAMP/htdocs/jiayi/Application/Runtime/Cache/Home/3d94c45611784ff755f5e4678bd2a1e2.php 第 56 行.
NOTIC: [2] Illegal string offset 'type' /Applications/MAMP/htdocs/jiayi/Application/Runtime/Cache/Home/3d94c45611784ff755f5e4678bd2a1e2.php 第 57 行.
NOTIC: [8] Uninitialized string offset: 0 /Applications/MAMP/htdocs/jiayi/Application/Runtime/Cache/Home/3d94c45611784ff755f5e4678bd2a1e2.php 第 57 行.
NOTIC: [2] Illegal string offset 'time' /Applications/MAMP/htdocs/jiayi/Application/Runtime/Cache/Home/3d94c45611784ff755f5e4678bd2a1e2.php 第 58 行.
NOTIC: [8] Uninitialized string offset: 0 /Applications/MAMP/htdocs/jiayi/Application/Runtime/Cache/Home/3d94c45611784ff755f5e4678bd2a1e2.php 第 58 行.
NOTIC: [2] date() expects parameter 2 to be long, string given /Applications/MAMP/htdocs/jiayi/Application/Runtime/Cache/Home/3d94c45611784ff755f5e4678bd2a1e2.php 第 58 行.
NOTIC: [2] Illegal string offset 'id' /Applications/MAMP/htdocs/jiayi/Application/Runtime/Cache/Home/3d94c45611784ff755f5e4678bd2a1e2.php 第 60 行.
NOTIC: [8] Uninitialized string offset: 0 /Applications/MAMP/htdocs/jiayi/Application/Runtime/Cache/Home/3d94c45611784ff755f5e4678bd2a1e2.php 第 60 行.
INFO: Run Behavior\ParseTemplateBehavior [ RunTime:0.014578s ]
INFO: [ view_parse ] --END-- [ RunTime:0.014684s ]
INFO: [ view_filter ] --START--
INFO: Run Behavior\WriteHtmlCacheBehavior [ RunTime:0.000228s ]
INFO: [ view_filter ] --END-- [ RunTime:0.000302s ]
INFO: [ app_end ] --START--
INFO: Run Behavior\ShowPageTraceBehavior [ RunTime:0.000985s ]
INFO: [ app_end ] --END-- [ RunTime:0.001103s ]

[ 2014-03-30T22:25:29+08:00 ] ::1 /jiayi/index.php/Home/admin/articlelist.html
INFO: [ app_init ] --START--
INFO: Run Behavior\BuildLiteBehavior [ RunTime:0.000028s ]
INFO: [ app_init ] --END-- [ RunTime:0.001126s ]
INFO: [ app_begin ] --START--
INFO: Run Behavior\ReadHtmlCacheBehavior [ RunTime:0.001318s ]
INFO: [ app_begin ] --END-- [ RunTime:0.001465s ]
NOTIC: [8192] mysql_connect(): The mysql extension is deprecated and will be removed in the future: use mysqli or PDO instead /Applications/MAMP/htdocs/jiayi/ThinkPHP/Library/Think/Db/Driver/Mysql.class.php 第 52 行.
SQL: SHOW COLUMNS FROM `articlelist` [ RunTime:0.001357s ]
SQL: SELECT `id`,`title`,`type`,`time` FROM `articlelist` ORDER BY time  [ RunTime:0.000265s ]
NOTIC: [8] Undefined index: content /Applications/MAMP/htdocs/jiayi/Application/Home/Controller/AdminController.class.php 第 24 行.
INFO: [ view_parse ] --START--
INFO: [ template_filter ] --START--
INFO: Run Behavior\ContentReplaceBehavior [ RunTime:0.000088s ]
INFO: [ template_filter ] --END-- [ RunTime:0.000229s ]
NOTIC: [2] Illegal string offset 'id' /Applications/MAMP/htdocs/jiayi/Application/Runtime/Cache/Home/3d94c45611784ff755f5e4678bd2a1e2.php 第 55 行.
NOTIC: [8] Uninitialized string offset: 0 /Applications/MAMP/htdocs/jiayi/Application/Runtime/Cache/Home/3d94c45611784ff755f5e4678bd2a1e2.php 第 55 行.
NOTIC: [2] Illegal string offset 'title' /Applications/MAMP/htdocs/jiayi/Application/Runtime/Cache/Home/3d94c45611784ff755f5e4678bd2a1e2.php 第 56 行.
NOTIC: [8] Uninitialized string offset: 0 /Applications/MAMP/htdocs/jiayi/Application/Runtime/Cache/Home/3d94c45611784ff755f5e4678bd2a1e2.php 第 56 行.
NOTIC: [2] Illegal string offset 'type' /Applications/MAMP/htdocs/jiayi/Application/Runtime/Cache/Home/3d94c45611784ff755f5e4678bd2a1e2.php 第 57 行.
NOTIC: [8] Uninitialized string offset: 0 /Applications/MAMP/htdocs/jiayi/Application/Runtime/Cache/Home/3d94c45611784ff755f5e4678bd2a1e2.php 第 57 行.
NOTIC: [2] Illegal string offset 'time' /Applications/MAMP/htdocs/jiayi/Application/Runtime/Cache/Home/3d94c45611784ff755f5e4678bd2a1e2.php 第 58 行.
NOTIC: [8] Uninitialized string offset: 0 /Applications/MAMP/htdocs/jiayi/Application/Runtime/Cache/Home/3d94c45611784ff755f5e4678bd2a1e2.php 第 58 行.
NOTIC: [2] date() expects parameter 2 to be long, string given /Applications/MAMP/htdocs/jiayi/Application/Runtime/Cache/Home/3d94c45611784ff755f5e4678bd2a1e2.php 第 58 行.
NOTIC: [2] Illegal string offset 'id' /Applications/MAMP/htdocs/jiayi/Application/Runtime/Cache/Home/3d94c45611784ff755f5e4678bd2a1e2.php 第 60 行.
NOTIC: [8] Uninitialized string offset: 0 /Applications/MAMP/htdocs/jiayi/Application/Runtime/Cache/Home/3d94c45611784ff755f5e4678bd2a1e2.php 第 60 行.
INFO: Run Behavior\ParseTemplateBehavior [ RunTime:0.017939s ]
INFO: [ view_parse ] --END-- [ RunTime:0.018052s ]
INFO: [ view_filter ] --START--
INFO: Run Behavior\WriteHtmlCacheBehavior [ RunTime:0.000541s ]
INFO: [ view_filter ] --END-- [ RunTime:0.000676s ]
NOTIC: [2] Cannot modify header information - headers already sent by (output started at /Applications/MAMP/htdocs/jiayi/ThinkPHP/Common/functions.php:698) /Applications/MAMP/htdocs/jiayi/ThinkPHP/Library/Think/View.class.php 第 91 行.
NOTIC: [2] Cannot modify header information - headers already sent by (output started at /Applications/MAMP/htdocs/jiayi/ThinkPHP/Common/functions.php:698) /Applications/MAMP/htdocs/jiayi/ThinkPHP/Library/Think/View.class.php 第 92 行.
NOTIC: [2] Cannot modify header information - headers already sent by (output started at /Applications/MAMP/htdocs/jiayi/ThinkPHP/Common/functions.php:698) /Applications/MAMP/htdocs/jiayi/ThinkPHP/Library/Think/View.class.php 第 93 行.
INFO: [ app_end ] --START--
INFO: Run Behavior\ShowPageTraceBehavior [ RunTime:0.001096s ]
INFO: [ app_end ] --END-- [ RunTime:0.001211s ]

[ 2014-03-30T22:26:00+08:00 ] ::1 /jiayi/index.php/Home/admin/articlelist.html
INFO: [ app_init ] --START--
INFO: Run Behavior\BuildLiteBehavior [ RunTime:0.000049s ]
INFO: [ app_init ] --END-- [ RunTime:0.000967s ]
INFO: [ app_begin ] --START--
INFO: Run Behavior\ReadHtmlCacheBehavior [ RunTime:0.001382s ]
INFO: [ app_begin ] --END-- [ RunTime:0.001539s ]
NOTIC: [8192] mysql_connect(): The mysql extension is deprecated and will be removed in the future: use mysqli or PDO instead /Applications/MAMP/htdocs/jiayi/ThinkPHP/Library/Think/Db/Driver/Mysql.class.php 第 52 行.
SQL: SHOW COLUMNS FROM `articlelist` [ RunTime:0.001094s ]
SQL: SELECT `id`,`title`,`type`,`time` FROM `articlelist` ORDER BY time  [ RunTime:0.000307s ]
NOTIC: [8] Undefined index: content /Applications/MAMP/htdocs/jiayi/Application/Home/Controller/AdminController.class.php 第 24 行.
INFO: [ view_parse ] --START--
INFO: [ template_filter ] --START--
INFO: Run Behavior\ContentReplaceBehavior [ RunTime:0.000071s ]
INFO: [ template_filter ] --END-- [ RunTime:0.000182s ]
NOTIC: [2] Illegal string offset 'id' /Applications/MAMP/htdocs/jiayi/Application/Runtime/Cache/Home/3d94c45611784ff755f5e4678bd2a1e2.php 第 55 行.
NOTIC: [8] Uninitialized string offset: 0 /Applications/MAMP/htdocs/jiayi/Application/Runtime/Cache/Home/3d94c45611784ff755f5e4678bd2a1e2.php 第 55 行.
NOTIC: [2] Illegal string offset 'title' /Applications/MAMP/htdocs/jiayi/Application/Runtime/Cache/Home/3d94c45611784ff755f5e4678bd2a1e2.php 第 56 行.
NOTIC: [8] Uninitialized string offset: 0 /Applications/MAMP/htdocs/jiayi/Application/Runtime/Cache/Home/3d94c45611784ff755f5e4678bd2a1e2.php 第 56 行.
NOTIC: [2] Illegal string offset 'type' /Applications/MAMP/htdocs/jiayi/Application/Runtime/Cache/Home/3d94c45611784ff755f5e4678bd2a1e2.php 第 57 行.
NOTIC: [8] Uninitialized string offset: 0 /Applications/MAMP/htdocs/jiayi/Application/Runtime/Cache/Home/3d94c45611784ff755f5e4678bd2a1e2.php 第 57 行.
NOTIC: [2] Illegal string offset 'time' /Applications/MAMP/htdocs/jiayi/Application/Runtime/Cache/Home/3d94c45611784ff755f5e4678bd2a1e2.php 第 58 行.
NOTIC: [8] Uninitialized string offset: 0 /Applications/MAMP/htdocs/jiayi/Application/Runtime/Cache/Home/3d94c45611784ff755f5e4678bd2a1e2.php 第 58 行.
NOTIC: [2] date() expects parameter 2 to be long, string given /Applications/MAMP/htdocs/jiayi/Application/Runtime/Cache/Home/3d94c45611784ff755f5e4678bd2a1e2.php 第 58 行.
NOTIC: [2] Illegal string offset 'id' /Applications/MAMP/htdocs/jiayi/Application/Runtime/Cache/Home/3d94c45611784ff755f5e4678bd2a1e2.php 第 60 行.
NOTIC: [8] Uninitialized string offset: 0 /Applications/MAMP/htdocs/jiayi/Application/Runtime/Cache/Home/3d94c45611784ff755f5e4678bd2a1e2.php 第 60 行.
INFO: Run Behavior\ParseTemplateBehavior [ RunTime:0.014232s ]
INFO: [ view_parse ] --END-- [ RunTime:0.014305s ]
INFO: [ view_filter ] --START--
INFO: Run Behavior\WriteHtmlCacheBehavior [ RunTime:0.000569s ]
INFO: [ view_filter ] --END-- [ RunTime:0.000683s ]
INFO: [ app_end ] --START--
INFO: Run Behavior\ShowPageTraceBehavior [ RunTime:0.001440s ]
INFO: [ app_end ] --END-- [ RunTime:0.001584s ]

[ 2014-03-30T22:26:45+08:00 ] ::1 /jiayi/index.php/Home/admin/articlelist.html
INFO: [ app_init ] --START--
INFO: Run Behavior\BuildLiteBehavior [ RunTime:0.000051s ]
INFO: [ app_init ] --END-- [ RunTime:0.001417s ]
INFO: [ app_begin ] --START--
INFO: Run Behavior\ReadHtmlCacheBehavior [ RunTime:0.001405s ]
INFO: [ app_begin ] --END-- [ RunTime:0.001617s ]
NOTIC: [8192] mysql_connect(): The mysql extension is deprecated and will be removed in the future: use mysqli or PDO instead /Applications/MAMP/htdocs/jiayi/ThinkPHP/Library/Think/Db/Driver/Mysql.class.php 第 52 行.
SQL: SHOW COLUMNS FROM `articlelist` [ RunTime:0.001816s ]
SQL: SELECT `id`,`title`,`type`,`time` FROM `articlelist` ORDER BY time  [ RunTime:0.000310s ]
NOTIC: [8] Undefined index: content /Applications/MAMP/htdocs/jiayi/Application/Home/Controller/AdminController.class.php 第 24 行.
INFO: [ view_parse ] --START--
INFO: [ template_filter ] --START--
INFO: Run Behavior\ContentReplaceBehavior [ RunTime:0.000084s ]
INFO: [ template_filter ] --END-- [ RunTime:0.000190s ]
INFO: Run Behavior\ParseTemplateBehavior [ RunTime:0.012167s ]
INFO: [ view_parse ] --END-- [ RunTime:0.012267s ]
INFO: [ view_filter ] --START--
INFO: Run Behavior\WriteHtmlCacheBehavior [ RunTime:0.000584s ]
INFO: [ view_filter ] --END-- [ RunTime:0.000691s ]
INFO: [ app_end ] --START--
INFO: Run Behavior\ShowPageTraceBehavior [ RunTime:0.001388s ]
INFO: [ app_end ] --END-- [ RunTime:0.001529s ]

[ 2014-03-30T22:26:59+08:00 ] ::1 /jiayi/index.php/Home/admin/articlelist.html
INFO: [ app_init ] --START--
INFO: Run Behavior\BuildLiteBehavior [ RunTime:0.000041s ]
INFO: [ app_init ] --END-- [ RunTime:0.000837s ]
INFO: [ app_begin ] --START--
INFO: Run Behavior\ReadHtmlCacheBehavior [ RunTime:0.000909s ]
INFO: [ app_begin ] --END-- [ RunTime:0.001015s ]
NOTIC: [8192] mysql_connect(): The mysql extension is deprecated and will be removed in the future: use mysqli or PDO instead /Applications/MAMP/htdocs/jiayi/ThinkPHP/Library/Think/Db/Driver/Mysql.class.php 第 52 行.
SQL: SHOW COLUMNS FROM `articlelist` [ RunTime:0.002286s ]
SQL: SELECT `id`,`title`,`type`,`time` FROM `articlelist` ORDER BY time  [ RunTime:0.000346s ]
NOTIC: [8] Undefined index: content /Applications/MAMP/htdocs/jiayi/Application/Home/Controller/AdminController.class.php 第 24 行.
INFO: [ view_parse ] --START--
INFO: [ template_filter ] --START--
INFO: Run Behavior\ContentReplaceBehavior [ RunTime:0.000088s ]
INFO: [ template_filter ] --END-- [ RunTime:0.000198s ]
NOTIC: [2] Illegal string offset 'id' /Applications/MAMP/htdocs/jiayi/Application/Runtime/Cache/Home/3d94c45611784ff755f5e4678bd2a1e2.php 第 55 行.
NOTIC: [8] Uninitialized string offset: 0 /Applications/MAMP/htdocs/jiayi/Application/Runtime/Cache/Home/3d94c45611784ff755f5e4678bd2a1e2.php 第 55 行.
NOTIC: [2] Illegal string offset 'title' /Applications/MAMP/htdocs/jiayi/Application/Runtime/Cache/Home/3d94c45611784ff755f5e4678bd2a1e2.php 第 56 行.
NOTIC: [8] Uninitialized string offset: 0 /Applications/MAMP/htdocs/jiayi/Application/Runtime/Cache/Home/3d94c45611784ff755f5e4678bd2a1e2.php 第 56 行.
NOTIC: [2] Illegal string offset 'type' /Applications/MAMP/htdocs/jiayi/Application/Runtime/Cache/Home/3d94c45611784ff755f5e4678bd2a1e2.php 第 57 行.
NOTIC: [8] Uninitialized string offset: 0 /Applications/MAMP/htdocs/jiayi/Application/Runtime/Cache/Home/3d94c45611784ff755f5e4678bd2a1e2.php 第 57 行.
NOTIC: [2] Illegal string offset 'time' /Applications/MAMP/htdocs/jiayi/Application/Runtime/Cache/Home/3d94c45611784ff755f5e4678bd2a1e2.php 第 58 行.
NOTIC: [8] Uninitialized string offset: 0 /Applications/MAMP/htdocs/jiayi/Application/Runtime/Cache/Home/3d94c45611784ff755f5e4678bd2a1e2.php 第 58 行.
NOTIC: [2] date() expects parameter 2 to be long, string given /Applications/MAMP/htdocs/jiayi/Application/Runtime/Cache/Home/3d94c45611784ff755f5e4678bd2a1e2.php 第 58 行.
NOTIC: [2] Illegal string offset 'id' /Applications/MAMP/htdocs/jiayi/Application/Runtime/Cache/Home/3d94c45611784ff755f5e4678bd2a1e2.php 第 60 行.
NOTIC: [8] Uninitialized string offset: 0 /Applications/MAMP/htdocs/jiayi/Application/Runtime/Cache/Home/3d94c45611784ff755f5e4678bd2a1e2.php 第 60 行.
INFO: Run Behavior\ParseTemplateBehavior [ RunTime:0.015816s ]
INFO: [ view_parse ] --END-- [ RunTime:0.015898s ]
INFO: [ view_filter ] --START--
INFO: Run Behavior\WriteHtmlCacheBehavior [ RunTime:0.000187s ]
INFO: [ view_filter ] --END-- [ RunTime:0.000247s ]
INFO: [ app_end ] --START--
INFO: Run Behavior\ShowPageTraceBehavior [ RunTime:0.000700s ]
INFO: [ app_end ] --END-- [ RunTime:0.000772s ]

[ 2014-03-30T22:27:15+08:00 ] ::1 /jiayi/index.php/Home/admin/articlelist.html
INFO: [ app_init ] --START--
INFO: Run Behavior\BuildLiteBehavior [ RunTime:0.000026s ]
INFO: [ app_init ] --END-- [ RunTime:0.000481s ]
INFO: [ app_begin ] --START--
INFO: Run Behavior\ReadHtmlCacheBehavior [ RunTime:0.000597s ]
INFO: [ app_begin ] --END-- [ RunTime:0.000687s ]
NOTIC: [8192] mysql_connect(): The mysql extension is deprecated and will be removed in the future: use mysqli or PDO instead /Applications/MAMP/htdocs/jiayi/ThinkPHP/Library/Think/Db/Driver/Mysql.class.php 第 52 行.
SQL: SHOW COLUMNS FROM `articlelist` [ RunTime:0.001246s ]
SQL: SELECT `id`,`title`,`type`,`time` FROM `articlelist` ORDER BY time  [ RunTime:0.000391s ]
NOTIC: [8] Undefined index: content /Applications/MAMP/htdocs/jiayi/Application/Home/Controller/AdminController.class.php 第 24 行.
INFO: [ view_parse ] --START--
INFO: [ template_filter ] --START--
INFO: Run Behavior\ContentReplaceBehavior [ RunTime:0.000058s ]
INFO: [ template_filter ] --END-- [ RunTime:0.000144s ]
NOTIC: [2] Illegal string offset 'id' /Applications/MAMP/htdocs/jiayi/Application/Runtime/Cache/Home/3d94c45611784ff755f5e4678bd2a1e2.php 第 55 行.
NOTIC: [8] Uninitialized string offset: 0 /Applications/MAMP/htdocs/jiayi/Application/Runtime/Cache/Home/3d94c45611784ff755f5e4678bd2a1e2.php 第 55 行.
NOTIC: [2] Illegal string offset 'title' /Applications/MAMP/htdocs/jiayi/Application/Runtime/Cache/Home/3d94c45611784ff755f5e4678bd2a1e2.php 第 56 行.
NOTIC: [8] Uninitialized string offset: 0 /Applications/MAMP/htdocs/jiayi/Application/Runtime/Cache/Home/3d94c45611784ff755f5e4678bd2a1e2.php 第 56 行.
NOTIC: [2] Illegal string offset 'type' /Applications/MAMP/htdocs/jiayi/Application/Runtime/Cache/Home/3d94c45611784ff755f5e4678bd2a1e2.php 第 57 行.
NOTIC: [8] Uninitialized string offset: 0 /Applications/MAMP/htdocs/jiayi/Application/Runtime/Cache/Home/3d94c45611784ff755f5e4678bd2a1e2.php 第 57 行.
NOTIC: [2] Illegal string offset 'time' /Applications/MAMP/htdocs/jiayi/Application/Runtime/Cache/Home/3d94c45611784ff755f5e4678bd2a1e2.php 第 58 行.
NOTIC: [8] Uninitialized string offset: 0 /Applications/MAMP/htdocs/jiayi/Application/Runtime/Cache/Home/3d94c45611784ff755f5e4678bd2a1e2.php 第 58 行.
NOTIC: [2] date() expects parameter 2 to be long, string given /Applications/MAMP/htdocs/jiayi/Application/Runtime/Cache/Home/3d94c45611784ff755f5e4678bd2a1e2.php 第 58 行.
INFO: Run Behavior\ParseTemplateBehavior [ RunTime:0.010132s ]
INFO: [ view_parse ] --END-- [ RunTime:0.010209s ]
INFO: [ view_filter ] --START--
INFO: Run Behavior\WriteHtmlCacheBehavior [ RunTime:0.000162s ]
INFO: [ view_filter ] --END-- [ RunTime:0.000226s ]
INFO: [ app_end ] --START--
INFO: Run Behavior\ShowPageTraceBehavior [ RunTime:0.000541s ]
INFO: [ app_end ] --END-- [ RunTime:0.000615s ]

[ 2014-03-30T22:28:34+08:00 ] ::1 /jiayi/index.php/Home/admin/articlelist.html
INFO: [ app_init ] --START--
INFO: Run Behavior\BuildLiteBehavior [ RunTime:0.000027s ]
INFO: [ app_init ] --END-- [ RunTime:0.000879s ]
INFO: [ app_begin ] --START--
INFO: Run Behavior\ReadHtmlCacheBehavior [ RunTime:0.001164s ]
INFO: [ app_begin ] --END-- [ RunTime:0.001271s ]
NOTIC: [8192] mysql_connect(): The mysql extension is deprecated and will be removed in the future: use mysqli or PDO instead /Applications/MAMP/htdocs/jiayi/ThinkPHP/Library/Think/Db/Driver/Mysql.class.php 第 52 行.
SQL: SHOW COLUMNS FROM `articlelist` [ RunTime:0.001510s ]
SQL: SELECT `id`,`title`,`type`,`time` FROM `articlelist` ORDER BY time  [ RunTime:0.000402s ]
INFO: [ view_parse ] --START--
INFO: [ template_filter ] --START--
INFO: Run Behavior\ContentReplaceBehavior [ RunTime:0.000121s ]
INFO: [ template_filter ] --END-- [ RunTime:0.000366s ]
INFO: Run Behavior\ParseTemplateBehavior [ RunTime:0.017169s ]
INFO: [ view_parse ] --END-- [ RunTime:0.017363s ]
INFO: [ view_filter ] --START--
INFO: Run Behavior\WriteHtmlCacheBehavior [ RunTime:0.000677s ]
INFO: [ view_filter ] --END-- [ RunTime:0.000787s ]
INFO: [ app_end ] --START--
INFO: Run Behavior\ShowPageTraceBehavior [ RunTime:0.001243s ]
INFO: [ app_end ] --END-- [ RunTime:0.001383s ]

[ 2014-03-30T22:28:42+08:00 ] ::1 /jiayi/index.php/Home/Admin/article/id/1000010
INFO: [ app_init ] --START--
INFO: Run Behavior\BuildLiteBehavior [ RunTime:0.000019s ]
INFO: [ app_init ] --END-- [ RunTime:0.000568s ]
INFO: [ app_begin ] --START--
INFO: Run Behavior\ReadHtmlCacheBehavior [ RunTime:0.000660s ]
INFO: [ app_begin ] --END-- [ RunTime:0.000743s ]
NOTIC: [8192] mysql_connect(): The mysql extension is deprecated and will be removed in the future: use mysqli or PDO instead /Applications/MAMP/htdocs/jiayi/ThinkPHP/Library/Think/Db/Driver/Mysql.class.php 第 52 行.
SQL: SHOW COLUMNS FROM `articlelist` [ RunTime:0.000997s ]
SQL: SELECT * FROM `articlelist` WHERE ( id='1000010' ) LIMIT 1   [ RunTime:0.000269s ]
INFO: [ view_parse ] --START--
INFO: [ template_filter ] --START--
INFO: Run Behavior\ContentReplaceBehavior [ RunTime:0.000065s ]
INFO: [ template_filter ] --END-- [ RunTime:0.000158s ]
INFO: Run Behavior\ParseTemplateBehavior [ RunTime:0.011835s ]
INFO: [ view_parse ] --END-- [ RunTime:0.011933s ]
INFO: [ view_filter ] --START--
INFO: Run Behavior\WriteHtmlCacheBehavior [ RunTime:0.000170s ]
INFO: [ view_filter ] --END-- [ RunTime:0.000228s ]
INFO: [ app_end ] --START--
INFO: Run Behavior\ShowPageTraceBehavior [ RunTime:0.000641s ]
INFO: [ app_end ] --END-- [ RunTime:0.000710s ]

[ 2014-03-30T22:32:40+08:00 ] ::1 /jiayi/index.php/Home/admin/articlelist.html
INFO: [ app_init ] --START--
INFO: Run Behavior\BuildLiteBehavior [ RunTime:0.000036s ]
INFO: [ app_init ] --END-- [ RunTime:0.001108s ]
INFO: [ app_begin ] --START--
INFO: Run Behavior\ReadHtmlCacheBehavior [ RunTime:0.001062s ]
INFO: [ app_begin ] --END-- [ RunTime:0.001167s ]
NOTIC: [8192] mysql_connect(): The mysql extension is deprecated and will be removed in the future: use mysqli or PDO instead /Applications/MAMP/htdocs/jiayi/ThinkPHP/Library/Think/Db/Driver/Mysql.class.php 第 52 行.
SQL: SHOW COLUMNS FROM `articlelist` [ RunTime:0.002395s ]
SQL: SELECT `id`,`title`,`type`,`time` FROM `articlelist` ORDER BY time  [ RunTime:0.000468s ]
INFO: [ view_parse ] --START--
INFO: [ template_filter ] --START--
INFO: Run Behavior\ContentReplaceBehavior [ RunTime:0.000170s ]
INFO: [ template_filter ] --END-- [ RunTime:0.000365s ]
INFO: Run Behavior\ParseTemplateBehavior [ RunTime:0.021474s ]
INFO: [ view_parse ] --END-- [ RunTime:0.021633s ]
INFO: [ view_filter ] --START--
INFO: Run Behavior\WriteHtmlCacheBehavior [ RunTime:0.000482s ]
INFO: [ view_filter ] --END-- [ RunTime:0.000567s ]
INFO: [ app_end ] --START--
INFO: Run Behavior\ShowPageTraceBehavior [ RunTime:0.001176s ]
INFO: [ app_end ] --END-- [ RunTime:0.001274s ]

[ 2014-03-30T22:33:01+08:00 ] ::1 /jiayi/index.php/Home/admin/articlelist.html
INFO: [ app_init ] --START--
INFO: Run Behavior\BuildLiteBehavior [ RunTime:0.000038s ]
INFO: [ app_init ] --END-- [ RunTime:0.001559s ]
INFO: [ app_begin ] --START--
INFO: Run Behavior\ReadHtmlCacheBehavior [ RunTime:0.001125s ]
INFO: [ app_begin ] --END-- [ RunTime:0.001242s ]
NOTIC: [8192] mysql_connect(): The mysql extension is deprecated and will be removed in the future: use mysqli or PDO instead /Applications/MAMP/htdocs/jiayi/ThinkPHP/Library/Think/Db/Driver/Mysql.class.php 第 52 行.
SQL: SHOW COLUMNS FROM `articlelist` [ RunTime:0.001676s ]
SQL: SELECT `id`,`title`,`type`,`time` FROM `articlelist` ORDER BY time  [ RunTime:0.000392s ]
INFO: [ view_parse ] --START--
INFO: [ template_filter ] --START--
INFO: Run Behavior\ContentReplaceBehavior [ RunTime:0.000098s ]
INFO: [ template_filter ] --END-- [ RunTime:0.000226s ]
INFO: Run Behavior\ParseTemplateBehavior [ RunTime:0.023173s ]
INFO: [ view_parse ] --END-- [ RunTime:0.023392s ]
INFO: [ view_filter ] --START--
INFO: Run Behavior\WriteHtmlCacheBehavior [ RunTime:0.000991s ]
INFO: [ view_filter ] --END-- [ RunTime:0.001169s ]
INFO: [ app_end ] --START--
INFO: Run Behavior\ShowPageTraceBehavior [ RunTime:0.001564s ]
INFO: [ app_end ] --END-- [ RunTime:0.001692s ]

[ 2014-03-30T22:33:11+08:00 ] ::1 /jiayi/index.php/Home/admin/articlelist.html
INFO: [ app_init ] --START--
INFO: Run Behavior\BuildLiteBehavior [ RunTime:0.000037s ]
INFO: [ app_init ] --END-- [ RunTime:0.001020s ]
INFO: [ app_begin ] --START--
INFO: Run Behavior\ReadHtmlCacheBehavior [ RunTime:0.001268s ]
INFO: [ app_begin ] --END-- [ RunTime:0.001451s ]
NOTIC: [8192] mysql_connect(): The mysql extension is deprecated and will be removed in the future: use mysqli or PDO instead /Applications/MAMP/htdocs/jiayi/ThinkPHP/Library/Think/Db/Driver/Mysql.class.php 第 52 行.
SQL: SHOW COLUMNS FROM `articlelist` [ RunTime:0.001392s ]
SQL: SELECT `id`,`title`,`type`,`time` FROM `articlelist` ORDER BY time  [ RunTime:0.000316s ]
INFO: [ view_parse ] --START--
INFO: [ template_filter ] --START--
INFO: Run Behavior\ContentReplaceBehavior [ RunTime:0.000064s ]
INFO: [ template_filter ] --END-- [ RunTime:0.000175s ]
INFO: Run Behavior\ParseTemplateBehavior [ RunTime:0.015359s ]
INFO: [ view_parse ] --END-- [ RunTime:0.015497s ]
INFO: [ view_filter ] --START--
INFO: Run Behavior\WriteHtmlCacheBehavior [ RunTime:0.000192s ]
INFO: [ view_filter ] --END-- [ RunTime:0.000258s ]
INFO: [ app_end ] --START--
INFO: Run Behavior\ShowPageTraceBehavior [ RunTime:0.000740s ]
INFO: [ app_end ] --END-- [ RunTime:0.000811s ]

[ 2014-03-30T22:40:03+08:00 ] ::1 /jiayi/index.php/Home/admin/articlelist.html
INFO: [ app_init ] --START--
INFO: Run Behavior\BuildLiteBehavior [ RunTime:0.000029s ]
INFO: [ app_init ] --END-- [ RunTime:0.001179s ]
INFO: [ app_begin ] --START--
INFO: Run Behavior\ReadHtmlCacheBehavior [ RunTime:0.001507s ]
INFO: [ app_begin ] --END-- [ RunTime:0.001655s ]
NOTIC: [8192] mysql_connect(): The mysql extension is deprecated and will be removed in the future: use mysqli or PDO instead /Applications/MAMP/htdocs/jiayi/ThinkPHP/Library/Think/Db/Driver/Mysql.class.php 第 52 行.
SQL: SHOW COLUMNS FROM `articlelist` [ RunTime:0.003878s ]
SQL: SELECT `id`,`title`,`type`,`time` FROM `articlelist` ORDER BY time  [ RunTime:0.000599s ]
INFO: [ view_parse ] --START--
INFO: [ template_filter ] --START--
INFO: Run Behavior\ContentReplaceBehavior [ RunTime:0.000083s ]
INFO: [ template_filter ] --END-- [ RunTime:0.000175s ]
INFO: Run Behavior\ParseTemplateBehavior [ RunTime:0.018290s ]
INFO: [ view_parse ] --END-- [ RunTime:0.018461s ]
INFO: [ view_filter ] --START--
INFO: Run Behavior\WriteHtmlCacheBehavior [ RunTime:0.000644s ]
INFO: [ view_filter ] --END-- [ RunTime:0.000746s ]
INFO: [ app_end ] --START--
INFO: Run Behavior\ShowPageTraceBehavior [ RunTime:0.001697s ]
INFO: [ app_end ] --END-- [ RunTime:0.001850s ]

[ 2014-03-30T22:43:05+08:00 ] ::1 /jiayi/index.php/Home/admin/articlelist.html
INFO: [ app_init ] --START--
INFO: Run Behavior\BuildLiteBehavior [ RunTime:0.000032s ]
INFO: [ app_init ] --END-- [ RunTime:0.001258s ]
INFO: [ app_begin ] --START--
INFO: Run Behavior\ReadHtmlCacheBehavior [ RunTime:0.001257s ]
INFO: [ app_begin ] --END-- [ RunTime:0.001374s ]
NOTIC: [8192] mysql_connect(): The mysql extension is deprecated and will be removed in the future: use mysqli or PDO instead /Applications/MAMP/htdocs/jiayi/ThinkPHP/Library/Think/Db/Driver/Mysql.class.php 第 52 行.
SQL: SHOW COLUMNS FROM `articlelist` [ RunTime:0.003147s ]
SQL: SELECT `id`,`title`,`type`,`time` FROM `articlelist` ORDER BY time  [ RunTime:0.000632s ]
INFO: [ view_parse ] --START--
INFO: [ template_filter ] --START--
INFO: Run Behavior\ContentReplaceBehavior [ RunTime:0.000106s ]
INFO: [ template_filter ] --END-- [ RunTime:0.000241s ]
INFO: Run Behavior\ParseTemplateBehavior [ RunTime:0.019867s ]
INFO: [ view_parse ] --END-- [ RunTime:0.020049s ]
INFO: [ view_filter ] --START--
INFO: Run Behavior\WriteHtmlCacheBehavior [ RunTime:0.000694s ]
INFO: [ view_filter ] --END-- [ RunTime:0.000811s ]
INFO: [ app_end ] --START--
INFO: Run Behavior\ShowPageTraceBehavior [ RunTime:0.001390s ]
INFO: [ app_end ] --END-- [ RunTime:0.001496s ]

[ 2014-03-30T22:47:24+08:00 ] ::1 /jiayi/index.php/Home/admin/articlelist.html
INFO: [ app_init ] --START--
INFO: Run Behavior\BuildLiteBehavior [ RunTime:0.000039s ]
INFO: [ app_init ] --END-- [ RunTime:0.001209s ]
INFO: [ app_begin ] --START--
INFO: Run Behavior\ReadHtmlCacheBehavior [ RunTime:0.001577s ]
INFO: [ app_begin ] --END-- [ RunTime:0.001749s ]
NOTIC: [8192] mysql_connect(): The mysql extension is deprecated and will be removed in the future: use mysqli or PDO instead /Applications/MAMP/htdocs/jiayi/ThinkPHP/Library/Think/Db/Driver/Mysql.class.php 第 52 行.
SQL: SHOW COLUMNS FROM `articlelist` [ RunTime:0.003490s ]
SQL: SELECT `id`,`title`,`type`,`time` FROM `articlelist` ORDER BY time  [ RunTime:0.000575s ]
INFO: [ view_parse ] --START--
INFO: [ template_filter ] --START--
INFO: Run Behavior\ContentReplaceBehavior [ RunTime:0.000086s ]
INFO: [ template_filter ] --END-- [ RunTime:0.000188s ]
INFO: Run Behavior\ParseTemplateBehavior [ RunTime:0.019422s ]
INFO: [ view_parse ] --END-- [ RunTime:0.019588s ]
INFO: [ view_filter ] --START--
INFO: Run Behavior\WriteHtmlCacheBehavior [ RunTime:0.000623s ]
INFO: [ view_filter ] --END-- [ RunTime:0.000749s ]
INFO: [ app_end ] --START--
INFO: Run Behavior\ShowPageTraceBehavior [ RunTime:0.001921s ]
INFO: [ app_end ] --END-- [ RunTime:0.002036s ]

[ 2014-03-30T22:47:27+08:00 ] ::1 /jiayi/index.php/Home/Admin/articledel
INFO: [ app_init ] --START--
INFO: Run Behavior\BuildLiteBehavior [ RunTime:0.000019s ]
INFO: [ app_init ] --END-- [ RunTime:0.000446s ]
INFO: [ app_begin ] --START--
INFO: Run Behavior\ReadHtmlCacheBehavior [ RunTime:0.000518s ]
INFO: [ app_begin ] --END-- [ RunTime:0.000578s ]
NOTIC: [8192] mysql_connect(): The mysql extension is deprecated and will be removed in the future: use mysqli or PDO instead /Applications/MAMP/htdocs/jiayi/ThinkPHP/Library/Think/Db/Driver/Mysql.class.php 第 52 行.
SQL: SHOW COLUMNS FROM `articlelist` [ RunTime:0.001282s ]
SQL: DELETE FROM `articlelist` WHERE ( id='1000010' ) [ RunTime:0.010302s ]
INFO: [ app_end ] --START--
INFO: Run Behavior\ShowPageTraceBehavior [ RunTime:0.001072s ]
INFO: [ app_end ] --END-- [ RunTime:0.001217s ]

[ 2014-03-30T22:47:36+08:00 ] ::1 /jiayi/index.php/Home/admin/articlelist.html
INFO: [ app_init ] --START--
INFO: Run Behavior\BuildLiteBehavior [ RunTime:0.000019s ]
INFO: [ app_init ] --END-- [ RunTime:0.000550s ]
INFO: [ app_begin ] --START--
INFO: Run Behavior\ReadHtmlCacheBehavior [ RunTime:0.000760s ]
INFO: [ app_begin ] --END-- [ RunTime:0.000891s ]
NOTIC: [8192] mysql_connect(): The mysql extension is deprecated and will be removed in the future: use mysqli or PDO instead /Applications/MAMP/htdocs/jiayi/ThinkPHP/Library/Think/Db/Driver/Mysql.class.php 第 52 行.
SQL: SHOW COLUMNS FROM `articlelist` [ RunTime:0.009365s ]
SQL: SELECT `id`,`title`,`type`,`time` FROM `articlelist` ORDER BY time  [ RunTime:0.000442s ]
INFO: [ view_parse ] --START--
INFO: [ template_filter ] --START--
INFO: Run Behavior\ContentReplaceBehavior [ RunTime:0.000174s ]
INFO: [ template_filter ] --END-- [ RunTime:0.000409s ]
INFO: Run Behavior\ParseTemplateBehavior [ RunTime:0.018532s ]
INFO: [ view_parse ] --END-- [ RunTime:0.018676s ]
INFO: [ view_filter ] --START--
INFO: Run Behavior\WriteHtmlCacheBehavior [ RunTime:0.000166s ]
INFO: [ view_filter ] --END-- [ RunTime:0.000231s ]
INFO: [ app_end ] --START--
INFO: Run Behavior\ShowPageTraceBehavior [ RunTime:0.000797s ]
INFO: [ app_end ] --END-- [ RunTime:0.000883s ]

